#
# A fatal error has been detected by the Java Runtime Environment:
#
#  EXCEPTION_ACCESS_VIOLATION (0xc0000005) at pc=0x000001a0b9acce59, pid=9648, tid=8880
#
# JRE version: OpenJDK Runtime Environment (11.0.8+10) (build 11.0.8+10-b944.6842174)
# Java VM: OpenJDK 64-Bit Server VM (11.0.8+10-b944.6842174, mixed mode, tiered, compressed oops, g1 gc, windows-amd64)
# Problematic frame:
# j  org.gradle.internal.service.scopes.VirtualFileSystemServices$BuildSessionServices.createFileSystemAccess(Lorg/gradle/internal/hash/FileHasher;Lorg/gradle/internal/event/ListenerManager;Lorg/gradle/internal/file/Stat;Lorg/gradle/api/internal/cache/StringInterner;Lorg/gradle/internal/vfs/VirtualFileSystem;Lorg/gradle/internal/vfs/FileSystemAccess$WriteListener;)Lorg/gradle/internal/vfs/FileSystemAccess;+27
#
# No core dump will be written. Minidumps are not enabled by default on client versions of Windows
#
# If you would like to submit a bug report, please visit:
#   https://bugreport.java.com/bugreport/crash.jsp
#

---------------  S U M M A R Y ------------

Command Line: --add-opens=java.base/java.util=ALL-UNNAMED --add-opens=java.base/java.lang=ALL-UNNAMED --add-opens=java.base/java.lang.invoke=ALL-UNNAMED --add-opens=java.prefs/java.util.prefs=ALL-UNNAMED -Xmx2048m -Dfile.encoding=UTF-8 -Duser.country=RU -Duser.language=ru -Duser.variant org.gradle.launcher.daemon.bootstrap.GradleDaemon 6.7.1

Host: Intel(R) Pentium(R) Gold G5420 CPU @ 3.80GHz, 4 cores, 5G,  Windows 10 , 64 bit Build 19041 (10.0.19041.1202)
Time: Thu Oct  7 08:40:44 2021 Пакистан (зима) elapsed time: 438 seconds (0d 0h 7m 18s)

---------------  T H R E A D  ---------------

Current thread (0x000001a0d5946800):  JavaThread "Daemon worker Thread 2" [_thread_in_Java, id=8880, stack(0x0000009c93d00000,0x0000009c93e00000)]

Stack: [0x0000009c93d00000,0x0000009c93e00000],  sp=0x0000009c93dfc798,  free space=1009k
Native frames: (J=compiled Java code, j=interpreted, Vv=VM code, C=native code)
C  0x000001a0b9acce59


siginfo: EXCEPTION_ACCESS_VIOLATION (0xc0000005), reading address 0xffffffffffffffff


Register to memory mapping:

RIP=0x000001a0b9acce59 is at code_begin+697 in an Interpreter codelet
invokespecial  183 invokespecial  [0x000001a0b9accba0, 0x000001a0b9acce60]  704 bytes
RAX=0x0 is NULL
RBX={method} {0x000001a0d3f12760} '
[error occurred during error reporting (printing register info), id 0xc0000005, EXCEPTION_ACCESS_VIOLATION (0xc0000005) at pc=0x00007ffe382764a1]

Registers:
RAX=0x0000000000000000, RBX=0x000001a0d3f12758, RCX=0x0000000088048f98, RDX=0x000001a0b9ab9d43
RSP=0x0000009c93dfc798, RBP=0x0000009c93dfc808, RSI=0x0000000000000000, RDI=0x0000000088048f98
R8 =0x000001a0c8ef01e1, R9 =0x0000000088048f20, R10=0x00007ffe385d2bf0, R11=0x000000000000000f
R12=0x0000000000000000, R13=0x0000009c93dfc7a0, R14=0x0000009c93dfc850, R15=0x000001a0d5946800
RIP=0x000001a0b9acce59, EFLAGS=0x0000000000010246

Top of Stack: (sp=0x0000009c93dfc798)
0x0000009c93dfc798:   000001a0b9ab9d43 000000008803c1f8
0x0000009c93dfc7a8:   0000000088048f98 0000000088048f98
0x0000009c93dfc7b8:   00000000880022b8 0000009c93dfc7c0
0x0000009c93dfc7c8:   000001a0d3c5fcd3 0000009c93dfc850
0x0000009c93dfc7d8:   000001a0d3c80a68 0000000000000000
0x0000009c93dfc7e8:   0000000080cf23c0 000001a0d3c5fd58
0x0000009c93dfc7f8:   0000009c93dfc7a0 0000009c93dfc820
0x0000009c93dfc808:   0000009c93dfca30 000001a0b9ab0c98
0x0000009c93dfc818:   000000008803c1f8 0000000080f2bba0
0x0000009c93dfc828:   0000000080f2b900 0000000080f2bc88
0x0000009c93dfc838:   0000000080c4a420 00000000880022b8
0x0000009c93dfc848:   000000008803c1e0 0000000088000ab0
0x0000009c93dfc858:   0000000000000000 0000000000000000
0x0000009c93dfc868:   0000000000000000 0000000000000000
0x0000009c93dfc878:   0000000000000000 0000000000000000
0x0000009c93dfc888:   0000000000000000 0000000000000000 

Instructions: (pc=0x000001a0b9acce59)
0x000001a0b9accd59:   75 0a 48 81 48 08 01 00 00 00 eb 4d 45 8b 6d 08
0x000001a0b9accd69:   49 c1 e5 03 4c 33 68 08 49 f7 c5 fc ff ff ff 74
0x000001a0b9accd79:   38 49 f7 c5 02 00 00 00 75 2f 48 81 78 08 00 00
0x000001a0b9accd89:   00 00 74 21 48 81 78 08 01 00 00 00 74 17 4c 33
0x000001a0b9accd99:   68 08 49 f7 c5 fc ff ff ff 74 0e 48 81 48 08 02
0x000001a0b9accda9:   00 00 00 eb 04 4c 89 68 08 48 83 c0 10 4c 8b 68
0x000001a0b9accdb9:   e8 41 83 ed 02 41 83 fd 02 0f 8c 7d 00 00 00 4c
0x000001a0b9accdc9:   8b 6b 08 45 0f b7 6d 34 4c 2b 28 41 83 ed 01 4e
0x000001a0b9accdd9:   8b 6c ec 08 4d 85 ed 75 0a 48 81 48 08 01 00 00
0x000001a0b9accde9:   00 eb 4d 45 8b 6d 08 49 c1 e5 03 4c 33 68 08 49
0x000001a0b9accdf9:   f7 c5 fc ff ff ff 74 38 49 f7 c5 02 00 00 00 75
0x000001a0b9acce09:   2f 48 81 78 08 00 00 00 00 74 21 48 81 78 08 01
0x000001a0b9acce19:   00 00 00 74 17 4c 33 68 08 49 f7 c5 fc ff ff ff
0x000001a0b9acce29:   74 0e 48 81 48 08 02 00 00 00 eb 04 4c 89 68 08
0x000001a0b9acce39:   48 83 c0 10 4c 8b 68 d8 41 83 ed 04 41 c1 e5 03
0x000001a0b9acce49:   49 03 c5 48 89 45 d8 4c 8d 6c 24 08 4c 89 6d f0
0x000001a0b9acce59:   ff 63 48 0f 1f 40 00 e0 02 00 00 00 00 00 00 a0
0x000001a0b9acce69:   95 3a 38 fe 7f 00 00 b8 00 00 00 00 00 00 00 00
0x000001a0b9acce79:   00 00 00 00 00 00 00 50 e9 39 00 00 00 48 83 ec
0x000001a0b9acce89:   08 f3 0f 11 04 24 e9 2b 00 00 00 48 83 ec 10 f2
0x000001a0b9acce99:   0f 11 04 24 e9 1d 00 00 00 48 83 ec 10 48 89 04
0x000001a0b9accea9:   24 49 ba 00 00 00 00 00 00 00 00 4c 89 54 24 08
0x000001a0b9acceb9:   e9 01 00 00 00 50 4c 89 6d c0 41 0f b7 55 01 48
0x000001a0b9accec9:   8b 4d d0 c1 e2 02 8b 5c d1 20 c1 eb 10 81 e3 ff
0x000001a0b9acced9:   00 00 00 81 fb b8 00 00 00 0f 84 c2 00 00 00 bb
0x000001a0b9accee9:   b8 00 00 00 e8 05 00 00 00 e9 a7 00 00 00 48 8b
0x000001a0b9accef9:   d3 48 8d 44 24 08 4c 89 6d c0 49 8b cf 49 89 af
0x000001a0b9accf09:   30 03 00 00 49 89 87 20 03 00 00 48 83 ec 20 f7
0x000001a0b9accf19:   c4 0f 00 00 00 0f 84 1a 00 00 00 48 83 ec 08 49
0x000001a0b9accf29:   ba 40 bb f3 37 fe 7f 00 00 41 ff d2 48 83 c4 08
0x000001a0b9accf39:   e9 0d 00 00 00 49 ba 40 bb f3 37 fe 7f 00 00 41
0x000001a0b9accf49:   ff d2 48 83 c4 20 49 ba 00 00 00 00 00 00 00 00 


Stack slot to memory mapping:
stack at sp + 0 slots: 0x000001a0b9ab9d43 is at code_begin+2307 in an Interpreter codelet
invoke return entry points  [0x000001a0b9ab9440, 0x000001a0b9ab9e20]  2528 bytes
stack at sp + 1 slots: 0x000000008803c1f8 is an oop: org.gradle.internal.vfs.impl.DefaultFileSystemAccess 
{0x000000008803c1f8} - klass: 'org/gradle/internal/vfs/impl/DefaultFileSystemAccess'
stack at sp + 2 slots: 0x0000000088048f98 is an oop: org.gradle.internal.service.scopes.VirtualFileSystemServices$DefaultExcludesBuildListener 
{0x0000000088048f98} - klass: 'org/gradle/internal/service/scopes/VirtualFileSystemServices$DefaultExcludesBuildListener'
stack at sp + 3 slots: 0x0000000088048f98 is an oop: org.gradle.internal.service.scopes.VirtualFileSystemServices$DefaultExcludesBuildListener 
{0x0000000088048f98} - klass: 'org/gradle/internal/service/scopes/VirtualFileSystemServices$DefaultExcludesBuildListener'
stack at sp + 4 slots: 0x00000000880022b8 is an oop: org.gradle.internal.event.DefaultListenerManager 
{0x00000000880022b8} - klass: 'org/gradle/internal/event/DefaultListenerManager'
stack at sp + 5 slots: 0x0000009c93dfc7c0 is pointing into the stack for thread: 0x000001a0d5946800
stack at sp + 6 slots: 0x000001a0d3c5fcd3 is pointing into metadata
stack at sp + 7 slots: 0x0000009c93dfc850 is pointing into the stack for thread: 0x000001a0d5946800

invokespecial  183 invokespecial  [0x000001a0b9accba0, 0x000001a0b9acce60]  704 bytes

---------------  P R O C E S S  ---------------

Threads class SMR info:
_java_thread_list=0x000001a0d5b40e00, length=27, elements={
0x000001a0b612e800, 0x000001a0cfb70800, 0x000001a0cfb73800, 0x000001a0cfb8c000,
0x000001a0cfb90800, 0x000001a0cfb92800, 0x000001a0d0555000, 0x000001a0d055a800,
0x000001a0d064e000, 0x000001a0d065f800, 0x000001a0d2413800, 0x000001a0d28b8000,
0x000001a0d1f3b800, 0x000001a0d2711800, 0x000001a0d2711000, 0x000001a0d2712800,
0x000001a0d2710000, 0x000001a0d5943800, 0x000001a0d4fd1000, 0x000001a0d5942800,
0x000001a0d5945000, 0x000001a0d5940000, 0x000001a0d5946800, 0x000001a0d5944000,
0x000001a0d5941800, 0x000001a0d5941000, 0x000001a0d594a000
}

Java Threads: ( => current thread )
  0x000001a0b612e800 JavaThread "main" [_thread_blocked, id=9820, stack(0x0000009c92c00000,0x0000009c92d00000)]
  0x000001a0cfb70800 JavaThread "Reference Handler" daemon [_thread_blocked, id=2372, stack(0x0000009c93300000,0x0000009c93400000)]
  0x000001a0cfb73800 JavaThread "Finalizer" daemon [_thread_blocked, id=9688, stack(0x0000009c93400000,0x0000009c93500000)]
  0x000001a0cfb8c000 JavaThread "Signal Dispatcher" daemon [_thread_blocked, id=1160, stack(0x0000009c93500000,0x0000009c93600000)]
  0x000001a0cfb90800 JavaThread "Attach Listener" daemon [_thread_blocked, id=8052, stack(0x0000009c93600000,0x0000009c93700000)]
  0x000001a0cfb92800 JavaThread "C2 CompilerThread0" daemon [_thread_blocked, id=8436, stack(0x0000009c93700000,0x0000009c93800000)]
  0x000001a0d0555000 JavaThread "C1 CompilerThread0" daemon [_thread_blocked, id=4380, stack(0x0000009c93800000,0x0000009c93900000)]
  0x000001a0d055a800 JavaThread "Sweeper thread" daemon [_thread_blocked, id=2764, stack(0x0000009c93900000,0x0000009c93a00000)]
  0x000001a0d064e000 JavaThread "Common-Cleaner" daemon [_thread_blocked, id=8548, stack(0x0000009c93a00000,0x0000009c93b00000)]
  0x000001a0d065f800 JavaThread "Service Thread" daemon [_thread_blocked, id=8336, stack(0x0000009c93b00000,0x0000009c93c00000)]
  0x000001a0d2413800 JavaThread "Daemon health stats" [_thread_blocked, id=2116, stack(0x0000009c93f00000,0x0000009c94000000)]
  0x000001a0d28b8000 JavaThread "Incoming local TCP Connector on port 49886" [_thread_in_native, id=4828, stack(0x0000009c94200000,0x0000009c94300000)]
  0x000001a0d1f3b800 JavaThread "Daemon periodic checks" [_thread_blocked, id=3692, stack(0x0000009c94300000,0x0000009c94400000)]
  0x000001a0d2711800 JavaThread "Cache worker for file hash cache (C:\Users\User\.gradle\caches\6.7.1\fileHashes)" [_thread_blocked, id=620, stack(0x0000009c94d00000,0x0000009c94e00000)]
  0x000001a0d2711000 JavaThread "File lock request listener" [_thread_in_native, id=2344, stack(0x0000009c94e00000,0x0000009c94f00000)]
  0x000001a0d2712800 JavaThread "Cache worker for journal cache (C:\Users\User\.gradle\caches\journal-1)" [_thread_blocked, id=5092, stack(0x0000009c94f00000,0x0000009c95000000)]
  0x000001a0d2710000 JavaThread "Cache worker for execution history cache (C:\Users\User\.gradle\caches\6.7.1\executionHistory)" [_thread_blocked, id=7700, stack(0x0000009c95400000,0x0000009c95500000)]
  0x000001a0d5943800 JavaThread "Cache worker for file content cache (C:\Users\User\.gradle\caches\6.7.1\fileContent)" [_thread_blocked, id=3080, stack(0x0000009c95600000,0x0000009c95700000)]
  0x000001a0d4fd1000 JavaThread "Memory manager" [_thread_blocked, id=10056, stack(0x0000009c9d600000,0x0000009c9d700000)]
  0x000001a0d5942800 JavaThread "Daemon Thread 2" [_thread_blocked, id=1100, stack(0x0000009c92900000,0x0000009c92a00000)]
  0x000001a0d5945000 JavaThread "Handler for socket connection from /127.0.0.1:49886 to /127.0.0.1:59059" [_thread_in_native, id=2920, stack(0x0000009c92a00000,0x0000009c92b00000)]
  0x000001a0d5940000 JavaThread "Cancel handler" [_thread_blocked, id=6624, stack(0x0000009c92b00000,0x0000009c92c00000)]
=>0x000001a0d5946800 JavaThread "Daemon worker Thread 2" [_thread_in_Java, id=8880, stack(0x0000009c93d00000,0x0000009c93e00000)]
  0x000001a0d5944000 JavaThread "Asynchronous log dispatcher for DefaultDaemonConnection: socket connection from /127.0.0.1:49886 to /127.0.0.1:59059" [_thread_blocked, id=9528, stack(0x0000009c94000000,0x0000009c94100000)]
  0x000001a0d5941800 JavaThread "Stdin handler" [_thread_blocked, id=4588, stack(0x0000009c94100000,0x0000009c94200000)]
  0x000001a0d5941000 JavaThread "Thread-178" [_thread_blocked, id=7532, stack(0x0000009c94400000,0x0000009c94500000)]
  0x000001a0d594a000 JavaThread "Cache worker for file hash cache (C:\Users\User\AndroidStudioProjects\ApiRetrofit\.gradle\6.7.1\fileHashes)" [_thread_blocked, id=10188, stack(0x0000009c94500000,0x0000009c94600000)]

Other Threads:
  0x000001a0cfb69800 VMThread "VM Thread" [stack: 0x0000009c93200000,0x0000009c93300000] [id=7424]
  0x000001a0d0660800 WatcherThread [stack: 0x0000009c93c00000,0x0000009c93d00000] [id=5604]
  0x000001a0b6142000 GCTaskThread "GC Thread#0" [stack: 0x0000009c92d00000,0x0000009c92e00000] [id=7640]
  0x000001a0d0c46000 GCTaskThread "GC Thread#1" [stack: 0x0000009c93e00000,0x0000009c93f00000] [id=6752]
  0x000001a0d0e7d800 GCTaskThread "GC Thread#2" [stack: 0x0000009c94b00000,0x0000009c94c00000] [id=8580]
  0x000001a0d2582800 GCTaskThread "GC Thread#3" [stack: 0x0000009c94c00000,0x0000009c94d00000] [id=2052]
  0x000001a0b6173000 ConcurrentGCThread "G1 Main Marker" [stack: 0x0000009c92e00000,0x0000009c92f00000] [id=5636]
  0x000001a0b6175800 ConcurrentGCThread "G1 Conc#0" [stack: 0x0000009c92f00000,0x0000009c93000000] [id=2892]
  0x000001a0b61d7800 ConcurrentGCThread "G1 Refine#0" [stack: 0x0000009c93000000,0x0000009c93100000] [id=5616]
  0x000001a0b61d8800 ConcurrentGCThread "G1 Young RemSet Sampling" [stack: 0x0000009c93100000,0x0000009c93200000] [id=2976]

Threads with active compile tasks:

VM state:not at safepoint (normal execution)

VM Mutex/Monitor currently owned by a thread: None

Heap address: 0x0000000080000000, size: 2048 MB, Compressed Oops mode: 32-bit
Narrow klass base: 0x0000000000000000, Narrow klass shift: 3
Compressed class space size: 1073741824 Address: 0x0000000100000000

Heap:
 garbage-first heap   total 198656K, used 153844K [0x0000000080000000, 0x0000000100000000)
  region size 1024K, 72 young (73728K), 6 survivors (6144K)
 Metaspace       used 86223K, capacity 88366K, committed 88448K, reserved 1126400K
  class space    used 10861K, capacity 11579K, committed 11648K, reserved 1048576K
Heap Regions: E=young(eden), S=young(survivor), O=old, HS=humongous(starts), HC=humongous(continues), CS=collection set, F=free, A=archive, TAMS=top-at-mark-start (previous, next)
|   0|0x0000000080000000, 0x0000000080100000, 0x0000000080100000|100%| O|  |TAMS 0x0000000080100000, 0x0000000080000000| Untracked 
|   1|0x0000000080100000, 0x0000000080200000, 0x0000000080200000|100%| O|  |TAMS 0x0000000080200000, 0x0000000080100000| Untracked 
|   2|0x0000000080200000, 0x0000000080300000, 0x0000000080300000|100%| O|  |TAMS 0x0000000080300000, 0x0000000080200000| Untracked 
|   3|0x0000000080300000, 0x0000000080400000, 0x0000000080400000|100%|HS|  |TAMS 0x0000000080400000, 0x0000000080300000| Complete 
|   4|0x0000000080400000, 0x0000000080500000, 0x0000000080500000|100%|HC|  |TAMS 0x0000000080500000, 0x0000000080400000| Complete 
|   5|0x0000000080500000, 0x0000000080600000, 0x0000000080600000|100%|HC|  |TAMS 0x0000000080600000, 0x0000000080500000| Complete 
|   6|0x0000000080600000, 0x0000000080700000, 0x0000000080700000|100%| O|  |TAMS 0x0000000080700000, 0x0000000080600000| Untracked 
|   7|0x0000000080700000, 0x0000000080800000, 0x0000000080800000|100%| O|  |TAMS 0x0000000080800000, 0x0000000080700000| Untracked 
|   8|0x0000000080800000, 0x0000000080900000, 0x0000000080900000|100%| O|  |TAMS 0x0000000080900000, 0x0000000080800000| Untracked 
|   9|0x0000000080900000, 0x0000000080a00000, 0x0000000080a00000|100%| O|  |TAMS 0x0000000080a00000, 0x0000000080900000| Untracked 
|  10|0x0000000080a00000, 0x0000000080b00000, 0x0000000080b00000|100%| O|  |TAMS 0x0000000080b00000, 0x0000000080a00000| Untracked 
|  11|0x0000000080b00000, 0x0000000080c00000, 0x0000000080c00000|100%| O|  |TAMS 0x0000000080c00000, 0x0000000080b00000| Untracked 
|  12|0x0000000080c00000, 0x0000000080d00000, 0x0000000080d00000|100%| O|  |TAMS 0x0000000080d00000, 0x0000000080c00000| Untracked 
|  13|0x0000000080d00000, 0x0000000080e00000, 0x0000000080e00000|100%| O|  |TAMS 0x0000000080e00000, 0x0000000080d00000| Untracked 
|  14|0x0000000080e00000, 0x0000000080f00000, 0x0000000080f00000|100%| O|  |TAMS 0x0000000080f00000, 0x0000000080e00000| Untracked 
|  15|0x0000000080f00000, 0x0000000081000000, 0x0000000081000000|100%| O|  |TAMS 0x0000000081000000, 0x0000000080f00000| Untracked 
|  16|0x0000000081000000, 0x0000000081100000, 0x0000000081100000|100%| O|  |TAMS 0x0000000081100000, 0x0000000081000000| Untracked 
|  17|0x0000000081100000, 0x0000000081200000, 0x0000000081200000|100%| O|  |TAMS 0x0000000081200000, 0x0000000081100000| Untracked 
|  18|0x0000000081200000, 0x0000000081300000, 0x0000000081300000|100%| O|  |TAMS 0x0000000081300000, 0x0000000081200000| Untracked 
|  19|0x0000000081300000, 0x0000000081400000, 0x0000000081400000|100%| O|  |TAMS 0x0000000081400000, 0x0000000081300000| Untracked 
|  20|0x0000000081400000, 0x0000000081500000, 0x0000000081500000|100%| O|  |TAMS 0x0000000081500000, 0x0000000081400000| Untracked 
|  21|0x0000000081500000, 0x0000000081600000, 0x0000000081600000|100%|HS|  |TAMS 0x0000000081600000, 0x0000000081500000| Complete 
|  22|0x0000000081600000, 0x0000000081700000, 0x0000000081700000|100%|HS|  |TAMS 0x0000000081700000, 0x0000000081600000| Complete 
|  23|0x0000000081700000, 0x0000000081800000, 0x0000000081800000|100%|HC|  |TAMS 0x0000000081800000, 0x0000000081700000| Complete 
|  24|0x0000000081800000, 0x0000000081900000, 0x0000000081900000|100%|HC|  |TAMS 0x0000000081900000, 0x0000000081800000| Complete 
|  25|0x0000000081900000, 0x0000000081a00000, 0x0000000081a00000|100%|HS|  |TAMS 0x0000000081a00000, 0x0000000081900000| Complete 
|  26|0x0000000081a00000, 0x0000000081b00000, 0x0000000081b00000|100%|HC|  |TAMS 0x0000000081b00000, 0x0000000081a00000| Complete 
|  27|0x0000000081b00000, 0x0000000081c00000, 0x0000000081c00000|100%| O|  |TAMS 0x0000000081c00000, 0x0000000081b00000| Untracked 
|  28|0x0000000081c00000, 0x0000000081d00000, 0x0000000081d00000|100%| O|  |TAMS 0x0000000081d00000, 0x0000000081c00000| Untracked 
|  29|0x0000000081d00000, 0x0000000081e00000, 0x0000000081e00000|100%| O|  |TAMS 0x0000000081e00000, 0x0000000081d00000| Untracked 
|  30|0x0000000081e00000, 0x0000000081f00000, 0x0000000081f00000|100%| O|  |TAMS 0x0000000081f00000, 0x0000000081e00000| Untracked 
|  31|0x0000000081f00000, 0x0000000082000000, 0x0000000082000000|100%| O|  |TAMS 0x0000000082000000, 0x0000000081f00000| Untracked 
|  32|0x0000000082000000, 0x0000000082100000, 0x0000000082100000|100%| O|  |TAMS 0x0000000082100000, 0x0000000082000000| Untracked 
|  33|0x0000000082100000, 0x0000000082200000, 0x0000000082200000|100%| O|  |TAMS 0x0000000082200000, 0x0000000082100000| Untracked 
|  34|0x0000000082200000, 0x0000000082300000, 0x0000000082300000|100%| O|  |TAMS 0x0000000082300000, 0x0000000082200000| Untracked 
|  35|0x0000000082300000, 0x0000000082400000, 0x0000000082400000|100%| O|  |TAMS 0x0000000082400000, 0x0000000082300000| Untracked 
|  36|0x0000000082400000, 0x0000000082500000, 0x0000000082500000|100%| O|  |TAMS 0x0000000082500000, 0x0000000082400000| Untracked 
|  37|0x0000000082500000, 0x0000000082600000, 0x0000000082600000|100%| O|  |TAMS 0x0000000082600000, 0x0000000082500000| Untracked 
|  38|0x0000000082600000, 0x0000000082700000, 0x0000000082700000|100%| O|  |TAMS 0x0000000082700000, 0x0000000082600000| Untracked 
|  39|0x0000000082700000, 0x0000000082800000, 0x0000000082800000|100%| O|  |TAMS 0x0000000082800000, 0x0000000082700000| Untracked 
|  40|0x0000000082800000, 0x0000000082900000, 0x0000000082900000|100%| O|  |TAMS 0x0000000082900000, 0x0000000082800000| Untracked 
|  41|0x0000000082900000, 0x0000000082a00000, 0x0000000082a00000|100%| O|  |TAMS 0x0000000082a00000, 0x0000000082900000| Untracked 
|  42|0x0000000082a00000, 0x0000000082b00000, 0x0000000082b00000|100%| O|  |TAMS 0x0000000082b00000, 0x0000000082a00000| Untracked 
|  43|0x0000000082b00000, 0x0000000082c00000, 0x0000000082c00000|100%| O|  |TAMS 0x0000000082ba3a00, 0x0000000082b00000| Untracked 
|  44|0x0000000082c00000, 0x0000000082d00000, 0x0000000082d00000|100%| O|  |TAMS 0x0000000082c00000, 0x0000000082c00000| Untracked 
|  45|0x0000000082d00000, 0x0000000082e00000, 0x0000000082e00000|100%| O|  |TAMS 0x0000000082d00000, 0x0000000082d00000| Untracked 
|  46|0x0000000082e00000, 0x0000000082f00000, 0x0000000082f00000|100%| O|  |TAMS 0x0000000082e00000, 0x0000000082e00000| Untracked 
|  47|0x0000000082f00000, 0x0000000083000000, 0x0000000083000000|100%| O|  |TAMS 0x0000000082f00000, 0x0000000082f00000| Untracked 
|  48|0x0000000083000000, 0x0000000083100000, 0x0000000083100000|100%| O|  |TAMS 0x0000000083000000, 0x0000000083000000| Untracked 
|  49|0x0000000083100000, 0x0000000083200000, 0x0000000083200000|100%| O|  |TAMS 0x0000000083100000, 0x0000000083100000| Untracked 
|  50|0x0000000083200000, 0x0000000083300000, 0x0000000083300000|100%| O|  |TAMS 0x0000000083200000, 0x0000000083200000| Untracked 
|  51|0x0000000083300000, 0x0000000083400000, 0x0000000083400000|100%| O|  |TAMS 0x0000000083300000, 0x0000000083300000| Untracked 
|  52|0x0000000083400000, 0x0000000083500000, 0x0000000083500000|100%| O|  |TAMS 0x0000000083400000, 0x0000000083400000| Untracked 
|  53|0x0000000083500000, 0x0000000083600000, 0x0000000083600000|100%| O|  |TAMS 0x0000000083500000, 0x0000000083500000| Untracked 
|  54|0x0000000083600000, 0x0000000083700000, 0x0000000083700000|100%| O|  |TAMS 0x0000000083600000, 0x0000000083600000| Untracked 
|  55|0x0000000083700000, 0x0000000083800000, 0x0000000083800000|100%| O|  |TAMS 0x0000000083700000, 0x0000000083700000| Untracked 
|  56|0x0000000083800000, 0x0000000083900000, 0x0000000083900000|100%| O|  |TAMS 0x0000000083800000, 0x0000000083800000| Untracked 
|  57|0x0000000083900000, 0x0000000083a00000, 0x0000000083a00000|100%| O|  |TAMS 0x0000000083900000, 0x0000000083900000| Untracked 
|  58|0x0000000083a00000, 0x0000000083b00000, 0x0000000083b00000|100%| O|  |TAMS 0x0000000083a00000, 0x0000000083a00000| Untracked 
|  59|0x0000000083b00000, 0x0000000083c00000, 0x0000000083c00000|100%| O|  |TAMS 0x0000000083b00000, 0x0000000083b00000| Untracked 
|  60|0x0000000083c00000, 0x0000000083d00000, 0x0000000083d00000|100%| O|  |TAMS 0x0000000083c00000, 0x0000000083c00000| Untracked 
|  61|0x0000000083d00000, 0x0000000083e00000, 0x0000000083e00000|100%| O|  |TAMS 0x0000000083d00000, 0x0000000083d00000| Untracked 
|  62|0x0000000083e00000, 0x0000000083f00000, 0x0000000083f00000|100%| O|  |TAMS 0x0000000083e00000, 0x0000000083e00000| Untracked 
|  63|0x0000000083f00000, 0x0000000084000000, 0x0000000084000000|100%| O|  |TAMS 0x0000000083f00000, 0x0000000083f00000| Untracked 
|  64|0x0000000084000000, 0x0000000084100000, 0x0000000084100000|100%| O|  |TAMS 0x0000000084000000, 0x0000000084000000| Untracked 
|  65|0x0000000084100000, 0x0000000084200000, 0x0000000084200000|100%| O|  |TAMS 0x0000000084100000, 0x0000000084100000| Untracked 
|  66|0x0000000084200000, 0x0000000084300000, 0x0000000084300000|100%| O|  |TAMS 0x0000000084200000, 0x0000000084200000| Untracked 
|  67|0x0000000084300000, 0x0000000084400000, 0x0000000084400000|100%| O|  |TAMS 0x0000000084300000, 0x0000000084300000| Untracked 
|  68|0x0000000084400000, 0x0000000084500000, 0x0000000084500000|100%| O|  |TAMS 0x0000000084400000, 0x0000000084400000| Untracked 
|  69|0x0000000084500000, 0x0000000084600000, 0x0000000084600000|100%| O|  |TAMS 0x0000000084500000, 0x0000000084500000| Untracked 
|  70|0x0000000084600000, 0x0000000084700000, 0x0000000084700000|100%| O|  |TAMS 0x0000000084600000, 0x0000000084600000| Untracked 
|  71|0x0000000084700000, 0x0000000084800000, 0x0000000084800000|100%| O|  |TAMS 0x0000000084700000, 0x0000000084700000| Untracked 
|  72|0x0000000084800000, 0x0000000084900000, 0x0000000084900000|100%| O|  |TAMS 0x0000000084800000, 0x0000000084800000| Untracked 
|  73|0x0000000084900000, 0x0000000084a00000, 0x0000000084a00000|100%| O|  |TAMS 0x0000000084900000, 0x0000000084900000| Untracked 
|  74|0x0000000084a00000, 0x0000000084a9f800, 0x0000000084b00000| 62%| O|  |TAMS 0x0000000084a00000, 0x0000000084a00000| Untracked 
|  75|0x0000000084b00000, 0x0000000084c00000, 0x0000000084c00000|100%|HS|  |TAMS 0x0000000084b00000, 0x0000000084b00000| Complete 
|  76|0x0000000084c00000, 0x0000000084d00000, 0x0000000084d00000|100%|HS|  |TAMS 0x0000000084c00000, 0x0000000084c00000| Complete 
|  77|0x0000000084d00000, 0x0000000084e00000, 0x0000000084e00000|100%|HC|  |TAMS 0x0000000084d00000, 0x0000000084d00000| Complete 
|  78|0x0000000084e00000, 0x0000000084f00000, 0x0000000084f00000|100%|HS|  |TAMS 0x0000000084e00000, 0x0000000084e00000| Complete 
|  79|0x0000000084f00000, 0x0000000085000000, 0x0000000085000000|100%|HC|  |TAMS 0x0000000084f00000, 0x0000000084f00000| Complete 
|  80|0x0000000085000000, 0x0000000085100000, 0x0000000085100000|100%|HC|  |TAMS 0x0000000085000000, 0x0000000085000000| Complete 
|  81|0x0000000085100000, 0x0000000085100000, 0x0000000085200000|  0%| F|  |TAMS 0x0000000085100000, 0x0000000085100000| Untracked 
|  82|0x0000000085200000, 0x0000000085200000, 0x0000000085300000|  0%| F|  |TAMS 0x0000000085200000, 0x0000000085200000| Untracked 
|  83|0x0000000085300000, 0x0000000085300000, 0x0000000085400000|  0%| F|  |TAMS 0x0000000085300000, 0x0000000085300000| Untracked 
|  84|0x0000000085400000, 0x0000000085400000, 0x0000000085500000|  0%| F|  |TAMS 0x0000000085400000, 0x0000000085400000| Untracked 
|  85|0x0000000085500000, 0x0000000085500000, 0x0000000085600000|  0%| F|  |TAMS 0x0000000085500000, 0x0000000085500000| Untracked 
|  86|0x0000000085600000, 0x0000000085600000, 0x0000000085700000|  0%| F|  |TAMS 0x0000000085600000, 0x0000000085600000| Untracked 
|  87|0x0000000085700000, 0x0000000085700000, 0x0000000085800000|  0%| F|  |TAMS 0x0000000085700000, 0x0000000085700000| Untracked 
|  88|0x0000000085800000, 0x0000000085800000, 0x0000000085900000|  0%| F|  |TAMS 0x0000000085800000, 0x0000000085800000| Untracked 
|  89|0x0000000085900000, 0x0000000085900000, 0x0000000085a00000|  0%| F|  |TAMS 0x0000000085900000, 0x0000000085900000| Untracked 
|  90|0x0000000085a00000, 0x0000000085a00000, 0x0000000085b00000|  0%| F|  |TAMS 0x0000000085a00000, 0x0000000085a00000| Untracked 
|  91|0x0000000085b00000, 0x0000000085b00000, 0x0000000085c00000|  0%| F|  |TAMS 0x0000000085b00000, 0x0000000085b00000| Untracked 
|  92|0x0000000085c00000, 0x0000000085c00000, 0x0000000085d00000|  0%| F|  |TAMS 0x0000000085c00000, 0x0000000085c00000| Untracked 
|  93|0x0000000085d00000, 0x0000000085d00000, 0x0000000085e00000|  0%| F|  |TAMS 0x0000000085d00000, 0x0000000085d00000| Untracked 
|  94|0x0000000085e00000, 0x0000000085e00000, 0x0000000085f00000|  0%| F|  |TAMS 0x0000000085e00000, 0x0000000085e00000| Untracked 
|  95|0x0000000085f00000, 0x0000000085f00000, 0x0000000086000000|  0%| F|  |TAMS 0x0000000085f00000, 0x0000000085f00000| Untracked 
|  96|0x0000000086000000, 0x0000000086000000, 0x0000000086100000|  0%| F|  |TAMS 0x0000000086000000, 0x0000000086000000| Untracked 
|  97|0x0000000086100000, 0x0000000086100000, 0x0000000086200000|  0%| F|  |TAMS 0x0000000086100000, 0x0000000086100000| Untracked 
|  98|0x0000000086200000, 0x0000000086200000, 0x0000000086300000|  0%| F|  |TAMS 0x0000000086200000, 0x0000000086200000| Untracked 
|  99|0x0000000086300000, 0x0000000086300000, 0x0000000086400000|  0%| F|  |TAMS 0x0000000086300000, 0x0000000086300000| Untracked 
| 100|0x0000000086400000, 0x0000000086400000, 0x0000000086500000|  0%| F|  |TAMS 0x0000000086400000, 0x0000000086400000| Untracked 
| 101|0x0000000086500000, 0x0000000086500000, 0x0000000086600000|  0%| F|  |TAMS 0x0000000086500000, 0x0000000086500000| Untracked 
| 102|0x0000000086600000, 0x0000000086600000, 0x0000000086700000|  0%| F|  |TAMS 0x0000000086600000, 0x0000000086600000| Untracked 
| 103|0x0000000086700000, 0x0000000086700000, 0x0000000086800000|  0%| F|  |TAMS 0x0000000086700000, 0x0000000086700000| Untracked 
| 104|0x0000000086800000, 0x0000000086800000, 0x0000000086900000|  0%| F|  |TAMS 0x0000000086800000, 0x0000000086800000| Untracked 
| 105|0x0000000086900000, 0x0000000086900000, 0x0000000086a00000|  0%| F|  |TAMS 0x0000000086900000, 0x0000000086900000| Untracked 
| 106|0x0000000086a00000, 0x0000000086a00000, 0x0000000086b00000|  0%| F|  |TAMS 0x0000000086a00000, 0x0000000086a00000| Untracked 
| 107|0x0000000086b00000, 0x0000000086b00000, 0x0000000086c00000|  0%| F|  |TAMS 0x0000000086b00000, 0x0000000086b00000| Untracked 
| 108|0x0000000086c00000, 0x0000000086c00000, 0x0000000086d00000|  0%| F|  |TAMS 0x0000000086c00000, 0x0000000086c00000| Untracked 
| 109|0x0000000086d00000, 0x0000000086d00000, 0x0000000086e00000|  0%| F|  |TAMS 0x0000000086d00000, 0x0000000086d00000| Untracked 
| 110|0x0000000086e00000, 0x0000000086e00000, 0x0000000086f00000|  0%| F|  |TAMS 0x0000000086e00000, 0x0000000086e00000| Untracked 
| 111|0x0000000086f00000, 0x0000000086f00000, 0x0000000087000000|  0%| F|  |TAMS 0x0000000086f00000, 0x0000000086f00000| Untracked 
| 112|0x0000000087000000, 0x0000000087000000, 0x0000000087100000|  0%| F|  |TAMS 0x0000000087000000, 0x0000000087000000| Untracked 
| 113|0x0000000087100000, 0x0000000087100000, 0x0000000087200000|  0%| F|  |TAMS 0x0000000087100000, 0x0000000087100000| Untracked 
| 114|0x0000000087200000, 0x000000008729db00, 0x0000000087300000| 61%| S|CS|TAMS 0x0000000087200000, 0x0000000087200000| Complete 
| 115|0x0000000087300000, 0x0000000087400000, 0x0000000087400000|100%| S|CS|TAMS 0x0000000087300000, 0x0000000087300000| Complete 
| 116|0x0000000087400000, 0x0000000087500000, 0x0000000087500000|100%| S|CS|TAMS 0x0000000087400000, 0x0000000087400000| Complete 
| 117|0x0000000087500000, 0x0000000087600000, 0x0000000087600000|100%| S|CS|TAMS 0x0000000087500000, 0x0000000087500000| Complete 
| 118|0x0000000087600000, 0x0000000087700000, 0x0000000087700000|100%| S|CS|TAMS 0x0000000087600000, 0x0000000087600000| Complete 
| 119|0x0000000087700000, 0x0000000087800000, 0x0000000087800000|100%| S|CS|TAMS 0x0000000087700000, 0x0000000087700000| Complete 
| 120|0x0000000087800000, 0x0000000087800000, 0x0000000087900000|  0%| F|  |TAMS 0x0000000087800000, 0x0000000087800000| Untracked 
| 121|0x0000000087900000, 0x0000000087900000, 0x0000000087a00000|  0%| F|  |TAMS 0x0000000087900000, 0x0000000087900000| Untracked 
| 122|0x0000000087a00000, 0x0000000087a00000, 0x0000000087b00000|  0%| F|  |TAMS 0x0000000087a00000, 0x0000000087a00000| Untracked 
| 123|0x0000000087b00000, 0x0000000087b00000, 0x0000000087c00000|  0%| F|  |TAMS 0x0000000087b00000, 0x0000000087b00000| Untracked 
| 124|0x0000000087c00000, 0x0000000087c00000, 0x0000000087d00000|  0%| F|  |TAMS 0x0000000087c00000, 0x0000000087c00000| Untracked 
| 125|0x0000000087d00000, 0x0000000087d00000, 0x0000000087e00000|  0%| F|  |TAMS 0x0000000087d00000, 0x0000000087d00000| Untracked 
| 126|0x0000000087e00000, 0x0000000087e00000, 0x0000000087f00000|  0%| F|  |TAMS 0x0000000087e00000, 0x0000000087e00000| Untracked 
| 127|0x0000000087f00000, 0x0000000087f00000, 0x0000000088000000|  0%| F|  |TAMS 0x0000000087f00000, 0x0000000087f00000| Untracked 
| 128|0x0000000088000000, 0x000000008804e628, 0x0000000088100000| 30%| E|  |TAMS 0x0000000088000000, 0x0000000088000000| Complete 
| 129|0x0000000088100000, 0x0000000088200000, 0x0000000088200000|100%| E|CS|TAMS 0x0000000088100000, 0x0000000088100000| Complete 
| 130|0x0000000088200000, 0x0000000088300000, 0x0000000088300000|100%| E|CS|TAMS 0x0000000088200000, 0x0000000088200000| Complete 
| 131|0x0000000088300000, 0x0000000088400000, 0x0000000088400000|100%| E|CS|TAMS 0x0000000088300000, 0x0000000088300000| Complete 
| 132|0x0000000088400000, 0x0000000088500000, 0x0000000088500000|100%| E|CS|TAMS 0x0000000088400000, 0x0000000088400000| Complete 
| 133|0x0000000088500000, 0x0000000088600000, 0x0000000088600000|100%| E|CS|TAMS 0x0000000088500000, 0x0000000088500000| Complete 
| 134|0x0000000088600000, 0x0000000088700000, 0x0000000088700000|100%| E|CS|TAMS 0x0000000088600000, 0x0000000088600000| Complete 
| 135|0x0000000088700000, 0x0000000088800000, 0x0000000088800000|100%| E|CS|TAMS 0x0000000088700000, 0x0000000088700000| Complete 
| 136|0x0000000088800000, 0x0000000088900000, 0x0000000088900000|100%| E|CS|TAMS 0x0000000088800000, 0x0000000088800000| Complete 
| 137|0x0000000088900000, 0x0000000088a00000, 0x0000000088a00000|100%| E|CS|TAMS 0x0000000088900000, 0x0000000088900000| Complete 
| 138|0x0000000088a00000, 0x0000000088b00000, 0x0000000088b00000|100%| E|CS|TAMS 0x0000000088a00000, 0x0000000088a00000| Complete 
| 139|0x0000000088b00000, 0x0000000088c00000, 0x0000000088c00000|100%| E|CS|TAMS 0x0000000088b00000, 0x0000000088b00000| Complete 
| 140|0x0000000088c00000, 0x0000000088d00000, 0x0000000088d00000|100%| E|CS|TAMS 0x0000000088c00000, 0x0000000088c00000| Complete 
| 141|0x0000000088d00000, 0x0000000088e00000, 0x0000000088e00000|100%| E|CS|TAMS 0x0000000088d00000, 0x0000000088d00000| Complete 
| 142|0x0000000088e00000, 0x0000000088f00000, 0x0000000088f00000|100%| E|CS|TAMS 0x0000000088e00000, 0x0000000088e00000| Complete 
| 143|0x0000000088f00000, 0x0000000089000000, 0x0000000089000000|100%| E|CS|TAMS 0x0000000088f00000, 0x0000000088f00000| Complete 
| 144|0x0000000089000000, 0x0000000089100000, 0x0000000089100000|100%| E|CS|TAMS 0x0000000089000000, 0x0000000089000000| Complete 
| 145|0x0000000089100000, 0x0000000089200000, 0x0000000089200000|100%| E|CS|TAMS 0x0000000089100000, 0x0000000089100000| Complete 
| 146|0x0000000089200000, 0x0000000089300000, 0x0000000089300000|100%| E|CS|TAMS 0x0000000089200000, 0x0000000089200000| Complete 
| 147|0x0000000089300000, 0x00000000893fffa0, 0x0000000089400000| 99%| E|  |TAMS 0x0000000089300000, 0x0000000089300000| Complete 
| 148|0x0000000089400000, 0x0000000089500000, 0x0000000089500000|100%| E|CS|TAMS 0x0000000089400000, 0x0000000089400000| Complete 
| 149|0x0000000089500000, 0x0000000089600000, 0x0000000089600000|100%| E|CS|TAMS 0x0000000089500000, 0x0000000089500000| Complete 
| 150|0x0000000089600000, 0x0000000089700000, 0x0000000089700000|100%| E|CS|TAMS 0x0000000089600000, 0x0000000089600000| Complete 
| 151|0x0000000089700000, 0x0000000089800000, 0x0000000089800000|100%| E|CS|TAMS 0x0000000089700000, 0x0000000089700000| Complete 
| 152|0x0000000089800000, 0x0000000089900000, 0x0000000089900000|100%| E|CS|TAMS 0x0000000089800000, 0x0000000089800000| Complete 
| 153|0x0000000089900000, 0x0000000089a00000, 0x0000000089a00000|100%| E|CS|TAMS 0x0000000089900000, 0x0000000089900000| Complete 
| 154|0x0000000089a00000, 0x0000000089b00000, 0x0000000089b00000|100%| E|CS|TAMS 0x0000000089a00000, 0x0000000089a00000| Complete 
| 155|0x0000000089b00000, 0x0000000089c00000, 0x0000000089c00000|100%| E|CS|TAMS 0x0000000089b00000, 0x0000000089b00000| Complete 
| 156|0x0000000089c00000, 0x0000000089d00000, 0x0000000089d00000|100%| E|CS|TAMS 0x0000000089c00000, 0x0000000089c00000| Complete 
| 157|0x0000000089d00000, 0x0000000089e00000, 0x0000000089e00000|100%| E|CS|TAMS 0x0000000089d00000, 0x0000000089d00000| Complete 
| 158|0x0000000089e00000, 0x0000000089f00000, 0x0000000089f00000|100%| E|CS|TAMS 0x0000000089e00000, 0x0000000089e00000| Complete 
| 159|0x0000000089f00000, 0x000000008a000000, 0x000000008a000000|100%| E|CS|TAMS 0x0000000089f00000, 0x0000000089f00000| Complete 
| 160|0x000000008a000000, 0x000000008a100000, 0x000000008a100000|100%| E|CS|TAMS 0x000000008a000000, 0x000000008a000000| Complete 
| 161|0x000000008a100000, 0x000000008a200000, 0x000000008a200000|100%| E|CS|TAMS 0x000000008a100000, 0x000000008a100000| Complete 
| 162|0x000000008a200000, 0x000000008a300000, 0x000000008a300000|100%| E|CS|TAMS 0x000000008a200000, 0x000000008a200000| Complete 
| 163|0x000000008a300000, 0x000000008a400000, 0x000000008a400000|100%| E|CS|TAMS 0x000000008a300000, 0x000000008a300000| Complete 
| 164|0x000000008a400000, 0x000000008a500000, 0x000000008a500000|100%| E|CS|TAMS 0x000000008a400000, 0x000000008a400000| Complete 
| 165|0x000000008a500000, 0x000000008a600000, 0x000000008a600000|100%| E|CS|TAMS 0x000000008a500000, 0x000000008a500000| Complete 
| 166|0x000000008a600000, 0x000000008a700000, 0x000000008a700000|100%| E|CS|TAMS 0x000000008a600000, 0x000000008a600000| Complete 
| 167|0x000000008a700000, 0x000000008a800000, 0x000000008a800000|100%| E|CS|TAMS 0x000000008a700000, 0x000000008a700000| Complete 
| 168|0x000000008a800000, 0x000000008a900000, 0x000000008a900000|100%| E|CS|TAMS 0x000000008a800000, 0x000000008a800000| Complete 
| 169|0x000000008a900000, 0x000000008aa00000, 0x000000008aa00000|100%| E|CS|TAMS 0x000000008a900000, 0x000000008a900000| Complete 
| 170|0x000000008aa00000, 0x000000008ab00000, 0x000000008ab00000|100%| E|CS|TAMS 0x000000008aa00000, 0x000000008aa00000| Complete 
| 171|0x000000008ab00000, 0x000000008ac00000, 0x000000008ac00000|100%| E|CS|TAMS 0x000000008ab00000, 0x000000008ab00000| Complete 
| 172|0x000000008ac00000, 0x000000008ad00000, 0x000000008ad00000|100%| E|CS|TAMS 0x000000008ac00000, 0x000000008ac00000| Complete 
| 173|0x000000008ad00000, 0x000000008ae00000, 0x000000008ae00000|100%| E|CS|TAMS 0x000000008ad00000, 0x000000008ad00000| Complete 
| 174|0x000000008ae00000, 0x000000008af00000, 0x000000008af00000|100%| E|CS|TAMS 0x000000008ae00000, 0x000000008ae00000| Complete 
| 175|0x000000008af00000, 0x000000008b000000, 0x000000008b000000|100%| E|CS|TAMS 0x000000008af00000, 0x000000008af00000| Complete 
| 176|0x000000008b000000, 0x000000008b100000, 0x000000008b100000|100%| E|CS|TAMS 0x000000008b000000, 0x000000008b000000| Complete 
| 177|0x000000008b100000, 0x000000008b200000, 0x000000008b200000|100%| E|CS|TAMS 0x000000008b100000, 0x000000008b100000| Complete 
| 178|0x000000008b200000, 0x000000008b300000, 0x000000008b300000|100%| E|CS|TAMS 0x000000008b200000, 0x000000008b200000| Complete 
| 179|0x000000008b300000, 0x000000008b400000, 0x000000008b400000|100%| E|CS|TAMS 0x000000008b300000, 0x000000008b300000| Complete 
| 180|0x000000008b400000, 0x000000008b500000, 0x000000008b500000|100%| E|CS|TAMS 0x000000008b400000, 0x000000008b400000| Complete 
| 181|0x000000008b500000, 0x000000008b600000, 0x000000008b600000|100%| E|CS|TAMS 0x000000008b500000, 0x000000008b500000| Complete 
| 182|0x000000008b600000, 0x000000008b700000, 0x000000008b700000|100%| E|CS|TAMS 0x000000008b600000, 0x000000008b600000| Complete 
| 183|0x000000008b700000, 0x000000008b800000, 0x000000008b800000|100%| E|CS|TAMS 0x000000008b700000, 0x000000008b700000| Complete 
| 184|0x000000008b800000, 0x000000008b900000, 0x000000008b900000|100%| E|CS|TAMS 0x000000008b800000, 0x000000008b800000| Complete 
| 185|0x000000008b900000, 0x000000008ba00000, 0x000000008ba00000|100%| E|CS|TAMS 0x000000008b900000, 0x000000008b900000| Complete 
| 186|0x000000008ba00000, 0x000000008bb00000, 0x000000008bb00000|100%| E|CS|TAMS 0x000000008ba00000, 0x000000008ba00000| Complete 
| 187|0x000000008bb00000, 0x000000008bc00000, 0x000000008bc00000|100%| E|CS|TAMS 0x000000008bb00000, 0x000000008bb00000| Complete 
| 188|0x000000008bc00000, 0x000000008bd00000, 0x000000008bd00000|100%| E|CS|TAMS 0x000000008bc00000, 0x000000008bc00000| Complete 
| 189|0x000000008bd00000, 0x000000008be00000, 0x000000008be00000|100%| E|CS|TAMS 0x000000008bd00000, 0x000000008bd00000| Complete 
| 190|0x000000008be00000, 0x000000008bf00000, 0x000000008bf00000|100%| E|CS|TAMS 0x000000008be00000, 0x000000008be00000| Complete 
| 191|0x000000008bf00000, 0x000000008c000000, 0x000000008c000000|100%| E|CS|TAMS 0x000000008bf00000, 0x000000008bf00000| Complete 
| 192|0x000000008c000000, 0x000000008c100000, 0x000000008c100000|100%| E|CS|TAMS 0x000000008c000000, 0x000000008c000000| Complete 
| 193|0x000000008c100000, 0x000000008c200000, 0x000000008c200000|100%| E|CS|TAMS 0x000000008c100000, 0x000000008c100000| Complete 

Card table byte_map: [0x000001a0c8eb0000,0x000001a0c92b0000] _byte_map_base: 0x000001a0c8ab0000

Marking Bits (Prev, Next): (CMBitMap*) 0x000001a0b616a630, (CMBitMap*) 0x000001a0b616a5f8
 Prev Bits: [0x000001a0cb6b0000, 0x000001a0cd6b0000)
 Next Bits: [0x000001a0c96b0000, 0x000001a0cb6b0000)

Polling page: 0x000001a0b4120000

Metaspace:

Usage:
  Non-class:     74.99 MB capacity,    73.60 MB ( 98%) used,     1.17 MB (  2%) free+waste,   229.06 KB ( <1%) overhead. 
      Class:     11.31 MB capacity,    10.61 MB ( 94%) used,   616.15 KB (  5%) free+waste,   101.00 KB ( <1%) overhead. 
       Both:     86.29 MB capacity,    84.20 MB ( 98%) used,     1.77 MB (  2%) free+waste,   330.06 KB ( <1%) overhead. 

Virtual space:
  Non-class space:       76.00 MB reserved,      75.00 MB ( 99%) committed 
      Class space:        1.00 GB reserved,      11.38 MB (  1%) committed 
             Both:        1.07 GB reserved,      86.38 MB (  8%) committed 

Chunk freelists:
   Non-Class:  13.00 KB
       Class:  0 bytes
        Both:  13.00 KB

MaxMetaspaceSize: 17179869184.00 GB
CompressedClassSpaceSize: 1.00 GB

CodeHeap 'non-profiled nmethods': size=120064Kb used=5354Kb max_used=6085Kb free=114709Kb
 bounds [0x000001a0c1570000, 0x000001a0c1b70000, 0x000001a0c8ab0000]
CodeHeap 'profiled nmethods': size=120000Kb used=20581Kb max_used=23656Kb free=99418Kb
 bounds [0x000001a0ba040000, 0x000001a0bb760000, 0x000001a0c1570000]
CodeHeap 'non-nmethods': size=5696Kb used=2251Kb max_used=2304Kb free=3444Kb
 bounds [0x000001a0b9ab0000, 0x000001a0b9d20000, 0x000001a0ba040000]
 total_blobs=10553 nmethods=9695 adapters=770
 compilation: enabled
              stopped_count=0, restarted_count=0
 full_count=0

Compilation events (20 events):
Event: 438.692 Thread 0x000001a0d0555000 nmethod 11094 0x000001a0ba14f890 code [0x000001a0ba14fb40, 0x000001a0ba1506a8]
Event: 438.695 Thread 0x000001a0d0555000 11095       3       java.lang.ThreadLocal$ThreadLocalMap$Entry::<init> (11 bytes)
Event: 438.696 Thread 0x000001a0d0555000 nmethod 11095 0x000001a0ba149710 code [0x000001a0ba1498e0, 0x000001a0ba149c98]
Event: 438.696 Thread 0x000001a0d0555000 11096       3       java.util.logging.Logger::updateEffectiveLevel (126 bytes)
Event: 438.698 Thread 0x000001a0d0555000 nmethod 11096 0x000001a0ba157590 code [0x000001a0ba1577e0, 0x000001a0ba1582a8]
Event: 438.698 Thread 0x000001a0d0555000 11097       3       com.google.common.base.Preconditions::checkState (25 bytes)
Event: 438.699 Thread 0x000001a0d0555000 nmethod 11097 0x000001a0ba14dd90 code [0x000001a0ba14df80, 0x000001a0ba14e3b8]
Event: 438.702 Thread 0x000001a0cfb92800 nmethod 11089 0x000001a0c15e0c10 code [0x000001a0c15e0dc0, 0x000001a0c15e1588]
Event: 438.702 Thread 0x000001a0cfb92800 11092       4       java.util.HashSet::<init> (16 bytes)
Event: 438.704 Thread 0x000001a0d0555000 11099       3       org.gradle.internal.service.DefaultServiceRegistry$1::add (24 bytes)
Event: 438.705 Thread 0x000001a0cfb92800 nmethod 11092 0x000001a0c15ed610 code [0x000001a0c15ed7a0, 0x000001a0c15ed958]
Event: 438.705 Thread 0x000001a0cfb92800 11098       4       java.util.concurrent.atomic.AtomicBoolean::<init> (5 bytes)
Event: 438.705 Thread 0x000001a0d0555000 nmethod 11099 0x000001a0ba149010 code [0x000001a0ba1491e0, 0x000001a0ba149458]
Event: 438.705 Thread 0x000001a0cfb92800 nmethod 11098 0x000001a0c15cf310 code [0x000001a0c15cf4a0, 0x000001a0c15cf4f8]
Event: 438.706 Thread 0x000001a0d0555000 11100       3       org.gradle.internal.event.DefaultListenerManager$EventBroadcast::invalidateDispatchCache (9 bytes)
Event: 438.706 Thread 0x000001a0d0555000 nmethod 11100 0x000001a0ba131090 code [0x000001a0ba131260, 0x000001a0ba1313d8]
Event: 438.706 Thread 0x000001a0d0555000 11101       3       org.gradle.internal.event.DefaultListenerManager$EventBroadcast::ensureAllWithLoggerInitialized (45 bytes)
Event: 438.706 Thread 0x000001a0d0555000 nmethod 11101 0x000001a0ba14f190 code [0x000001a0ba14f380, 0x000001a0ba14f778]
Event: 438.706 Thread 0x000001a0d0555000 11102       3       org.gradle.internal.event.DefaultListenerManager$EventBroadcast::ensureAllWithoutLoggerInitialized (72 bytes)
Event: 438.708 Thread 0x000001a0d0555000 nmethod 11102 0x000001a0ba15ad90 code [0x000001a0ba15b000, 0x000001a0ba15bc78]

GC Heap History (20 events):
Event: 6.580 GC heap before
{Heap before GC invocations=12 (full 0):
 garbage-first heap   total 137216K, used 99007K [0x0000000080000000, 0x0000000100000000)
  region size 1024K, 72 young (73728K), 8 survivors (8192K)
 Metaspace       used 49801K, capacity 51047K, committed 51328K, reserved 1093632K
  class space    used 6328K, capacity 6710K, committed 6784K, reserved 1048576K
}
Event: 6.594 GC heap after
{Heap after GC invocations=13 (full 0):
 garbage-first heap   total 137216K, used 44493K [0x0000000080000000, 0x0000000100000000)
  region size 1024K, 9 young (9216K), 9 survivors (9216K)
 Metaspace       used 49801K, capacity 51047K, committed 51328K, reserved 1093632K
  class space    used 6328K, capacity 6710K, committed 6784K, reserved 1048576K
}
Event: 7.657 GC heap before
{Heap before GC invocations=13 (full 0):
 garbage-first heap   total 137216K, used 100813K [0x0000000080000000, 0x0000000100000000)
  region size 1024K, 64 young (65536K), 9 survivors (9216K)
 Metaspace       used 57172K, capacity 58571K, committed 58752K, reserved 1099776K
  class space    used 7275K, capacity 7780K, committed 7808K, reserved 1048576K
}
Event: 7.674 GC heap after
{Heap after GC invocations=14 (full 0):
 garbage-first heap   total 137216K, used 48782K [0x0000000080000000, 0x0000000100000000)
  region size 1024K, 4 young (4096K), 4 survivors (4096K)
 Metaspace       used 57172K, capacity 58571K, committed 58752K, reserved 1099776K
  class space    used 7275K, capacity 7780K, committed 7808K, reserved 1048576K
}
Event: 7.915 GC heap before
{Heap before GC invocations=14 (full 0):
 garbage-first heap   total 137216K, used 62094K [0x0000000080000000, 0x0000000100000000)
  region size 1024K, 18 young (18432K), 4 survivors (4096K)
 Metaspace       used 58581K, capacity 59999K, committed 60160K, reserved 1101824K
  class space    used 7429K, capacity 7953K, committed 8064K, reserved 1048576K
}
Event: 7.923 GC heap after
{Heap after GC invocations=15 (full 0):
 garbage-first heap   total 164864K, used 49655K [0x0000000080000000, 0x0000000100000000)
  region size 1024K, 5 young (5120K), 5 survivors (5120K)
 Metaspace       used 58581K, capacity 59999K, committed 60160K, reserved 1101824K
  class space    used 7429K, capacity 7953K, committed 8064K, reserved 1048576K
}
Event: 8.939 GC heap before
{Heap before GC invocations=16 (full 0):
 garbage-first heap   total 164864K, used 106999K [0x0000000080000000, 0x0000000100000000)
  region size 1024K, 61 young (62464K), 5 survivors (5120K)
 Metaspace       used 61932K, capacity 63534K, committed 63744K, reserved 1103872K
  class space    used 7852K, capacity 8378K, committed 8448K, reserved 1048576K
}
Event: 8.957 GC heap after
{Heap after GC invocations=17 (full 0):
 garbage-first heap   total 164864K, used 54007K [0x0000000080000000, 0x0000000100000000)
  region size 1024K, 6 young (6144K), 6 survivors (6144K)
 Metaspace       used 61932K, capacity 63534K, committed 63744K, reserved 1103872K
  class space    used 7852K, capacity 8378K, committed 8448K, reserved 1048576K
}
Event: 10.239 GC heap before
{Heap before GC invocations=17 (full 0):
 garbage-first heap   total 164864K, used 112375K [0x0000000080000000, 0x0000000100000000)
  region size 1024K, 63 young (64512K), 6 survivors (6144K)
 Metaspace       used 67661K, capacity 69173K, committed 69248K, reserved 1110016K
  class space    used 8758K, capacity 9272K, committed 9344K, reserved 1048576K
}
Event: 10.249 GC heap after
{Heap after GC invocations=18 (full 0):
 garbage-first heap   total 164864K, used 58198K [0x0000000080000000, 0x0000000100000000)
  region size 1024K, 5 young (5120K), 5 survivors (5120K)
 Metaspace       used 67661K, capacity 69173K, committed 69248K, reserved 1110016K
  class space    used 8758K, capacity 9272K, committed 9344K, reserved 1048576K
}
Event: 11.031 GC heap before
{Heap before GC invocations=18 (full 0):
 garbage-first heap   total 164864K, used 116566K [0x0000000080000000, 0x0000000100000000)
  region size 1024K, 62 young (63488K), 5 survivors (5120K)
 Metaspace       used 72758K, capacity 74424K, committed 74624K, reserved 1114112K
  class space    used 9450K, capacity 10033K, committed 10112K, reserved 1048576K
}
Event: 11.044 GC heap after
{Heap after GC invocations=19 (full 0):
 garbage-first heap   total 164864K, used 62692K [0x0000000080000000, 0x0000000100000000)
  region size 1024K, 8 young (8192K), 8 survivors (8192K)
 Metaspace       used 72758K, capacity 74424K, committed 74624K, reserved 1114112K
  class space    used 9450K, capacity 10033K, committed 10112K, reserved 1048576K
}
Event: 11.863 GC heap before
{Heap before GC invocations=19 (full 0):
 garbage-first heap   total 164864K, used 126180K [0x0000000080000000, 0x0000000100000000)
  region size 1024K, 65 young (66560K), 8 survivors (8192K)
 Metaspace       used 76927K, capacity 78664K, committed 78720K, reserved 1118208K
  class space    used 10022K, capacity 10600K, committed 10624K, reserved 1048576K
}
Event: 11.875 GC heap after
{Heap after GC invocations=20 (full 0):
 garbage-first heap   total 164864K, used 66622K [0x0000000080000000, 0x0000000100000000)
  region size 1024K, 8 young (8192K), 8 survivors (8192K)
 Metaspace       used 76927K, capacity 78664K, committed 78720K, reserved 1118208K
  class space    used 10022K, capacity 10600K, committed 10624K, reserved 1048576K
}
Event: 12.814 GC heap before
{Heap before GC invocations=20 (full 0):
 garbage-first heap   total 164864K, used 123966K [0x0000000080000000, 0x0000000100000000)
  region size 1024K, 65 young (66560K), 8 survivors (8192K)
 Metaspace       used 80876K, capacity 82841K, committed 82944K, reserved 1120256K
  class space    used 10508K, capacity 11191K, committed 11264K, reserved 1048576K
}
Event: 12.830 GC heap after
{Heap after GC invocations=21 (full 0):
 garbage-first heap   total 198656K, used 72704K [0x0000000080000000, 0x0000000100000000)
  region size 1024K, 9 young (9216K), 9 survivors (9216K)
 Metaspace       used 80876K, capacity 82841K, committed 82944K, reserved 1120256K
  class space    used 10508K, capacity 11191K, committed 11264K, reserved 1048576K
}
Event: 14.341 GC heap before
{Heap before GC invocations=21 (full 0):
 garbage-first heap   total 198656K, used 141312K [0x0000000080000000, 0x0000000100000000)
  region size 1024K, 77 young (78848K), 9 survivors (9216K)
 Metaspace       used 81572K, capacity 83608K, committed 83840K, reserved 1122304K
  class space    used 10553K, capacity 11276K, committed 11392K, reserved 1048576K
}
Event: 14.354 GC heap after
{Heap after GC invocations=22 (full 0):
 garbage-first heap   total 198656K, used 77237K [0x0000000080000000, 0x0000000100000000)
  region size 1024K, 6 young (6144K), 6 survivors (6144K)
 Metaspace       used 81572K, capacity 83608K, committed 83840K, reserved 1122304K
  class space    used 10553K, capacity 11276K, committed 11392K, reserved 1048576K
}
Event: 62.742 GC heap before
{Heap before GC invocations=22 (full 0):
 garbage-first heap   total 198656K, used 146869K [0x0000000080000000, 0x0000000100000000)
  region size 1024K, 74 young (75776K), 6 survivors (6144K)
 Metaspace       used 85769K, capacity 87969K, committed 88192K, reserved 1126400K
  class space    used 10854K, capacity 11569K, committed 11648K, reserved 1048576K
}
Event: 62.757 GC heap after
{Heap after GC invocations=23 (full 0):
 garbage-first heap   total 198656K, used 82164K [0x0000000080000000, 0x0000000100000000)
  region size 1024K, 6 young (6144K), 6 survivors (6144K)
 Metaspace       used 85769K, capacity 87969K, committed 88192K, reserved 1126400K
  class space    used 10854K, capacity 11569K, committed 11648K, reserved 1048576K
}

Deoptimization events (20 events):
Event: 63.243 Thread 0x000001a0d8e23000 Uncommon trap: trap_request=0xffffff4d fr.pc=0x000001a0c19e5718 relative=0x0000000000000238
Event: 63.243 Thread 0x000001a0d8e23000 Uncommon trap: reason=unstable_if action=reinterpret pc=0x000001a0c19e5718 method=com.google.common.collect.MapMakerInternalMap$Segment.getEntry(Ljava/lang/Object;I)Lcom/google/common/collect/MapMakerInternalMap$InternalEntry; @ 40 c2
Event: 63.243 Thread 0x000001a0d8e23000 DEOPT PACKING pc=0x000001a0c19e5718 sp=0x0000009c952fc560
Event: 63.243 Thread 0x000001a0d8e23000 DEOPT UNPACKING pc=0x000001a0b9ad68a9 sp=0x0000009c952fc518 mode 2
Event: 63.571 Thread 0x000001a0d1f28800 Uncommon trap: trap_request=0xffffffc6 fr.pc=0x000001a0c1aa288c relative=0x0000000000000b0c
Event: 63.571 Thread 0x000001a0d1f28800 Uncommon trap: reason=bimorphic_or_optimized_type_check action=maybe_recompile pc=0x000001a0c1aa288c method=com.google.common.cache.LocalCache$Segment.get(Ljava/lang/Object;I)Ljava/lang/Object; @ 44 c2
Event: 63.571 Thread 0x000001a0d1f28800 DEOPT PACKING pc=0x000001a0c1aa288c sp=0x0000009c947fcd70
Event: 63.571 Thread 0x000001a0d1f28800 DEOPT UNPACKING pc=0x000001a0b9ad68a9 sp=0x0000009c947fccc0 mode 2
Event: 63.579 Thread 0x000001a0d1f28800 Uncommon trap: trap_request=0xffffffde fr.pc=0x000001a0c1ac2ecc relative=0x0000000000000c4c
Event: 63.579 Thread 0x000001a0d1f28800 Uncommon trap: reason=class_check action=maybe_recompile pc=0x000001a0c1ac2ecc method=java.util.HashMap.removeNode(ILjava/lang/Object;Ljava/lang/Object;ZZ)Ljava/util/HashMap$Node; @ 143 c2
Event: 63.579 Thread 0x000001a0d1f28800 DEOPT PACKING pc=0x000001a0c1ac2ecc sp=0x0000009c947fbc90
Event: 63.579 Thread 0x000001a0d1f28800 DEOPT UNPACKING pc=0x000001a0b9ad68a9 sp=0x0000009c947fbc28 mode 2
Event: 63.592 Thread 0x000001a0d1f28800 Uncommon trap: trap_request=0xffffffc6 fr.pc=0x000001a0c1ac2f18 relative=0x0000000000000c98
Event: 63.592 Thread 0x000001a0d1f28800 Uncommon trap: reason=bimorphic_or_optimized_type_check action=maybe_recompile pc=0x000001a0c1ac2f18 method=java.util.HashMap.removeNode(ILjava/lang/Object;Ljava/lang/Object;ZZ)Ljava/util/HashMap$Node; @ 68 c2
Event: 63.592 Thread 0x000001a0d1f28800 DEOPT PACKING pc=0x000001a0c1ac2f18 sp=0x0000009c947fd8f0
Event: 63.592 Thread 0x000001a0d1f28800 DEOPT UNPACKING pc=0x000001a0b9ad68a9 sp=0x0000009c947fd888 mode 2
Event: 101.813 Thread 0x000001a0d1f3b800 Uncommon trap: trap_request=0xffffffc6 fr.pc=0x000001a0c1ac2d10 relative=0x0000000000000a90
Event: 101.813 Thread 0x000001a0d1f3b800 Uncommon trap: reason=bimorphic_or_optimized_type_check action=maybe_recompile pc=0x000001a0c1ac2d10 method=java.util.HashMap.removeNode(ILjava/lang/Object;Ljava/lang/Object;ZZ)Ljava/util/HashMap$Node; @ 283 c2
Event: 101.813 Thread 0x000001a0d1f3b800 DEOPT PACKING pc=0x000001a0c1ac2d10 sp=0x0000009c943fe440
Event: 101.813 Thread 0x000001a0d1f3b800 DEOPT UNPACKING pc=0x000001a0b9ad68a9 sp=0x0000009c943fe3d8 mode 2

Classes redefined (0 events):
No events

Internal exceptions (20 events):
Event: 14.419 Thread 0x000001a0d5946800 Implicit null exception at 0x000001a0c1a6f7d2 to 0x000001a0c1a6fbd8
Event: 14.420 Thread 0x000001a0d5946800 Implicit null exception at 0x000001a0c1a6df66 to 0x000001a0c1a6e704
Event: 14.420 Thread 0x000001a0d5945000 Implicit null exception at 0x000001a0c1a6f7d2 to 0x000001a0c1a6fbd8
Event: 15.081 Thread 0x000001a0d4f08000 Exception <a 'java/lang/NoSuchMethodError'{0x000000008b986600}: 'long java.lang.invoke.DirectMethodHandle$Holder.invokeStatic(java.lang.Object, java.lang.Object)'> (0x000000008b986600) thrown at [./src/hotspot/share/interpreter/linkResolver.cpp, line 773]
Event: 15.084 Thread 0x000001a0d4f08000 Exception <a 'java/lang/reflect/InvocationTargetException'{0x000000008b995800}> (0x000000008b995800) thrown at [./src/hotspot/share/runtime/reflection.cpp, line 1247]
Event: 15.105 Thread 0x000001a0d257e800 Exception <a 'java/lang/NoSuchMethodError'{0x000000008b5f7888}: <clinit>> (0x000000008b5f7888) thrown at [./src/hotspot/share/prims/jni.cpp, line 1362]
Event: 15.107 Thread 0x000001a0d257e800 Exception <a 'java/lang/NoSuchMethodError'{0x000000008b408fd8}: <clinit>> (0x000000008b408fd8) thrown at [./src/hotspot/share/prims/jni.cpp, line 1362]
Event: 15.235 Thread 0x000001a0d1f28800 Exception <a 'java/lang/NoSuchMethodError'{0x000000008b1abb40}: 'java.lang.Object java.lang.invoke.DirectMethodHandle$Holder.invokeSpecial(java.lang.Object, java.lang.Object, java.lang.Object, int, int, java.lang.Object, java.lang.Object)'> (0x000000008b1abb40) thrown at [./src/hotspot/share/interpreter/linkResolver.cpp, line 773]
Event: 15.236 Thread 0x000001a0d1f28800 Exception <a 'java/lang/NoSuchMethodError'{0x000000008b1b4ca8}: 'java.lang.Object java.lang.invoke.DirectMethodHandle$Holder.invokeStatic(java.lang.Object, java.lang.Object, java.lang.Object, int, int, java.lang.Object)'> (0x000000008b1b4ca8) thrown at [./src/hotspot/share/interpreter/linkResolver.cpp, line 773]
Event: 15.236 Thread 0x000001a0d1f28800 Exception <a 'java/lang/NoSuchMethodError'{0x000000008b1b89c8}: 'java.lang.Object java.lang.invoke.DirectMethodHandle$Holder.invokeSpecial(java.lang.Object, java.lang.Object, java.lang.Object, java.lang.Object, int, int, java.lang.Object)'> (0x000000008b1b89c8) thrown at [./src/hotspot/share/interpreter/linkResolver.cpp, line 773]
Event: 15.236 Thread 0x000001a0d1f28800 Exception <a 'java/lang/NoSuchMethodError'{0x000000008b1bbee8}: 'java.lang.Object java.lang.invoke.Invokers$Holder.linkToTargetMethod(java.lang.Object, java.lang.Object, int, int, java.lang.Object, java.lang.Object)'> (0x000000008b1bbee8) thrown at [./src/hotspot/share/interpreter/linkResolver.cpp, line 773]
Event: 15.492 Thread 0x000001a0d1f28800 Implicit null exception at 0x000001a0c1a29d67 to 0x000001a0c1a2a11c
Event: 15.518 Thread 0x000001a0d2002000 Exception <a 'java/lang/NoSuchMethodError'{0x000000008a6a67f8}: <clinit>> (0x000000008a6a67f8) thrown at [./src/hotspot/share/prims/jni.cpp, line 1362]
Event: 15.519 Thread 0x000001a0d2002000 Exception <a 'java/lang/NoSuchMethodError'{0x000000008a6b75b8}: <clinit>> (0x000000008a6b75b8) thrown at [./src/hotspot/share/prims/jni.cpp, line 1362]
Event: 15.519 Thread 0x000001a0d2002000 Exception <a 'java/lang/NoSuchMethodError'{0x000000008a6b8ca0}: <clinit>> (0x000000008a6b8ca0) thrown at [./src/hotspot/share/prims/jni.cpp, line 1362]
Event: 15.520 Thread 0x000001a0d2002000 Exception <a 'java/lang/NoSuchMethodError'{0x000000008a6cae08}: <clinit>> (0x000000008a6cae08) thrown at [./src/hotspot/share/prims/jni.cpp, line 1362]
Event: 15.521 Thread 0x000001a0d2002000 Exception <a 'java/lang/NoSuchMethodError'{0x000000008a6d6f58}: <clinit>> (0x000000008a6d6f58) thrown at [./src/hotspot/share/prims/jni.cpp, line 1362]
Event: 61.740 Thread 0x000001a0d1f28800 Implicit null exception at 0x000001a0c1a727bf to 0x000001a0c1a73140
Event: 62.674 Thread 0x000001a0d1f28800 Exception <a 'sun/nio/fs/WindowsException'{0x00000000881d0028}> (0x00000000881d0028) thrown at [./src/hotspot/share/prims/jni.cpp, line 615]
Event: 63.494 Thread 0x000001a0d8e28000 Exception <a 'java/lang/reflect/InvocationTargetException'{0x0000000088b74720}> (0x0000000088b74720) thrown at [./src/hotspot/share/runtime/reflection.cpp, line 1247]

Events (20 events):
Event: 438.677 Thread 0x000001a0d5940000 Thread added: 0x000001a0d5940000
Event: 438.677 Executing VM operation: RevokeBias
Event: 438.677 Executing VM operation: RevokeBias done
Event: 438.686 Thread 0x000001a0d5946800 Thread added: 0x000001a0d5946800
Event: 438.689 Executing VM operation: RevokeBias
Event: 438.689 Executing VM operation: RevokeBias done
Event: 438.694 Thread 0x000001a0d5944000 Thread added: 0x000001a0d5944000
Event: 438.695 Thread 0x000001a0d5941800 Thread added: 0x000001a0d5941800
Event: 438.696 Thread 0x000001a0d5941000 Thread added: 0x000001a0d5941000
Event: 438.697 Executing VM operation: RevokeBias
Event: 438.697 Executing VM operation: RevokeBias done
Event: 438.698 Executing VM operation: RevokeBias
Event: 438.698 Executing VM operation: RevokeBias done
Event: 438.702 Executing VM operation: RevokeBias
Event: 438.702 Executing VM operation: RevokeBias done
Event: 438.702 Executing VM operation: RevokeBias
Event: 438.702 Executing VM operation: RevokeBias done
Event: 438.705 Executing VM operation: RevokeBias
Event: 438.706 Executing VM operation: RevokeBias done
Event: 438.711 Thread 0x000001a0d594a000 Thread added: 0x000001a0d594a000


Dynamic libraries:
0x00007ff68f060000 - 0x00007ff68f06a000 	C:\Program Files\Android\Android Studio\jre\bin\java.exe
0x00007ffe85050000 - 0x00007ffe85245000 	C:\Windows\SYSTEM32\ntdll.dll
0x00007ffe83390000 - 0x00007ffe8344e000 	C:\Windows\System32\KERNEL32.DLL
0x00007ffe829d0000 - 0x00007ffe82c99000 	C:\Windows\System32\KERNELBASE.dll
0x00007ffe828d0000 - 0x00007ffe829d0000 	C:\Windows\System32\ucrtbase.dll
0x00007ffe7d650000 - 0x00007ffe7d667000 	C:\Program Files\Android\Android Studio\jre\bin\VCRUNTIME140.dll
0x00007ffe7d670000 - 0x00007ffe7d689000 	C:\Program Files\Android\Android Studio\jre\bin\jli.dll
0x00007ffe84e60000 - 0x00007ffe85001000 	C:\Windows\System32\USER32.dll
0x00007ffe828a0000 - 0x00007ffe828c2000 	C:\Windows\System32\win32u.dll
0x00007ffe83a40000 - 0x00007ffe83a6b000 	C:\Windows\System32\GDI32.dll
0x00007ffe82e00000 - 0x00007ffe82f0b000 	C:\Windows\System32\gdi32full.dll
0x00007ffe82770000 - 0x00007ffe8280d000 	C:\Windows\System32\msvcp_win.dll
0x00007ffe81c00000 - 0x00007ffe81e9a000 	C:\Windows\WinSxS\amd64_microsoft.windows.common-controls_6595b64144ccf1df_6.0.19041.1110_none_60b5254171f9507e\COMCTL32.dll
0x00007ffe83fd0000 - 0x00007ffe8406e000 	C:\Windows\System32\msvcrt.dll
0x00007ffe830a0000 - 0x00007ffe830d0000 	C:\Windows\System32\IMM32.DLL
0x00007ffe4e5e0000 - 0x00007ffe4e67d000 	C:\Program Files\Android\Android Studio\jre\bin\msvcp140.dll
0x00007ffe37bd0000 - 0x00007ffe3868c000 	C:\Program Files\Android\Android Studio\jre\bin\server\jvm.dll
0x00007ffe830d0000 - 0x00007ffe8317c000 	C:\Windows\System32\ADVAPI32.dll
0x00007ffe84070000 - 0x00007ffe8410b000 	C:\Windows\System32\sechost.dll
0x00007ffe84b10000 - 0x00007ffe84c3a000 	C:\Windows\System32\RPCRT4.dll
0x00007ffe84110000 - 0x00007ffe84118000 	C:\Windows\System32\PSAPI.DLL
0x00007ffe59f50000 - 0x00007ffe59f77000 	C:\Windows\SYSTEM32\WINMM.dll
0x00007ffe72e40000 - 0x00007ffe72e49000 	C:\Windows\SYSTEM32\WSOCK32.dll
0x00007ffe84c40000 - 0x00007ffe84cab000 	C:\Windows\System32\WS2_32.dll
0x00007ffe7c190000 - 0x00007ffe7c19a000 	C:\Windows\SYSTEM32\VERSION.dll
0x00007ffe80040000 - 0x00007ffe80052000 	C:\Windows\SYSTEM32\kernel.appcore.dll
0x00007ffe570e0000 - 0x00007ffe570f1000 	C:\Program Files\Android\Android Studio\jre\bin\verify.dll
0x00007ffe82090000 - 0x00007ffe82274000 	C:\Windows\SYSTEM32\DBGHELP.DLL
0x00007ffe82060000 - 0x00007ffe8208c000 	C:\Windows\SYSTEM32\dbgcore.DLL
0x00007ffe82810000 - 0x00007ffe82893000 	C:\Windows\System32\bcryptPrimitives.dll
0x00007ffe568f0000 - 0x00007ffe56919000 	C:\Program Files\Android\Android Studio\jre\bin\java.dll
0x00007ffe72e10000 - 0x00007ffe72e1b000 	C:\Program Files\Android\Android Studio\jre\bin\jimage.dll
0x00007ffe569d0000 - 0x00007ffe569e8000 	C:\Program Files\Android\Android Studio\jre\bin\zip.dll
0x00007ffe842c0000 - 0x00007ffe849ff000 	C:\Windows\System32\SHELL32.dll
0x00007ffe80240000 - 0x00007ffe809d0000 	C:\Windows\SYSTEM32\windows.storage.dll
0x00007ffe835e0000 - 0x00007ffe83935000 	C:\Windows\System32\combase.dll
0x00007ffe81940000 - 0x00007ffe8196c000 	C:\Windows\SYSTEM32\Wldp.dll
0x00007ffe84190000 - 0x00007ffe8423e000 	C:\Windows\System32\SHCORE.dll
0x00007ffe84130000 - 0x00007ffe84185000 	C:\Windows\System32\shlwapi.dll
0x00007ffe826b0000 - 0x00007ffe826cf000 	C:\Windows\SYSTEM32\profapi.dll
0x00007ffe56800000 - 0x00007ffe5681a000 	C:\Program Files\Android\Android Studio\jre\bin\net.dll
0x00007ffe72040000 - 0x00007ffe72148000 	C:\Windows\SYSTEM32\WINHTTP.dll
0x00007ffe817b0000 - 0x00007ffe8181a000 	C:\Windows\system32\mswsock.dll
0x00007ffe56640000 - 0x00007ffe56654000 	C:\Program Files\Android\Android Studio\jre\bin\nio.dll
0x00007ffe7d690000 - 0x00007ffe7d6b7000 	C:\Users\User\.gradle\native\fdc75f09e3144964f2cf3f50f0aa648679c211496f362492102eb8c894070792\windows-amd64\native-platform.dll
0x00007ffe4eba0000 - 0x00007ffe4ed36000 	C:\Users\User\.gradle\native\12488b8bf47d2d4c9fbf2f6322a914ad602e24e48041cd04a747c6da556b65c4\windows-amd64\native-platform-file-events.dll
0x00007ffe72270000 - 0x00007ffe7227a000 	C:\Program Files\Android\Android Studio\jre\bin\management.dll
0x00007ffe721d0000 - 0x00007ffe721dc000 	C:\Program Files\Android\Android Studio\jre\bin\management_ext.dll
0x00007ffe82420000 - 0x00007ffe82438000 	C:\Windows\SYSTEM32\CRYPTSP.dll
0x00007ffe81170000 - 0x00007ffe811a4000 	C:\Windows\system32\rsaenh.dll
0x00007ffe83010000 - 0x00007ffe83037000 	C:\Windows\System32\bcrypt.dll
0x00007ffe82630000 - 0x00007ffe8265e000 	C:\Windows\SYSTEM32\USERENV.dll
0x00007ffe819f0000 - 0x00007ffe819fc000 	C:\Windows\SYSTEM32\CRYPTBASE.dll
0x00007ffe814c0000 - 0x00007ffe814fb000 	C:\Windows\SYSTEM32\IPHLPAPI.DLL
0x00007ffe84120000 - 0x00007ffe84128000 	C:\Windows\System32\NSI.dll
0x00007ffe7b430000 - 0x00007ffe7b447000 	C:\Windows\SYSTEM32\dhcpcsvc6.DLL
0x00007ffe7b4f0000 - 0x00007ffe7b50d000 	C:\Windows\SYSTEM32\dhcpcsvc.DLL
0x00007ffe81500000 - 0x00007ffe815cc000 	C:\Windows\SYSTEM32\DNSAPI.dll
0x00007ffe7b650000 - 0x00007ffe7b65b000 	C:\Windows\SYSTEM32\WINNSI.DLL

dbghelp: loaded successfully - version: 4.0.5 - missing functions: none
symbol engine: initialized successfully - sym options: 0x614 - pdb path: .;C:\Program Files\Android\Android Studio\jre\bin;C:\Windows\SYSTEM32;C:\Windows\WinSxS\amd64_microsoft.windows.common-controls_6595b64144ccf1df_6.0.19041.1110_none_60b5254171f9507e;C:\Program Files\Android\Android Studio\jre\bin\server;C:\Users\User\.gradle\native\fdc75f09e3144964f2cf3f50f0aa648679c211496f362492102eb8c894070792\windows-amd64;C:\Users\User\.gradle\native\12488b8bf47d2d4c9fbf2f6322a914ad602e24e48041cd04a747c6da556b65c4\windows-amd64

VM Arguments:
jvm_args: --add-opens=java.base/java.util=ALL-UNNAMED --add-opens=java.base/java.lang=ALL-UNNAMED --add-opens=java.base/java.lang.invoke=ALL-UNNAMED --add-opens=java.prefs/java.util.prefs=ALL-UNNAMED -Xmx2048m -Dfile.encoding=UTF-8 -Duser.country=RU -Duser.language=ru -Duser.variant 
java_command: org.gradle.launcher.daemon.bootstrap.GradleDaemon 6.7.1
java_class_path (initial): C:\Users\User\.gradle\wrapper\dists\gradle-6.7.1-bin\bwlcbys1h7rz3272sye1xwiv6\gradle-6.7.1\lib\gradle-launcher-6.7.1.jar
Launcher Type: SUN_STANDARD

[Global flags]
     intx CICompilerCount                          = 3                                         {product} {ergonomic}
     uint ConcGCThreads                            = 1                                         {product} {ergonomic}
     uint G1ConcRefinementThreads                  = 4                                         {product} {ergonomic}
   size_t G1HeapRegionSize                         = 1048576                                   {product} {ergonomic}
    uintx GCDrainStackTargetSize                   = 64                                        {product} {ergonomic}
   size_t InitialHeapSize                          = 96468992                                  {product} {ergonomic}
   size_t MarkStackSize                            = 4194304                                   {product} {ergonomic}
   size_t MaxHeapSize                              = 2147483648                                {product} {command line}
   size_t MaxNewSize                               = 1287651328                                {product} {ergonomic}
   size_t MinHeapDeltaBytes                        = 1048576                                   {product} {ergonomic}
    uintx NonNMethodCodeHeapSize                   = 5830732                                {pd product} {ergonomic}
    uintx NonProfiledCodeHeapSize                  = 122913754                              {pd product} {ergonomic}
    uintx ProfiledCodeHeapSize                     = 122913754                              {pd product} {ergonomic}
    uintx ReservedCodeCacheSize                    = 251658240                              {pd product} {ergonomic}
     bool SegmentedCodeCache                       = true                                      {product} {ergonomic}
     bool UseCompressedClassPointers               = true                                 {lp64_product} {ergonomic}
     bool UseCompressedOops                        = true                                 {lp64_product} {ergonomic}
     bool UseG1GC                                  = true                                      {product} {ergonomic}
     bool UseLargePagesIndividualAllocation        = false                                  {pd product} {ergonomic}

Logging:
Log output configuration:
 #0: stdout all=warning uptime,level,tags
 #1: stderr all=off uptime,level,tags

Environment Variables:
PATH=C:\Program Files (x86)\Intel\Intel(R) Management Engine Components\iCLS\;C:\Program Files\Intel\Intel(R) Management Engine Components\iCLS\;C:\Windows\system32;C:\Windows;C:\Windows\System32\Wbem;C:\Windows\System32\WindowsPowerShell\v1.0\;C:\Windows\System32\OpenSSH\;C:\Program Files (x86)\Intel\Intel(R) Management Engine Components\DAL;C:\Program Files\Intel\Intel(R) Management Engine Components\DAL;C:\Program Files (x86)\Intel\Intel(R) Management Engine Components\IPT;C:\Program Files\Intel\Intel(R) Management Engine Components\IPT;C:\Program Files\Git\cmd;C:\Users\User\AppData\Local\Microsoft\WindowsApps;
USERNAME=User
OS=Windows_NT
PROCESSOR_IDENTIFIER=Intel64 Family 6 Model 158 Stepping 10, GenuineIntel



---------------  S Y S T E M  ---------------

OS: Windows 10 , 64 bit Build 19041 (10.0.19041.1202)
OS uptime: 0 days 0:49 hours

CPU:total 4 (initial active 4) (2 cores per cpu, 2 threads per core) family 6 model 158 stepping 10, cmov, cx8, fxsr, mmx, sse, sse2, sse3, ssse3, sse4.1, sse4.2, popcnt, aes, clmul, erms, 3dnowpref, lzcnt, ht, tsc, tscinvbit

Memory: 4k page, system-wide physical 5853M (1495M free)
TotalPageFile size 8285M (AvailPageFile size 3393M)
current process WorkingSet (physical memory assigned to process): 405M, peak: 453M
current process commit charge ("private bytes"): 433M, peak: 485M

vm_info: OpenJDK 64-Bit Server VM (11.0.8+10-b944.6842174) for windows-amd64 JRE (11.0.8+10-b944.6842174), built on Sep 19 2020 01:11:42 by "builder" with MS VC++ 14.0 (VS2015)

END.
