#
# A fatal error has been detected by the Java Runtime Environment:
#
#  EXCEPTION_ACCESS_VIOLATION (0xc0000005) at pc=0x00007ff9977c8826, pid=5476, tid=3848
#
# JRE version: OpenJDK Runtime Environment (11.0.8+10) (build 11.0.8+10-b944.6842174)
# Java VM: OpenJDK 64-Bit Server VM (11.0.8+10-b944.6842174, mixed mode, tiered, compressed oops, g1 gc, windows-amd64)
# Problematic frame:
# V  [jvm.dll+0x188826]
#
# No core dump will be written. Minidumps are not enabled by default on client versions of Windows
#
# If you would like to submit a bug report, please visit:
#   https://bugreport.java.com/bugreport/crash.jsp
#

---------------  S U M M A R Y ------------

Command Line: --add-opens=java.base/java.util=ALL-UNNAMED --add-opens=java.base/java.lang=ALL-UNNAMED --add-opens=java.base/java.lang.invoke=ALL-UNNAMED --add-opens=java.prefs/java.util.prefs=ALL-UNNAMED -Xmx2048m -Dfile.encoding=UTF-8 -Duser.country=RU -Duser.language=ru -Duser.variant org.gradle.launcher.daemon.bootstrap.GradleDaemon 6.7.1

Host: Intel(R) Pentium(R) Gold G5420 CPU @ 3.80GHz, 4 cores, 5G,  Windows 10 , 64 bit Build 19041 (10.0.19041.1202)
Time: Sat Oct 16 09:40:43 2021 Пакистан (зима) elapsed time: 1585 seconds (0d 0h 26m 25s)

---------------  T H R E A D  ---------------

Current thread (0x00000207f7f04000):  GCTaskThread "GC Thread#3" [stack: 0x0000000915300000,0x0000000915400000] [id=3848]

Stack: [0x0000000915300000,0x0000000915400000],  sp=0x00000009153ff5c8,  free space=1021k
Native frames: (J=compiled Java code, j=interpreted, Vv=VM code, C=native code)
V  [jvm.dll+0x188826]


siginfo: EXCEPTION_ACCESS_VIOLATION (0xc0000005), reading address 0x0000000001bdf3c8


Register to memory mapping:

RIP=0x00007ff9977c8826 jvm.dll
RAX=0x0000000000000002 is an unknown value
RBX=
[error occurred during error reporting (printing register info), id 0xc0000005, EXCEPTION_ACCESS_VIOLATION (0xc0000005) at pc=0x00007ff9977c8826]

Registers:
RAX=0x0000000000000002, RBX=0x0000000087d4e804, RCX=0x00000000878e1038, RDX=0x00000000878e1038
RSP=0x00000009153ff5c8, RBP=0x000000002006e0fd, RSI=0x000002078464c430, RDI=0x000002078464c430
R8 =0x00000000878e1038, R9 =0x0000000001bdf3c0, R10=0x00000000878e1038, R11=0x000002078464c5a0
R12=0x0000000000000000, R13=0x0000000000000001, R14=0x00000207dbd12ee8, R15=0x00000000878e1038
RIP=0x00007ff9977c8826, EFLAGS=0x0000000000010206

Top of Stack: (sp=0x00000009153ff5c8)
0x00000009153ff5c8:   00007ff99793c95c 0000000000000002
0x00000009153ff5d8:   000000000000000d 000002078464c430
0x00000009153ff5e8:   0000000087d4c895 00000207dbd12ee0
0x00000009153ff5f8:   00007ff997989db2 000000008464c5a0
0x00000009153ff608:   000000000000000d 0000000000000001
0x00000009153ff618:   000002078464c430 0000000000000040
0x00000009153ff628:   00000207dbd12ee8 0000000000000000
0x00000009153ff638:   000002078464c430 00000009153ff801
0x00000009153ff648:   00007ff99790e7b2 000002078464c430
0x00000009153ff658:   00007ff997947002 0000000000000096
0x00000009153ff668:   0000000087d4e804 00000207dbd12ee0
0x00000009153ff678:   00007ff99793aed5 0000000000002e32
0x00000009153ff688:   0000000000002e1c 00000009153ff801
0x00000009153ff698:   000000008844be00 00000009153ff8e8
0x00000009153ff6a8:   00000001004b62a0 0000000000000000
0x00000009153ff6b8:   00007ff997c1872f 00000009153ff760 

Instructions: (pc=0x00007ff9977c8826)
0x00007ff9977c8726:   81 00 48 d3 e0 48 03 05 5e 43 81 00 eb 04 48 8b
0x00007ff9977c8736:   43 08 81 78 08 00 00 00 c0 73 7d 48 8b 4f 38 48
0x00007ff9977c8746:   8b d3 48 8b 01 ff 50 20 84 c0 75 6c 38 05 97 cb
0x00007ff9977c8756:   85 00 74 15 8b 53 08 8b 0d 35 43 81 00 48 d3 e2
0x00007ff9977c8766:   48 03 15 23 43 81 00 eb 04 48 8b 53 08 48 8b cb
0x00007ff9977c8776:   48 89 5c 24 20 e8 a0 00 00 00 80 7f 30 00 48 63
0x00007ff9977c8786:   c8 48 89 4c 24 28 0f 28 44 24 20 74 17 0f 11 86
0x00007ff9977c8796:   90 03 00 00 48 8b 5c 24 40 48 8b 74 24 48 48 83
0x00007ff9977c87a6:   c4 30 5f c3 48 8b 07 48 8d 54 24 20 48 8b cf 66
0x00007ff9977c87b6:   0f 7f 44 24 20 ff 50 38 48 8b 5c 24 40 48 8b 74
0x00007ff9977c87c6:   24 48 48 83 c4 30 5f c3 cc cc 48 8b 49 38 48 8b
0x00007ff9977c87d6:   01 48 ff 60 28 cc cc cc cc cc 80 3d 08 cb 85 00
0x00007ff9977c87e6:   00 48 8b c1 74 1b 8b 51 08 8b 0d a3 42 81 00 48
0x00007ff9977c87f6:   d3 e2 48 8b c8 48 03 15 8e 42 81 00 e9 19 00 00
0x00007ff9977c8806:   00 48 8b 51 08 48 8b c8 e9 0d 00 00 00 cc cc cc
0x00007ff9977c8816:   cc cc cc cc cc cc cc cc cc cc 4c 8b ca 48 8b d1
0x00007ff9977c8826:   45 8b 41 08 45 85 c0 7e 0e 41 f6 c0 01 75 59 41
0x00007ff9977c8836:   c1 f8 03 41 8b c0 c3 79 4f 80 3d a9 ca 85 00 00
0x00007ff9977c8846:   b8 0c 00 00 00 b9 10 00 00 00 0f 45 c8 8b 05 4b
0x00007ff9977c8856:   8e 7f 00 ff c8 4c 63 c8 48 63 c1 41 8b c8 83 e1
0x00007ff9977c8866:   3f 48 63 14 10 41 8b c0 48 c1 f8 10 0f b6 c0 48
0x00007ff9977c8876:   d3 e2 49 8d 0c 11 49 f7 d1 48 03 c1 49 c1 e9 03
0x00007ff9977c8886:   48 c1 e8 03 41 23 c1 c3 49 8b 01 49 8b c9 48 ff
0x00007ff9977c8896:   a0 10 01 00 00 cc cc cc cc cc 48 83 ec 38 0f 10
0x00007ff9977c88a6:   02 48 8b 49 38 48 8d 54 24 20 0f 29 44 24 20 e8
0x00007ff9977c88b6:   66 f0 ff ff 48 83 c4 38 c3 cc 48 83 ec 38 0f 10
0x00007ff9977c88c6:   02 48 8b 01 48 8d 54 24 20 0f 29 44 24 20 ff 50
0x00007ff9977c88d6:   38 48 83 c4 38 c3 cc cc cc cc 48 89 5c 24 08 55
0x00007ff9977c88e6:   56 57 41 54 41 55 41 56 41 57 48 8d 6c 24 e0 48
0x00007ff9977c88f6:   81 ec 20 01 00 00 48 8b 05 ad c4 82 00 48 33 c4
0x00007ff9977c8906:   48 89 45 10 48 8b 05 0f 35 85 00 45 33 ed 4c 8b
0x00007ff9977c8916:   b5 80 00 00 00 4c 8b fa 48 8b bd 88 00 00 00 4d 


Stack slot to memory mapping:
stack at sp + 0 slots: 0x00007ff99793c95c jvm.dll
stack at sp + 1 slots: 0x0000000000000002 is an unknown value
stack at sp + 2 slots: 0x000000000000000d is an unknown value
stack at sp + 3 slots: 0x000002078464c430 points into unknown readable memory: 38 23 e5 97 f9 7f 00 00
stack at sp + 4 slots: 0x0000000087d4c895 is pointing into object: [Ljava.lang.Object; 
{0x0000000087d4c630} - klass: 'java/lang/Object'[]
 - length: 200
stack at sp + 5 slots: 0x00000207dbd12ee0 points into unknown readable memory: 32 2e 00 00 00 00 00 00
stack at sp + 6 slots: 0x00007ff997989db2 jvm.dll
stack at sp + 7 slots: 0x000000008464c5a0 is an oop: com.sun.beans.introspect.PropertyInfo 
{0x000000008464c5a0} - klass: 'com/sun/beans/introspect/PropertyInfo'


---------------  P R O C E S S  ---------------

Threads class SMR info:
_java_thread_list=0x000002078030af70, length=164, elements={
0x00000207dbcfa000, 0x00000207f5e81800, 0x00000207f5e8d000, 0x00000207f5e9f000,
0x00000207f5ea0000, 0x00000207f5ea1000, 0x00000207f5ea5000, 0x00000207f6874000,
0x00000207f695a000, 0x00000207f6965800, 0x00000207f8758800, 0x00000207f73d8000,
0x00000207f8615800, 0x00000207f7fcd000, 0x00000207f7fc9000, 0x00000207f7fce000,
0x00000207f8eb2000, 0x00000207f8eb1000, 0x00000207faaeb800, 0x00000207802dd000,
0x00000207802de800, 0x00000207f6abc800, 0x00000207f6abb800, 0x00000207f6abb000,
0x00000207fdfe0800, 0x00000207fdfe1800, 0x00000207fdfe0000, 0x00000207fdfe6800,
0x00000207fdfea800, 0x00000207fdfeb000, 0x00000207fdfec000, 0x00000207fdfed000,
0x00000207fdfe7000, 0x00000207fdfed800, 0x00000207fdfe8000, 0x00000207fdfee800,
0x00000207fdfe9000, 0x00000207fdff1000, 0x00000207fdff1800, 0x00000207fdff0000,
0x00000207fdff4000, 0x00000207fdff2800, 0x00000207fdff3800, 0x00000207fdff5000,
0x00000207fdfef800, 0x00000207fdffa000, 0x00000207fdffb800, 0x00000207fdff9000,
0x00000207fdff6000, 0x00000207f6abd000, 0x00000207f6abf000, 0x00000207f6abe000,
0x00000207f6ac8800, 0x00000207f6ac4000, 0x00000207f6ac4800, 0x00000207f6ac9800,
0x00000207f6ac6000, 0x00000207f6ac7000, 0x00000207f6ac8000, 0x00000207f6acb000,
0x00000207f6aca800, 0x00000207f6ac5800, 0x00000207f6acd800, 0x00000207f6ace800,
0x00000207f6acf000, 0x00000207f6ad0000, 0x00000207f6ad1800, 0x00000207f6acc000,
0x00000207f6ad2800, 0x00000207f6acc800, 0x00000207f6ad3800, 0x00000207f6ad5800,
0x00000207f6ad4000, 0x00000207f6ad5000, 0x00000207f6ad6800, 0x00000207f6ad1000,
0x00000207f6ad7800, 0x00000207f6ad9000, 0x00000207f6ad8000, 0x00000207f6ada000,
0x00000207f8bcf000, 0x00000207f8bcf800, 0x00000207f8bca800, 0x00000207f8bd0800,
0x00000207f8bd1000, 0x00000207f8bcc800, 0x00000207f8bcb800, 0x00000207f8bd2000,
0x00000207f8bd3000, 0x00000207f8bce000, 0x00000207f8bcd000, 0x00000207f8bd3800,
0x00000207f8bd8800, 0x00000207f8bd5800, 0x00000207f8bd9800, 0x00000207f8bd4800,
0x00000207f8bd6000, 0x00000207f8bd8000, 0x00000207faae1800, 0x00000207faade800,
0x00000207faae0000, 0x00000207faae5000, 0x00000207faae1000, 0x00000207faae2800,
0x00000207faae3800, 0x00000207faae4000, 0x00000207faadf000, 0x00000207faae6800,
0x00000207faae7800, 0x00000207faae8000, 0x00000207faae9000, 0x00000207faaea000,
0x00000207faaea800, 0x00000207faae6000, 0x00000207faaec800, 0x00000207faaed000,
0x00000207fea1f800, 0x00000207fea21800, 0x00000207fea1e000, 0x00000207fea23000,
0x00000207fea22000, 0x00000207fea20800, 0x00000207fea1d800, 0x00000207fea24000,
0x00000207fea24800, 0x00000207fea1f000, 0x00000207fea27000, 0x00000207fea28800,
0x00000207fea29800, 0x00000207fea2a800, 0x00000207fea25800, 0x00000207fea2c000,
0x00000207fea26800, 0x00000207f8eb6000, 0x00000207f8eb2800, 0x00000207f8eb3800,
0x00000207f8eb0000, 0x00000207f8eb7800, 0x00000207f8eb4800, 0x00000207f8eb8800,
0x00000207f8eba000, 0x00000207f8ebb000, 0x00000207f8eb5000, 0x00000207f8ebb800,
0x00000207f8ebc800, 0x00000207f8eb7000, 0x00000207f8ebe000, 0x00000207f8ebd800,
0x00000207f8ebf000, 0x00000207802df800, 0x00000207802e1000, 0x00000207802e0000,
0x00000207802db800, 0x00000207802e2000, 0x00000207802dd800, 0x00000207802dc000,
0x00000207fdfdd800, 0x00000207fdfe2000, 0x00000207fdfe4800, 0x00000207fdfe9800,
0x00000207fdfe4000, 0x00000207fdfe5800, 0x00000207fdff6800, 0x00000207fdffa800
}

Java Threads: ( => current thread )
  0x00000207dbcfa000 JavaThread "main" [_thread_blocked, id=2956, stack(0x0000000913300000,0x0000000913400000)]
  0x00000207f5e81800 JavaThread "Reference Handler" daemon [_thread_blocked, id=9124, stack(0x0000000913a00000,0x0000000913b00000)]
  0x00000207f5e8d000 JavaThread "Finalizer" daemon [_thread_blocked, id=3864, stack(0x0000000913b00000,0x0000000913c00000)]
  0x00000207f5e9f000 JavaThread "Signal Dispatcher" daemon [_thread_blocked, id=1768, stack(0x0000000913c00000,0x0000000913d00000)]
  0x00000207f5ea0000 JavaThread "Attach Listener" daemon [_thread_blocked, id=7128, stack(0x0000000913d00000,0x0000000913e00000)]
  0x00000207f5ea1000 JavaThread "C2 CompilerThread0" daemon [_thread_blocked, id=1752, stack(0x0000000913e00000,0x0000000913f00000)]
  0x00000207f5ea5000 JavaThread "C1 CompilerThread0" daemon [_thread_blocked, id=4472, stack(0x0000000913f00000,0x0000000914000000)]
  0x00000207f6874000 JavaThread "Sweeper thread" daemon [_thread_blocked, id=6248, stack(0x0000000914000000,0x0000000914100000)]
  0x00000207f695a000 JavaThread "Common-Cleaner" daemon [_thread_blocked, id=9068, stack(0x0000000914100000,0x0000000914200000)]
  0x00000207f6965800 JavaThread "Service Thread" daemon [_thread_blocked, id=9316, stack(0x0000000914200000,0x0000000914300000)]
  0x00000207f8758800 JavaThread "Daemon health stats" [_thread_blocked, id=9740, stack(0x0000000914600000,0x0000000914700000)]
  0x00000207f73d8000 JavaThread "Incoming local TCP Connector on port 50922" [_thread_in_native, id=10120, stack(0x0000000914900000,0x0000000914a00000)]
  0x00000207f8615800 JavaThread "Daemon periodic checks" [_thread_blocked, id=5732, stack(0x0000000914a00000,0x0000000914b00000)]
  0x00000207f7fcd000 JavaThread "Cache worker for file hash cache (C:\Users\User\.gradle\caches\6.7.1\fileHashes)" [_thread_blocked, id=5868, stack(0x0000000915400000,0x0000000915500000)]
  0x00000207f7fc9000 JavaThread "File lock request listener" [_thread_in_native, id=7664, stack(0x0000000915500000,0x0000000915600000)]
  0x00000207f7fce000 JavaThread "Cache worker for journal cache (C:\Users\User\.gradle\caches\journal-1)" [_thread_blocked, id=9268, stack(0x0000000914500000,0x0000000914600000)]
  0x00000207f8eb2000 JavaThread "Cache worker for execution history cache (C:\Users\User\.gradle\caches\6.7.1\executionHistory)" [_thread_blocked, id=7300, stack(0x0000000916200000,0x0000000916300000)]
  0x00000207f8eb1000 JavaThread "Cache worker for file content cache (C:\Users\User\.gradle\caches\6.7.1\fileContent)" [_thread_blocked, id=8728, stack(0x0000000916300000,0x0000000916400000)]
  0x00000207faaeb800 JavaThread "Memory manager" [_thread_blocked, id=7264, stack(0x000000091db00000,0x000000091dc00000)]
  0x00000207802dd000 JavaThread "RMI Scheduler(0)" daemon [_thread_blocked, id=3520, stack(0x0000000915600000,0x0000000915700000)]
  0x00000207802de800 JavaThread "RMI GC Daemon" daemon [_thread_blocked, id=8852, stack(0x000000091e500000,0x000000091e600000)]
  0x00000207f6abc800 JavaThread "RMI TCP Accept-0" daemon [_thread_in_native, id=6100, stack(0x000000091e600000,0x000000091e700000)]
  0x00000207f6abb800 JavaThread "RMI Reaper" [_thread_blocked, id=4216, stack(0x000000091e700000,0x000000091e800000)]
  0x00000207f6abb000 JavaThread "Cache worker for Java compile cache (C:\Users\User\.gradle\caches\6.7.1\javaCompile)" [_thread_blocked, id=8044, stack(0x000000091e900000,0x000000091ea00000)]
  0x00000207fdfe0800 JavaThread "ForkJoinPool.commonPool-worker-3" daemon [_thread_blocked, id=484, stack(0x000000091ee00000,0x000000091ef00000)]
  0x00000207fdfe1800 JavaThread "RMI TCP Connection(idle)" daemon [_thread_blocked, id=2232, stack(0x0000000913000000,0x0000000913100000)]
  0x00000207fdfe0000 JavaThread "Daemon Thread 5" [_thread_blocked, id=4116, stack(0x0000000913100000,0x0000000913200000)]
  0x00000207fdfe6800 JavaThread "Daemon worker Thread 5" [_thread_blocked, id=7112, stack(0x0000000914800000,0x0000000914900000)]
  0x00000207fdfea800 JavaThread "jar transforms Thread 485" [_thread_blocked, id=1268, stack(0x0000000914f00000,0x0000000915000000)]
  0x00000207fdfeb000 JavaThread "jar transforms Thread 486" [_thread_blocked, id=6884, stack(0x0000000915000000,0x0000000915100000)]
  0x00000207fdfec000 JavaThread "jar transforms Thread 487" [_thread_blocked, id=8608, stack(0x0000000915100000,0x0000000915200000)]
  0x00000207fdfed000 JavaThread "jar transforms Thread 488" [_thread_blocked, id=8584, stack(0x0000000915700000,0x0000000915800000)]
  0x00000207fdfe7000 JavaThread "jar transforms Thread 489" [_thread_blocked, id=8524, stack(0x0000000915800000,0x0000000915900000)]
  0x00000207fdfed800 JavaThread "jar transforms Thread 490" [_thread_blocked, id=7648, stack(0x0000000915900000,0x0000000915a00000)]
  0x00000207fdfe8000 JavaThread "jar transforms Thread 491" [_thread_blocked, id=4704, stack(0x0000000915a00000,0x0000000915b00000)]
  0x00000207fdfee800 JavaThread "jar transforms Thread 492" [_thread_blocked, id=6596, stack(0x0000000915b00000,0x0000000915c00000)]
  0x00000207fdfe9000 JavaThread "jar transforms Thread 493" [_thread_blocked, id=6692, stack(0x0000000915c00000,0x0000000915d00000)]
  0x00000207fdff1000 JavaThread "jar transforms Thread 494" [_thread_blocked, id=5180, stack(0x0000000915d00000,0x0000000915e00000)]
  0x00000207fdff1800 JavaThread "jar transforms Thread 495" [_thread_blocked, id=6744, stack(0x0000000915e00000,0x0000000915f00000)]
  0x00000207fdff0000 JavaThread "jar transforms Thread 496" [_thread_blocked, id=10008, stack(0x0000000915f00000,0x0000000916000000)]
  0x00000207fdff4000 JavaThread "jar transforms Thread 497" [_thread_blocked, id=4376, stack(0x0000000916000000,0x0000000916100000)]
  0x00000207fdff2800 JavaThread "jar transforms Thread 498" [_thread_blocked, id=3536, stack(0x0000000916100000,0x0000000916200000)]
  0x00000207fdff3800 JavaThread "jar transforms Thread 499" [_thread_blocked, id=1400, stack(0x0000000916400000,0x0000000916500000)]
  0x00000207fdff5000 JavaThread "jar transforms Thread 500" [_thread_blocked, id=8180, stack(0x0000000916500000,0x0000000916600000)]
  0x00000207fdfef800 JavaThread "jar transforms Thread 501" [_thread_blocked, id=4840, stack(0x0000000916600000,0x0000000916700000)]
  0x00000207fdffa000 JavaThread "jar transforms Thread 502" [_thread_blocked, id=5752, stack(0x0000000916700000,0x0000000916800000)]
  0x00000207fdffb800 JavaThread "jar transforms Thread 503" [_thread_blocked, id=1820, stack(0x0000000916800000,0x0000000916900000)]
  0x00000207fdff9000 JavaThread "jar transforms Thread 504" [_thread_blocked, id=2248, stack(0x0000000916900000,0x0000000916a00000)]
  0x00000207fdff6000 JavaThread "jar transforms Thread 505" [_thread_blocked, id=8776, stack(0x0000000916a00000,0x0000000916b00000)]
  0x00000207f6abd000 JavaThread "jar transforms Thread 506" [_thread_blocked, id=400, stack(0x0000000917400000,0x0000000917500000)]
  0x00000207f6abf000 JavaThread "jar transforms Thread 507" [_thread_blocked, id=8352, stack(0x0000000917500000,0x0000000917600000)]
  0x00000207f6abe000 JavaThread "jar transforms Thread 508" [_thread_blocked, id=8224, stack(0x0000000917600000,0x0000000917700000)]
  0x00000207f6ac8800 JavaThread "jar transforms Thread 509" [_thread_blocked, id=5656, stack(0x0000000917700000,0x0000000917800000)]
  0x00000207f6ac4000 JavaThread "jar transforms Thread 510" [_thread_blocked, id=8132, stack(0x0000000917800000,0x0000000917900000)]
  0x00000207f6ac4800 JavaThread "jar transforms Thread 511" [_thread_blocked, id=8928, stack(0x0000000917900000,0x0000000917a00000)]
  0x00000207f6ac9800 JavaThread "jar transforms Thread 512" [_thread_blocked, id=1120, stack(0x0000000917a00000,0x0000000917b00000)]
  0x00000207f6ac6000 JavaThread "jar transforms Thread 513" [_thread_blocked, id=3232, stack(0x0000000917b00000,0x0000000917c00000)]
  0x00000207f6ac7000 JavaThread "jar transforms Thread 514" [_thread_blocked, id=6384, stack(0x0000000917c00000,0x0000000917d00000)]
  0x00000207f6ac8000 JavaThread "jar transforms Thread 515" [_thread_blocked, id=9640, stack(0x0000000917d00000,0x0000000917e00000)]
  0x00000207f6acb000 JavaThread "jar transforms Thread 516" [_thread_blocked, id=7052, stack(0x0000000917e00000,0x0000000917f00000)]
  0x00000207f6aca800 JavaThread "jar transforms Thread 517" [_thread_blocked, id=9812, stack(0x0000000917f00000,0x0000000918000000)]
  0x00000207f6ac5800 JavaThread "jar transforms Thread 518" [_thread_blocked, id=1512, stack(0x0000000918000000,0x0000000918100000)]
  0x00000207f6acd800 JavaThread "jar transforms Thread 519" [_thread_blocked, id=10084, stack(0x0000000918100000,0x0000000918200000)]
  0x00000207f6ace800 JavaThread "jar transforms Thread 520" [_thread_blocked, id=1116, stack(0x0000000918200000,0x0000000918300000)]
  0x00000207f6acf000 JavaThread "jar transforms Thread 521" [_thread_blocked, id=4440, stack(0x0000000918300000,0x0000000918400000)]
  0x00000207f6ad0000 JavaThread "jar transforms Thread 522" [_thread_blocked, id=8060, stack(0x0000000918400000,0x0000000918500000)]
  0x00000207f6ad1800 JavaThread "jar transforms Thread 523" [_thread_blocked, id=9220, stack(0x0000000918500000,0x0000000918600000)]
  0x00000207f6acc000 JavaThread "jar transforms Thread 524" [_thread_blocked, id=8900, stack(0x0000000918600000,0x0000000918700000)]
  0x00000207f6ad2800 JavaThread "jar transforms Thread 525" [_thread_blocked, id=3032, stack(0x0000000918700000,0x0000000918800000)]
  0x00000207f6acc800 JavaThread "jar transforms Thread 526" [_thread_blocked, id=10004, stack(0x0000000918800000,0x0000000918900000)]
  0x00000207f6ad3800 JavaThread "jar transforms Thread 527" [_thread_blocked, id=7084, stack(0x0000000918900000,0x0000000918a00000)]
  0x00000207f6ad5800 JavaThread "jar transforms Thread 528" [_thread_blocked, id=7464, stack(0x0000000918a00000,0x0000000918b00000)]
  0x00000207f6ad4000 JavaThread "jar transforms Thread 529" [_thread_blocked, id=2256, stack(0x0000000918b00000,0x0000000918c00000)]
  0x00000207f6ad5000 JavaThread "jar transforms Thread 530" [_thread_blocked, id=3988, stack(0x0000000918c00000,0x0000000918d00000)]
  0x00000207f6ad6800 JavaThread "jar transforms Thread 531" [_thread_blocked, id=7304, stack(0x0000000918d00000,0x0000000918e00000)]
  0x00000207f6ad1000 JavaThread "jar transforms Thread 532" [_thread_blocked, id=2876, stack(0x0000000918e00000,0x0000000918f00000)]
  0x00000207f6ad7800 JavaThread "jar transforms Thread 533" [_thread_blocked, id=6812, stack(0x0000000918f00000,0x0000000919000000)]
  0x00000207f6ad9000 JavaThread "jar transforms Thread 534" [_thread_blocked, id=1552, stack(0x0000000919000000,0x0000000919100000)]
  0x00000207f6ad8000 JavaThread "jar transforms Thread 535" [_thread_blocked, id=2580, stack(0x0000000919100000,0x0000000919200000)]
  0x00000207f6ada000 JavaThread "jar transforms Thread 536" [_thread_blocked, id=9304, stack(0x0000000919200000,0x0000000919300000)]
  0x00000207f8bcf000 JavaThread "jar transforms Thread 537" [_thread_blocked, id=9960, stack(0x0000000919300000,0x0000000919400000)]
  0x00000207f8bcf800 JavaThread "jar transforms Thread 538" [_thread_blocked, id=8908, stack(0x0000000919400000,0x0000000919500000)]
  0x00000207f8bca800 JavaThread "jar transforms Thread 539" [_thread_blocked, id=4316, stack(0x0000000919500000,0x0000000919600000)]
  0x00000207f8bd0800 JavaThread "jar transforms Thread 540" [_thread_blocked, id=1172, stack(0x0000000919600000,0x0000000919700000)]
  0x00000207f8bd1000 JavaThread "jar transforms Thread 541" [_thread_blocked, id=5776, stack(0x0000000919700000,0x0000000919800000)]
  0x00000207f8bcc800 JavaThread "jar transforms Thread 542" [_thread_blocked, id=3568, stack(0x0000000919800000,0x0000000919900000)]
  0x00000207f8bcb800 JavaThread "jar transforms Thread 543" [_thread_blocked, id=3632, stack(0x0000000919900000,0x0000000919a00000)]
  0x00000207f8bd2000 JavaThread "jar transforms Thread 544" [_thread_blocked, id=4140, stack(0x0000000919a00000,0x0000000919b00000)]
  0x00000207f8bd3000 JavaThread "jar transforms Thread 545" [_thread_blocked, id=3620, stack(0x0000000919b00000,0x0000000919c00000)]
  0x00000207f8bce000 JavaThread "jar transforms Thread 546" [_thread_blocked, id=9204, stack(0x0000000919c00000,0x0000000919d00000)]
  0x00000207f8bcd000 JavaThread "jar transforms Thread 547" [_thread_blocked, id=2020, stack(0x0000000919d00000,0x0000000919e00000)]
  0x00000207f8bd3800 JavaThread "jar transforms Thread 548" [_thread_blocked, id=772, stack(0x0000000919e00000,0x0000000919f00000)]
  0x00000207f8bd8800 JavaThread "jar transforms Thread 549" [_thread_blocked, id=7564, stack(0x0000000919f00000,0x000000091a000000)]
  0x00000207f8bd5800 JavaThread "jar transforms Thread 550" [_thread_blocked, id=8412, stack(0x000000091a000000,0x000000091a100000)]
  0x00000207f8bd9800 JavaThread "jar transforms Thread 551" [_thread_blocked, id=2308, stack(0x000000091a100000,0x000000091a200000)]
  0x00000207f8bd4800 JavaThread "jar transforms Thread 552" [_thread_blocked, id=5552, stack(0x000000091a200000,0x000000091a300000)]
  0x00000207f8bd6000 JavaThread "jar transforms Thread 553" [_thread_blocked, id=6728, stack(0x000000091a300000,0x000000091a400000)]
  0x00000207f8bd8000 JavaThread "jar transforms Thread 554" [_thread_blocked, id=2768, stack(0x000000091a400000,0x000000091a500000)]
  0x00000207faae1800 JavaThread "jar transforms Thread 555" [_thread_blocked, id=5884, stack(0x000000091a500000,0x000000091a600000)]
  0x00000207faade800 JavaThread "jar transforms Thread 556" [_thread_blocked, id=7820, stack(0x000000091a600000,0x000000091a700000)]
  0x00000207faae0000 JavaThread "jar transforms Thread 557" [_thread_blocked, id=8724, stack(0x000000091a700000,0x000000091a800000)]
  0x00000207faae5000 JavaThread "jar transforms Thread 558" [_thread_blocked, id=1284, stack(0x000000091a800000,0x000000091a900000)]
  0x00000207faae1000 JavaThread "jar transforms Thread 559" [_thread_blocked, id=5008, stack(0x000000091a900000,0x000000091aa00000)]
  0x00000207faae2800 JavaThread "jar transforms Thread 560" [_thread_blocked, id=1780, stack(0x000000091aa00000,0x000000091ab00000)]
  0x00000207faae3800 JavaThread "jar transforms Thread 561" [_thread_blocked, id=7036, stack(0x000000091ab00000,0x000000091ac00000)]
  0x00000207faae4000 JavaThread "jar transforms Thread 562" [_thread_blocked, id=7744, stack(0x000000091ac00000,0x000000091ad00000)]
  0x00000207faadf000 JavaThread "jar transforms Thread 563" [_thread_blocked, id=5208, stack(0x000000091ad00000,0x000000091ae00000)]
  0x00000207faae6800 JavaThread "jar transforms Thread 564" [_thread_blocked, id=8096, stack(0x000000091ae00000,0x000000091af00000)]
  0x00000207faae7800 JavaThread "jar transforms Thread 565" [_thread_blocked, id=6592, stack(0x000000091af00000,0x000000091b000000)]
  0x00000207faae8000 JavaThread "jar transforms Thread 566" [_thread_blocked, id=3564, stack(0x000000091b000000,0x000000091b100000)]
  0x00000207faae9000 JavaThread "jar transforms Thread 567" [_thread_blocked, id=3548, stack(0x000000091b100000,0x000000091b200000)]
  0x00000207faaea000 JavaThread "jar transforms Thread 568" [_thread_blocked, id=4512, stack(0x000000091b200000,0x000000091b300000)]
  0x00000207faaea800 JavaThread "jar transforms Thread 569" [_thread_blocked, id=4400, stack(0x000000091b300000,0x000000091b400000)]
  0x00000207faae6000 JavaThread "jar transforms Thread 570" [_thread_blocked, id=2604, stack(0x000000091b400000,0x000000091b500000)]
  0x00000207faaec800 JavaThread "jar transforms Thread 571" [_thread_blocked, id=7284, stack(0x000000091b500000,0x000000091b600000)]
  0x00000207faaed000 JavaThread "jar transforms Thread 572" [_thread_blocked, id=2036, stack(0x000000091b600000,0x000000091b700000)]
  0x00000207fea1f800 JavaThread "jar transforms Thread 573" [_thread_blocked, id=2960, stack(0x000000091b700000,0x000000091b800000)]
  0x00000207fea21800 JavaThread "jar transforms Thread 574" [_thread_blocked, id=7248, stack(0x000000091b800000,0x000000091b900000)]
  0x00000207fea1e000 JavaThread "jar transforms Thread 575" [_thread_blocked, id=4888, stack(0x000000091b900000,0x000000091ba00000)]
  0x00000207fea23000 JavaThread "jar transforms Thread 576" [_thread_blocked, id=7940, stack(0x000000091ba00000,0x000000091bb00000)]
  0x00000207fea22000 JavaThread "jar transforms Thread 577" [_thread_blocked, id=6796, stack(0x000000091bb00000,0x000000091bc00000)]
  0x00000207fea20800 JavaThread "jar transforms Thread 578" [_thread_blocked, id=6888, stack(0x000000091bc00000,0x000000091bd00000)]
  0x00000207fea1d800 JavaThread "jar transforms Thread 579" [_thread_blocked, id=7680, stack(0x000000091bd00000,0x000000091be00000)]
  0x00000207fea24000 JavaThread "jar transforms Thread 580" [_thread_blocked, id=4392, stack(0x000000091be00000,0x000000091bf00000)]
  0x00000207fea24800 JavaThread "jar transforms Thread 581" [_thread_blocked, id=5844, stack(0x000000091bf00000,0x000000091c000000)]
  0x00000207fea1f000 JavaThread "jar transforms Thread 582" [_thread_blocked, id=9140, stack(0x000000091c000000,0x000000091c100000)]
  0x00000207fea27000 JavaThread "jar transforms Thread 583" [_thread_blocked, id=4364, stack(0x000000091c100000,0x000000091c200000)]
  0x00000207fea28800 JavaThread "jar transforms Thread 584" [_thread_blocked, id=7124, stack(0x000000091c200000,0x000000091c300000)]
  0x00000207fea29800 JavaThread "jar transforms Thread 585" [_thread_blocked, id=8832, stack(0x000000091c300000,0x000000091c400000)]
  0x00000207fea2a800 JavaThread "jar transforms Thread 586" [_thread_blocked, id=5688, stack(0x000000091c400000,0x000000091c500000)]
  0x00000207fea25800 JavaThread "jar transforms Thread 587" [_thread_blocked, id=3432, stack(0x000000091c500000,0x000000091c600000)]
  0x00000207fea2c000 JavaThread "jar transforms Thread 588" [_thread_blocked, id=2528, stack(0x000000091c600000,0x000000091c700000)]
  0x00000207fea26800 JavaThread "jar transforms Thread 589" [_thread_blocked, id=4956, stack(0x000000091c700000,0x000000091c800000)]
  0x00000207f8eb6000 JavaThread "jar transforms Thread 590" [_thread_blocked, id=7700, stack(0x000000091c800000,0x000000091c900000)]
  0x00000207f8eb2800 JavaThread "jar transforms Thread 591" [_thread_blocked, id=9456, stack(0x000000091c900000,0x000000091ca00000)]
  0x00000207f8eb3800 JavaThread "jar transforms Thread 592" [_thread_blocked, id=2952, stack(0x000000091ca00000,0x000000091cb00000)]
  0x00000207f8eb0000 JavaThread "jar transforms Thread 593" [_thread_blocked, id=7688, stack(0x000000091cb00000,0x000000091cc00000)]
  0x00000207f8eb7800 JavaThread "jar transforms Thread 594" [_thread_blocked, id=4804, stack(0x000000091cc00000,0x000000091cd00000)]
  0x00000207f8eb4800 JavaThread "jar transforms Thread 595" [_thread_blocked, id=7280, stack(0x000000091cd00000,0x000000091ce00000)]
  0x00000207f8eb8800 JavaThread "jar transforms Thread 596" [_thread_blocked, id=4708, stack(0x000000091ce00000,0x000000091cf00000)]
  0x00000207f8eba000 JavaThread "jar transforms Thread 597" [_thread_blocked, id=2656, stack(0x000000091cf00000,0x000000091d000000)]
  0x00000207f8ebb000 JavaThread "jar transforms Thread 598" [_thread_blocked, id=8612, stack(0x000000091d000000,0x000000091d100000)]
  0x00000207f8eb5000 JavaThread "jar transforms Thread 599" [_thread_blocked, id=6588, stack(0x000000091d100000,0x000000091d200000)]
  0x00000207f8ebb800 JavaThread "jar transforms Thread 600" [_thread_blocked, id=9932, stack(0x000000091d200000,0x000000091d300000)]
  0x00000207f8ebc800 JavaThread "jar transforms Thread 601" [_thread_blocked, id=2844, stack(0x000000091d300000,0x000000091d400000)]
  0x00000207f8eb7000 JavaThread "jar transforms Thread 602" [_thread_blocked, id=3468, stack(0x000000091d400000,0x000000091d500000)]
  0x00000207f8ebe000 JavaThread "jar transforms Thread 603" [_thread_blocked, id=2668, stack(0x000000091d500000,0x000000091d600000)]
  0x00000207f8ebd800 JavaThread "jar transforms Thread 604" [_thread_blocked, id=6852, stack(0x000000091d600000,0x000000091d700000)]
  0x00000207f8ebf000 JavaThread "jar transforms Thread 605" [_thread_blocked, id=2176, stack(0x000000091d700000,0x000000091d800000)]
  0x00000207802df800 JavaThread "Handler for socket connection from /127.0.0.1:50922 to /127.0.0.1:61069" [_thread_in_native, id=2744, stack(0x0000000913200000,0x0000000913300000)]
  0x00000207802e1000 JavaThread "Cancel handler" [_thread_blocked, id=6740, stack(0x0000000914700000,0x0000000914800000)]
  0x00000207802e0000 JavaThread "Asynchronous log dispatcher for DefaultDaemonConnection: socket connection from /127.0.0.1:50922 to /127.0.0.1:61069" [_thread_blocked, id=6332, stack(0x0000000914b00000,0x0000000914c00000)]
  0x00000207802db800 JavaThread "Stdin handler" [_thread_blocked, id=4928, stack(0x0000000914c00000,0x0000000914d00000)]
  0x00000207802e2000 JavaThread "Thread-734" [_thread_blocked, id=7316, stack(0x0000000914d00000,0x0000000914e00000)]
  0x00000207802dd800 JavaThread "Cache worker for file hash cache (C:\Users\User\AndroidStudioProjects\ApiRetrofit\.gradle\6.7.1\fileHashes)" [_thread_blocked, id=8160, stack(0x0000000914e00000,0x0000000914f00000)]
  0x00000207802dc000 JavaThread "Cache worker for checksums cache (C:\Users\User\AndroidStudioProjects\ApiRetrofit\.gradle\checksums)" [_thread_blocked, id=8284, stack(0x0000000916b00000,0x0000000916c00000)]
  0x00000207fdfdd800 JavaThread "Cache worker for cache directory md-supplier (C:\Users\User\.gradle\caches\6.7.1\md-supplier)" [_thread_blocked, id=4748, stack(0x0000000916c00000,0x0000000916d00000)]
  0x00000207fdfe2000 JavaThread "Cache worker for cache directory md-rule (C:\Users\User\.gradle\caches\6.7.1\md-rule)" [_thread_blocked, id=604, stack(0x0000000916d00000,0x0000000916e00000)]
  0x00000207fdfe4800 JavaThread "Cache worker for Build Output Cleanup Cache (C:\Users\User\AndroidStudioProjects\ApiRetrofit\.gradle\buildOutputCleanup)" [_thread_blocked, id=4632, stack(0x0000000916e00000,0x0000000916f00000)]
  0x00000207fdfe9800 JavaThread "C2 CompilerThread1" daemon [_thread_blocked, id=5612, stack(0x0000000916f00000,0x0000000917000000)]
  0x00000207fdfe4000 JavaThread "Build operations" [_thread_blocked, id=8784, stack(0x0000000917000000,0x0000000917100000)]
  0x00000207fdfe5800 JavaThread "Build operations Thread 2" [_thread_blocked, id=8216, stack(0x0000000917100000,0x0000000917200000)]
  0x00000207fdff6800 JavaThread "Build operations Thread 3" [_thread_blocked, id=1756, stack(0x0000000917200000,0x0000000917300000)]
  0x00000207fdffa800 JavaThread "Build operations Thread 4" [_thread_blocked, id=6436, stack(0x0000000917300000,0x0000000917400000)]

Other Threads:
  0x00000207f5e79000 VMThread "VM Thread" [stack: 0x0000000913900000,0x0000000913a00000] [id=9764]
  0x00000207f6967800 WatcherThread [stack: 0x0000000914300000,0x0000000914400000] [id=3036]
  0x00000207dbd11800 GCTaskThread "GC Thread#0" [stack: 0x0000000913400000,0x0000000913500000] [id=4584]
  0x00000207f6cb5000 GCTaskThread "GC Thread#1" [stack: 0x0000000914400000,0x0000000914500000] [id=4180]
  0x00000207f8676000 GCTaskThread "GC Thread#2" [stack: 0x0000000915200000,0x0000000915300000] [id=4792]
=>0x00000207f7f04000 GCTaskThread "GC Thread#3" [stack: 0x0000000915300000,0x0000000915400000] [id=3848]
  0x00000207dbd42800 ConcurrentGCThread "G1 Main Marker" [stack: 0x0000000913500000,0x0000000913600000] [id=4288]
  0x00000207dbd45000 ConcurrentGCThread "G1 Conc#0" [stack: 0x0000000913600000,0x0000000913700000] [id=5892]
  0x00000207dbda7000 ConcurrentGCThread "G1 Refine#0" [stack: 0x0000000913700000,0x0000000913800000] [id=9212]
  0x00000207dbda8000 ConcurrentGCThread "G1 Young RemSet Sampling" [stack: 0x0000000913800000,0x0000000913900000] [id=9356]

Threads with active compile tasks:
C2 CompilerThread01585938 24094       4       org.gradle.api.internal.artifacts.ivyservice.resolveengine.graph.builder.NodeState::createAndLinkEdgeState (64 bytes)
C2 CompilerThread11585938 24108   !   4       com.google.common.cache.LocalCache$Segment::put (439 bytes)

VM state:at safepoint (normal execution)

VM Mutex/Monitor currently owned by a thread:  ([mutex/lock_event])
[0x00000207dbcf7160] Threads_lock - owner thread: 0x00000207f5e79000
[0x00000207dbcf74c0] Heap_lock - owner thread: 0x00000207f7fce000

Heap address: 0x0000000080000000, size: 2048 MB, Compressed Oops mode: 32-bit
Narrow klass base: 0x0000000000000000, Narrow klass shift: 3
Compressed class space size: 1073741824 Address: 0x0000000100000000

Heap:
 garbage-first heap   total 238592K, used 161004K [0x0000000080000000, 0x0000000100000000)
  region size 1024K, 5 young (5120K), 1 survivors (1024K)
 Metaspace       used 149051K, capacity 153478K, committed 153680K, reserved 1183744K
  class space    used 18233K, capacity 19785K, committed 19840K, reserved 1048576K
Heap Regions: E=young(eden), S=young(survivor), O=old, HS=humongous(starts), HC=humongous(continues), CS=collection set, F=free, A=archive, TAMS=top-at-mark-start (previous, next)
|   0|0x0000000080000000, 0x0000000080100000, 0x0000000080100000|100%| O|  |TAMS 0x0000000080100000, 0x0000000080000000| Untracked 
|   1|0x0000000080100000, 0x0000000080200000, 0x0000000080200000|100%| O|  |TAMS 0x0000000080200000, 0x0000000080100000| Untracked 
|   2|0x0000000080200000, 0x0000000080300000, 0x0000000080300000|100%| O|  |TAMS 0x0000000080300000, 0x0000000080200000| Untracked 
|   3|0x0000000080300000, 0x0000000080400000, 0x0000000080400000|100%|HS|  |TAMS 0x0000000080400000, 0x0000000080300000| Complete 
|   4|0x0000000080400000, 0x0000000080500000, 0x0000000080500000|100%|HC|  |TAMS 0x0000000080500000, 0x0000000080400000| Complete 
|   5|0x0000000080500000, 0x0000000080600000, 0x0000000080600000|100%|HC|  |TAMS 0x0000000080600000, 0x0000000080500000| Complete 
|   6|0x0000000080600000, 0x0000000080700000, 0x0000000080700000|100%| O|  |TAMS 0x0000000080700000, 0x0000000080600000| Complete 
|   7|0x0000000080700000, 0x0000000080800000, 0x0000000080800000|100%| O|  |TAMS 0x0000000080800000, 0x0000000080700000| Untracked 
|   8|0x0000000080800000, 0x0000000080900000, 0x0000000080900000|100%| O|  |TAMS 0x0000000080900000, 0x0000000080800000| Untracked 
|   9|0x0000000080900000, 0x0000000080a00000, 0x0000000080a00000|100%| O|  |TAMS 0x0000000080a00000, 0x0000000080900000| Complete 
|  10|0x0000000080a00000, 0x0000000080b00000, 0x0000000080b00000|100%| O|  |TAMS 0x0000000080b00000, 0x0000000080a00000| Untracked 
|  11|0x0000000080b00000, 0x0000000080c00000, 0x0000000080c00000|100%| O|  |TAMS 0x0000000080c00000, 0x0000000080b00000| Complete 
|  12|0x0000000080c00000, 0x0000000080d00000, 0x0000000080d00000|100%| O|  |TAMS 0x0000000080d00000, 0x0000000080c00000| Untracked 
|  13|0x0000000080d00000, 0x0000000080e00000, 0x0000000080e00000|100%| O|  |TAMS 0x0000000080e00000, 0x0000000080d00000| Untracked 
|  14|0x0000000080e00000, 0x0000000080f00000, 0x0000000080f00000|100%| O|  |TAMS 0x0000000080f00000, 0x0000000080e00000| Untracked 
|  15|0x0000000080f00000, 0x0000000081000000, 0x0000000081000000|100%| O|  |TAMS 0x0000000081000000, 0x0000000080f00000| Untracked 
|  16|0x0000000081000000, 0x0000000081100000, 0x0000000081100000|100%|HS|  |TAMS 0x0000000081100000, 0x0000000081000000| Complete 
|  17|0x0000000081100000, 0x0000000081200000, 0x0000000081200000|100%|HC|  |TAMS 0x0000000081200000, 0x0000000081100000| Complete 
|  18|0x0000000081200000, 0x0000000081300000, 0x0000000081300000|100%|HS|  |TAMS 0x0000000081300000, 0x0000000081200000| Complete 
|  19|0x0000000081300000, 0x0000000081400000, 0x0000000081400000|100%|HC|  |TAMS 0x0000000081400000, 0x0000000081300000| Complete 
|  20|0x0000000081400000, 0x0000000081500000, 0x0000000081500000|100%|HC|  |TAMS 0x0000000081500000, 0x0000000081400000| Complete 
|  21|0x0000000081500000, 0x0000000081600000, 0x0000000081600000|100%| O|  |TAMS 0x0000000081600000, 0x0000000081500000| Untracked 
|  22|0x0000000081600000, 0x0000000081700000, 0x0000000081700000|100%| O|  |TAMS 0x0000000081700000, 0x0000000081600000| Complete 
|  23|0x0000000081700000, 0x0000000081800000, 0x0000000081800000|100%| O|  |TAMS 0x0000000081800000, 0x0000000081700000| Untracked 
|  24|0x0000000081800000, 0x0000000081900000, 0x0000000081900000|100%| O|  |TAMS 0x0000000081900000, 0x0000000081800000| Untracked 
|  25|0x0000000081900000, 0x0000000081a00000, 0x0000000081a00000|100%| O|  |TAMS 0x0000000081a00000, 0x0000000081900000| Complete 
|  26|0x0000000081a00000, 0x0000000081b00000, 0x0000000081b00000|100%| O|  |TAMS 0x0000000081b00000, 0x0000000081a00000| Untracked 
|  27|0x0000000081b00000, 0x0000000081c00000, 0x0000000081c00000|100%| O|  |TAMS 0x0000000081c00000, 0x0000000081b00000| Untracked 
|  28|0x0000000081c00000, 0x0000000081d00000, 0x0000000081d00000|100%| O|  |TAMS 0x0000000081d00000, 0x0000000081c00000| Complete 
|  29|0x0000000081d00000, 0x0000000081e00000, 0x0000000081e00000|100%| O|  |TAMS 0x0000000081e00000, 0x0000000081d00000| Complete 
|  30|0x0000000081e00000, 0x0000000081f00000, 0x0000000081f00000|100%|HS|  |TAMS 0x0000000081f00000, 0x0000000081e00000| Complete 
|  31|0x0000000081f00000, 0x0000000082000000, 0x0000000082000000|100%|HS|  |TAMS 0x0000000082000000, 0x0000000081f00000| Complete 
|  32|0x0000000082000000, 0x0000000082100000, 0x0000000082100000|100%|HC|  |TAMS 0x0000000082100000, 0x0000000082000000| Complete 
|  33|0x0000000082100000, 0x0000000082200000, 0x0000000082200000|100%|HC|  |TAMS 0x0000000082200000, 0x0000000082100000| Complete 
|  34|0x0000000082200000, 0x0000000082300000, 0x0000000082300000|100%|HS|  |TAMS 0x0000000082300000, 0x0000000082200000| Complete 
|  35|0x0000000082300000, 0x0000000082400000, 0x0000000082400000|100%|HC|  |TAMS 0x0000000082400000, 0x0000000082300000| Complete 
|  36|0x0000000082400000, 0x0000000082500000, 0x0000000082500000|100%| O|  |TAMS 0x0000000082500000, 0x0000000082400000| Untracked 
|  37|0x0000000082500000, 0x0000000082600000, 0x0000000082600000|100%| O|  |TAMS 0x0000000082600000, 0x0000000082500000| Complete 
|  38|0x0000000082600000, 0x0000000082700000, 0x0000000082700000|100%| O|  |TAMS 0x0000000082700000, 0x0000000082600000| Untracked 
|  39|0x0000000082700000, 0x0000000082800000, 0x0000000082800000|100%| O|  |TAMS 0x0000000082800000, 0x0000000082700000| Untracked 
|  40|0x0000000082800000, 0x0000000082900000, 0x0000000082900000|100%| O|  |TAMS 0x0000000082900000, 0x0000000082800000| Complete 
|  41|0x0000000082900000, 0x0000000082a00000, 0x0000000082a00000|100%| O|  |TAMS 0x0000000082a00000, 0x0000000082900000| Untracked 
|  42|0x0000000082a00000, 0x0000000082b00000, 0x0000000082b00000|100%| O|  |TAMS 0x0000000082b00000, 0x0000000082a00000| Untracked 
|  43|0x0000000082b00000, 0x0000000082c00000, 0x0000000082c00000|100%| O|  |TAMS 0x0000000082c00000, 0x0000000082b00000| Complete 
|  44|0x0000000082c00000, 0x0000000082d00000, 0x0000000082d00000|100%| O|  |TAMS 0x0000000082d00000, 0x0000000082c00000| Untracked 
|  45|0x0000000082d00000, 0x0000000082e00000, 0x0000000082e00000|100%| O|  |TAMS 0x0000000082e00000, 0x0000000082d00000| Complete 
|  46|0x0000000082e00000, 0x0000000082f00000, 0x0000000082f00000|100%| O|  |TAMS 0x0000000082f00000, 0x0000000082e00000| Untracked 
|  47|0x0000000082f00000, 0x0000000083000000, 0x0000000083000000|100%| O|  |TAMS 0x0000000083000000, 0x0000000082f00000| Untracked 
|  48|0x0000000083000000, 0x0000000083100000, 0x0000000083100000|100%| O|  |TAMS 0x0000000083100000, 0x0000000083000000| Complete 
|  49|0x0000000083100000, 0x0000000083200000, 0x0000000083200000|100%| O|  |TAMS 0x0000000083200000, 0x0000000083100000| Untracked 
|  50|0x0000000083200000, 0x0000000083300000, 0x0000000083300000|100%| O|  |TAMS 0x0000000083300000, 0x0000000083200000| Untracked 
|  51|0x0000000083300000, 0x0000000083400000, 0x0000000083400000|100%| O|  |TAMS 0x0000000083400000, 0x0000000083300000| Untracked 
|  52|0x0000000083400000, 0x0000000083500000, 0x0000000083500000|100%| O|  |TAMS 0x0000000083500000, 0x0000000083400000| Complete 
|  53|0x0000000083500000, 0x0000000083600000, 0x0000000083600000|100%| O|  |TAMS 0x0000000083600000, 0x0000000083500000| Complete 
|  54|0x0000000083600000, 0x0000000083700000, 0x0000000083700000|100%| O|  |TAMS 0x0000000083700000, 0x0000000083600000| Untracked 
|  55|0x0000000083700000, 0x0000000083800000, 0x0000000083800000|100%| O|  |TAMS 0x0000000083800000, 0x0000000083700000| Untracked 
|  56|0x0000000083800000, 0x0000000083900000, 0x0000000083900000|100%| O|  |TAMS 0x0000000083900000, 0x0000000083800000| Complete 
|  57|0x0000000083900000, 0x0000000083a00000, 0x0000000083a00000|100%| O|  |TAMS 0x0000000083a00000, 0x0000000083900000| Untracked 
|  58|0x0000000083a00000, 0x0000000083b00000, 0x0000000083b00000|100%| O|  |TAMS 0x0000000083b00000, 0x0000000083a00000| Untracked 
|  59|0x0000000083b00000, 0x0000000083c00000, 0x0000000083c00000|100%| O|  |TAMS 0x0000000083c00000, 0x0000000083b00000| Complete 
|  60|0x0000000083c00000, 0x0000000083d00000, 0x0000000083d00000|100%| O|  |TAMS 0x0000000083d00000, 0x0000000083c00000| Complete 
|  61|0x0000000083d00000, 0x0000000083e00000, 0x0000000083e00000|100%| O|  |TAMS 0x0000000083e00000, 0x0000000083d00000| Complete 
|  62|0x0000000083e00000, 0x0000000083f00000, 0x0000000083f00000|100%| O|  |TAMS 0x0000000083f00000, 0x0000000083e00000| Untracked 
|  63|0x0000000083f00000, 0x0000000084000000, 0x0000000084000000|100%| O|  |TAMS 0x0000000084000000, 0x0000000083f00000| Complete 
|  64|0x0000000084000000, 0x0000000084100000, 0x0000000084100000|100%| O|  |TAMS 0x0000000084100000, 0x0000000084000000| Untracked 
|  65|0x0000000084100000, 0x0000000084200000, 0x0000000084200000|100%| O|  |TAMS 0x0000000084200000, 0x0000000084100000| Complete 
|  66|0x0000000084200000, 0x0000000084300000, 0x0000000084300000|100%| O|  |TAMS 0x0000000084300000, 0x0000000084200000| Untracked 
|  67|0x0000000084300000, 0x0000000084400000, 0x0000000084400000|100%| O|  |TAMS 0x0000000084400000, 0x0000000084300000| Untracked 
|  68|0x0000000084400000, 0x0000000084500000, 0x0000000084500000|100%| O|  |TAMS 0x0000000084500000, 0x0000000084400000| Complete 
|  69|0x0000000084500000, 0x0000000084600000, 0x0000000084600000|100%| O|  |TAMS 0x0000000084600000, 0x0000000084500000| Complete 
|  70|0x0000000084600000, 0x0000000084700000, 0x0000000084700000|100%| O|  |TAMS 0x0000000084700000, 0x0000000084600000| Untracked 
|  71|0x0000000084700000, 0x0000000084800000, 0x0000000084800000|100%| O|  |TAMS 0x0000000084800000, 0x0000000084700000| Untracked 
|  72|0x0000000084800000, 0x0000000084900000, 0x0000000084900000|100%| O|  |TAMS 0x0000000084900000, 0x0000000084800000| Complete 
|  73|0x0000000084900000, 0x0000000084a00000, 0x0000000084a00000|100%| O|  |TAMS 0x0000000084a00000, 0x0000000084900000| Complete 
|  74|0x0000000084a00000, 0x0000000084b00000, 0x0000000084b00000|100%| O|  |TAMS 0x0000000084b00000, 0x0000000084a00000| Untracked 
|  75|0x0000000084b00000, 0x0000000084c00000, 0x0000000084c00000|100%| O|  |TAMS 0x0000000084c00000, 0x0000000084b00000| Complete 
|  76|0x0000000084c00000, 0x0000000084d00000, 0x0000000084d00000|100%| O|  |TAMS 0x0000000084d00000, 0x0000000084c00000| Untracked 
|  77|0x0000000084d00000, 0x0000000084e00000, 0x0000000084e00000|100%| O|  |TAMS 0x0000000084e00000, 0x0000000084d00000| Complete 
|  78|0x0000000084e00000, 0x0000000084f00000, 0x0000000084f00000|100%| O|  |TAMS 0x0000000084f00000, 0x0000000084e00000| Complete 
|  79|0x0000000084f00000, 0x0000000085000000, 0x0000000085000000|100%| O|  |TAMS 0x0000000085000000, 0x0000000084f00000| Untracked 
|  80|0x0000000085000000, 0x0000000085100000, 0x0000000085100000|100%| O|CS|TAMS 0x0000000085100000, 0x0000000085000000| Complete 
|  81|0x0000000085100000, 0x0000000085200000, 0x0000000085200000|100%| O|  |TAMS 0x0000000085200000, 0x0000000085100000| Untracked 
|  82|0x0000000085200000, 0x0000000085300000, 0x0000000085300000|100%| O|  |TAMS 0x0000000085300000, 0x0000000085200000| Untracked 
|  83|0x0000000085300000, 0x0000000085400000, 0x0000000085400000|100%| O|  |TAMS 0x0000000085400000, 0x0000000085300000| Untracked 
|  84|0x0000000085400000, 0x0000000085500000, 0x0000000085500000|100%| O|  |TAMS 0x0000000085500000, 0x0000000085400000| Untracked 
|  85|0x0000000085500000, 0x0000000085600000, 0x0000000085600000|100%| O|  |TAMS 0x0000000085600000, 0x0000000085500000| Untracked 
|  86|0x0000000085600000, 0x0000000085700000, 0x0000000085700000|100%| O|  |TAMS 0x0000000085700000, 0x0000000085600000| Complete 
|  87|0x0000000085700000, 0x0000000085800000, 0x0000000085800000|100%| O|  |TAMS 0x0000000085800000, 0x0000000085700000| Untracked 
|  88|0x0000000085800000, 0x0000000085900000, 0x0000000085900000|100%| O|  |TAMS 0x0000000085900000, 0x0000000085800000| Untracked 
|  89|0x0000000085900000, 0x0000000085a00000, 0x0000000085a00000|100%| O|  |TAMS 0x0000000085a00000, 0x0000000085900000| Untracked 
|  90|0x0000000085a00000, 0x0000000085b00000, 0x0000000085b00000|100%| O|  |TAMS 0x0000000085b00000, 0x0000000085a00000| Complete 
|  91|0x0000000085b00000, 0x0000000085c00000, 0x0000000085c00000|100%| O|  |TAMS 0x0000000085c00000, 0x0000000085b00000| Untracked 
|  92|0x0000000085c00000, 0x0000000085d00000, 0x0000000085d00000|100%| O|  |TAMS 0x0000000085d00000, 0x0000000085c00000| Untracked 
|  93|0x0000000085d00000, 0x0000000085e00000, 0x0000000085e00000|100%| O|  |TAMS 0x0000000085e00000, 0x0000000085d00000| Untracked 
|  94|0x0000000085e00000, 0x0000000085f00000, 0x0000000085f00000|100%| O|  |TAMS 0x0000000085f00000, 0x0000000085e00000| Untracked 
|  95|0x0000000085f00000, 0x0000000086000000, 0x0000000086000000|100%| O|  |TAMS 0x0000000086000000, 0x0000000085f00000| Untracked 
|  96|0x0000000086000000, 0x0000000086100000, 0x0000000086100000|100%| O|  |TAMS 0x0000000086100000, 0x0000000086000000| Untracked 
|  97|0x0000000086100000, 0x0000000086200000, 0x0000000086200000|100%| O|  |TAMS 0x0000000086200000, 0x0000000086100000| Complete 
|  98|0x0000000086200000, 0x0000000086300000, 0x0000000086300000|100%| O|  |TAMS 0x0000000086200000, 0x0000000086200000| Untracked 
|  99|0x0000000086300000, 0x0000000086400000, 0x0000000086400000|100%| O|  |TAMS 0x0000000086400000, 0x0000000086300000| Untracked 
| 100|0x0000000086400000, 0x0000000086500000, 0x0000000086500000|100%| O|  |TAMS 0x0000000086500000, 0x0000000086400000| Complete 
| 101|0x0000000086500000, 0x0000000086600000, 0x0000000086600000|100%| O|  |TAMS 0x0000000086600000, 0x0000000086500000| Complete 
| 102|0x0000000086600000, 0x0000000086700000, 0x0000000086700000|100%| O|  |TAMS 0x0000000086700000, 0x0000000086600000| Untracked 
| 103|0x0000000086700000, 0x0000000086800000, 0x0000000086800000|100%| O|  |TAMS 0x0000000086800000, 0x0000000086700000| Untracked 
| 104|0x0000000086800000, 0x0000000086900000, 0x0000000086900000|100%| O|  |TAMS 0x0000000086900000, 0x0000000086800000| Untracked 
| 105|0x0000000086900000, 0x0000000086a00000, 0x0000000086a00000|100%| O|  |TAMS 0x0000000086a00000, 0x0000000086900000| Untracked 
| 106|0x0000000086a00000, 0x0000000086b00000, 0x0000000086b00000|100%| O|  |TAMS 0x0000000086b00000, 0x0000000086a00000| Complete 
| 107|0x0000000086b00000, 0x0000000086c00000, 0x0000000086c00000|100%| O|  |TAMS 0x0000000086c00000, 0x0000000086b00000| Complete 
| 108|0x0000000086c00000, 0x0000000086d00000, 0x0000000086d00000|100%|HS|  |TAMS 0x0000000086d00000, 0x0000000086c00000| Complete 
| 109|0x0000000086d00000, 0x0000000086e00000, 0x0000000086e00000|100%|HC|  |TAMS 0x0000000086e00000, 0x0000000086d00000| Complete 
| 110|0x0000000086e00000, 0x0000000086f00000, 0x0000000086f00000|100%|HC|  |TAMS 0x0000000086f00000, 0x0000000086e00000| Complete 
| 111|0x0000000086f00000, 0x0000000087000000, 0x0000000087000000|100%| O|  |TAMS 0x0000000087000000, 0x0000000086f00000| Complete 
| 112|0x0000000087000000, 0x0000000087100000, 0x0000000087100000|100%| O|  |TAMS 0x0000000087100000, 0x0000000087000000| Untracked 
| 113|0x0000000087100000, 0x0000000087200000, 0x0000000087200000|100%| O|  |TAMS 0x00000000871f2c00, 0x0000000087100000| Untracked 
| 114|0x0000000087200000, 0x0000000087300000, 0x0000000087300000|100%| O|  |TAMS 0x0000000087200000, 0x0000000087200000| Untracked 
| 115|0x0000000087300000, 0x0000000087400000, 0x0000000087400000|100%| O|  |TAMS 0x0000000087400000, 0x0000000087300000| Complete 
| 116|0x0000000087400000, 0x0000000087500000, 0x0000000087500000|100%| O|  |TAMS 0x0000000087500000, 0x0000000087400000| Untracked 
| 117|0x0000000087500000, 0x0000000087600000, 0x0000000087600000|100%| O|  |TAMS 0x0000000087600000, 0x0000000087500000| Untracked 
| 118|0x0000000087600000, 0x0000000087700000, 0x0000000087700000|100%| O|  |TAMS 0x0000000087700000, 0x0000000087600000| Complete 
| 119|0x0000000087700000, 0x0000000087800000, 0x0000000087800000|100%| O|  |TAMS 0x0000000087800000, 0x0000000087700000| Untracked 
| 120|0x0000000087800000, 0x0000000087900000, 0x0000000087900000|100%| O|CS|TAMS 0x0000000087900000, 0x0000000087800000| Complete 
| 121|0x0000000087900000, 0x0000000087a00000, 0x0000000087a00000|100%| O|CS|TAMS 0x0000000087a00000, 0x0000000087900000| Complete 
| 122|0x0000000087a00000, 0x0000000087b00000, 0x0000000087b00000|100%| O|  |TAMS 0x0000000087b00000, 0x0000000087a00000| Untracked 
| 123|0x0000000087b00000, 0x0000000087c00000, 0x0000000087c00000|100%| O|  |TAMS 0x0000000087c00000, 0x0000000087b00000| Untracked 
| 124|0x0000000087c00000, 0x0000000087d00000, 0x0000000087d00000|100%| O|  |TAMS 0x0000000087d00000, 0x0000000087c00000| Complete 
| 125|0x0000000087d00000, 0x0000000087e00000, 0x0000000087e00000|100%| O|  |TAMS 0x0000000087d00000, 0x0000000087d00000| Untracked 
| 126|0x0000000087e00000, 0x0000000087f00000, 0x0000000087f00000|100%| O|  |TAMS 0x0000000087f00000, 0x0000000087e00000| Untracked 
| 127|0x0000000087f00000, 0x0000000088000000, 0x0000000088000000|100%| O|  |TAMS 0x0000000088000000, 0x0000000087f00000| Untracked 
| 128|0x0000000088000000, 0x0000000088100000, 0x0000000088100000|100%| O|  |TAMS 0x0000000088100000, 0x0000000088000000| Untracked 
| 129|0x0000000088100000, 0x0000000088200000, 0x0000000088200000|100%| O|  |TAMS 0x0000000088200000, 0x0000000088100000| Complete 
| 130|0x0000000088200000, 0x0000000088300000, 0x0000000088300000|100%| O|  |TAMS 0x0000000088300000, 0x0000000088200000| Untracked 
| 131|0x0000000088300000, 0x0000000088400000, 0x0000000088400000|100%| O|  |TAMS 0x0000000088400000, 0x0000000088300000| Untracked 
| 132|0x0000000088400000, 0x0000000088500000, 0x0000000088500000|100%| O|  |TAMS 0x0000000088500000, 0x0000000088400000| Untracked 
| 133|0x0000000088500000, 0x0000000088600000, 0x0000000088600000|100%| O|  |TAMS 0x0000000088500000, 0x0000000088500000| Untracked 
| 134|0x0000000088600000, 0x0000000088700000, 0x0000000088700000|100%| O|  |TAMS 0x0000000088700000, 0x0000000088600000| Untracked 
| 135|0x0000000088700000, 0x0000000088800000, 0x0000000088800000|100%| O|  |TAMS 0x0000000088700000, 0x0000000088700000| Untracked 
| 136|0x0000000088800000, 0x0000000088900000, 0x0000000088900000|100%| O|  |TAMS 0x0000000088900000, 0x0000000088800000| Untracked 
| 137|0x0000000088900000, 0x0000000088a00000, 0x0000000088a00000|100%| O|  |TAMS 0x0000000088a00000, 0x0000000088900000| Complete 
| 138|0x0000000088a00000, 0x0000000088b00000, 0x0000000088b00000|100%| O|  |TAMS 0x0000000088b00000, 0x0000000088a00000| Complete 
| 139|0x0000000088b00000, 0x0000000088c00000, 0x0000000088c00000|100%| O|  |TAMS 0x0000000088b00000, 0x0000000088b00000| Untracked 
| 140|0x0000000088c00000, 0x0000000088d00000, 0x0000000088d00000|100%| O|  |TAMS 0x0000000088c00000, 0x0000000088c00000| Untracked 
| 141|0x0000000088d00000, 0x0000000088da1a48, 0x0000000088e00000| 63%| O|  |TAMS 0x0000000088d00000, 0x0000000088d00000| Untracked 
| 142|0x0000000088e00000, 0x0000000088f00000, 0x0000000088f00000|100%| O|  |TAMS 0x0000000088f00000, 0x0000000088e00000| Complete 
| 143|0x0000000088f00000, 0x0000000088f00000, 0x0000000089000000|  0%| F|  |TAMS 0x0000000088f00000, 0x0000000088f00000| Untracked 
| 144|0x0000000089000000, 0x0000000089000000, 0x0000000089100000|  0%| F|  |TAMS 0x0000000089000000, 0x0000000089000000| Untracked 
| 145|0x0000000089100000, 0x0000000089100000, 0x0000000089200000|  0%| F|  |TAMS 0x0000000089100000, 0x0000000089100000| Untracked 
| 146|0x0000000089200000, 0x0000000089200000, 0x0000000089300000|  0%| F|  |TAMS 0x0000000089200000, 0x0000000089200000| Untracked 
| 147|0x0000000089300000, 0x0000000089300000, 0x0000000089400000|  0%| F|  |TAMS 0x0000000089300000, 0x0000000089300000| Untracked 
| 148|0x0000000089400000, 0x0000000089400000, 0x0000000089500000|  0%| F|  |TAMS 0x0000000089400000, 0x0000000089400000| Untracked 
| 149|0x0000000089500000, 0x0000000089500000, 0x0000000089600000|  0%| F|  |TAMS 0x0000000089500000, 0x0000000089500000| Untracked 
| 150|0x0000000089600000, 0x0000000089600000, 0x0000000089700000|  0%| F|  |TAMS 0x0000000089600000, 0x0000000089600000| Untracked 
| 151|0x0000000089700000, 0x0000000089700000, 0x0000000089800000|  0%| F|  |TAMS 0x0000000089700000, 0x0000000089700000| Untracked 
| 152|0x0000000089800000, 0x0000000089800000, 0x0000000089900000|  0%| F|  |TAMS 0x0000000089800000, 0x0000000089800000| Untracked 
| 153|0x0000000089900000, 0x0000000089a00000, 0x0000000089a00000|100%| O|  |TAMS 0x0000000089a00000, 0x0000000089900000| Complete 
| 154|0x0000000089a00000, 0x0000000089a00000, 0x0000000089b00000|  0%| F|  |TAMS 0x0000000089a00000, 0x0000000089a00000| Untracked 
| 155|0x0000000089b00000, 0x0000000089b00000, 0x0000000089c00000|  0%| F|  |TAMS 0x0000000089b00000, 0x0000000089b00000| Untracked 
| 156|0x0000000089c00000, 0x0000000089c00000, 0x0000000089d00000|  0%| F|  |TAMS 0x0000000089c00000, 0x0000000089c00000| Untracked 
| 157|0x0000000089d00000, 0x0000000089d00000, 0x0000000089e00000|  0%| F|  |TAMS 0x0000000089d00000, 0x0000000089d00000| Untracked 
| 158|0x0000000089e00000, 0x0000000089e00000, 0x0000000089f00000|  0%| F|  |TAMS 0x0000000089e00000, 0x0000000089e00000| Untracked 
| 159|0x0000000089f00000, 0x0000000089f00000, 0x000000008a000000|  0%| F|  |TAMS 0x0000000089f00000, 0x0000000089f00000| Untracked 
| 160|0x000000008a000000, 0x000000008a100000, 0x000000008a100000|100%|HS|  |TAMS 0x000000008a100000, 0x000000008a000000| Complete 
| 161|0x000000008a100000, 0x000000008a200000, 0x000000008a200000|100%|HC|  |TAMS 0x000000008a200000, 0x000000008a100000| Complete 
| 162|0x000000008a200000, 0x000000008a300000, 0x000000008a300000|100%|HC|  |TAMS 0x000000008a300000, 0x000000008a200000| Complete 
| 163|0x000000008a300000, 0x000000008a400000, 0x000000008a400000|100%|HC|  |TAMS 0x000000008a400000, 0x000000008a300000| Complete 
| 164|0x000000008a400000, 0x000000008a500000, 0x000000008a500000|100%|HS|  |TAMS 0x000000008a500000, 0x000000008a400000| Complete 
| 165|0x000000008a500000, 0x000000008a600000, 0x000000008a600000|100%|HC|  |TAMS 0x000000008a600000, 0x000000008a500000| Complete 
| 166|0x000000008a600000, 0x000000008a700000, 0x000000008a700000|100%|HC|  |TAMS 0x000000008a700000, 0x000000008a600000| Complete 
| 167|0x000000008a700000, 0x000000008a800000, 0x000000008a800000|100%|HC|  |TAMS 0x000000008a800000, 0x000000008a700000| Complete 
| 168|0x000000008a800000, 0x000000008a900000, 0x000000008a900000|100%|HS|  |TAMS 0x000000008a900000, 0x000000008a800000| Complete 
| 169|0x000000008a900000, 0x000000008aa00000, 0x000000008aa00000|100%|HC|  |TAMS 0x000000008aa00000, 0x000000008a900000| Complete 
| 170|0x000000008aa00000, 0x000000008ab00000, 0x000000008ab00000|100%|HC|  |TAMS 0x000000008ab00000, 0x000000008aa00000| Complete 
| 171|0x000000008ab00000, 0x000000008ab00000, 0x000000008ac00000|  0%| F|  |TAMS 0x000000008ab00000, 0x000000008ab00000| Untracked 
| 172|0x000000008ac00000, 0x000000008ac00000, 0x000000008ad00000|  0%| F|  |TAMS 0x000000008ac00000, 0x000000008ac00000| Untracked 
| 173|0x000000008ad00000, 0x000000008ad00000, 0x000000008ae00000|  0%| F|  |TAMS 0x000000008ad00000, 0x000000008ad00000| Untracked 
| 174|0x000000008ae00000, 0x000000008ae00000, 0x000000008af00000|  0%| F|  |TAMS 0x000000008ae00000, 0x000000008ae00000| Untracked 
| 175|0x000000008af00000, 0x000000008af48600, 0x000000008b000000| 28%| E|CS|TAMS 0x000000008af00000, 0x000000008af00000| Complete 
| 176|0x000000008b000000, 0x000000008b100000, 0x000000008b100000|100%| E|CS|TAMS 0x000000008b000000, 0x000000008b000000| Complete 
| 177|0x000000008b100000, 0x000000008b200000, 0x000000008b200000|100%| E|CS|TAMS 0x000000008b100000, 0x000000008b100000| Complete 
| 178|0x000000008b200000, 0x000000008b300000, 0x000000008b300000|100%| E|CS|TAMS 0x000000008b200000, 0x000000008b200000| Complete 
| 179|0x000000008b300000, 0x000000008b300000, 0x000000008b400000|  0%| F|  |TAMS 0x000000008b300000, 0x000000008b300000| Untracked 
| 180|0x000000008b400000, 0x000000008b400000, 0x000000008b500000|  0%| F|  |TAMS 0x000000008b400000, 0x000000008b400000| Untracked 
| 181|0x000000008b500000, 0x000000008b500000, 0x000000008b600000|  0%| F|  |TAMS 0x000000008b500000, 0x000000008b500000| Untracked 
| 182|0x000000008b600000, 0x000000008b600000, 0x000000008b700000|  0%| F|  |TAMS 0x000000008b600000, 0x000000008b600000| Untracked 
| 183|0x000000008b700000, 0x000000008b800000, 0x000000008b800000|100%| E|CS|TAMS 0x000000008b700000, 0x000000008b700000| Complete 
| 184|0x000000008b800000, 0x000000008b900000, 0x000000008b900000|100%| E|CS|TAMS 0x000000008b800000, 0x000000008b800000| Complete 
| 185|0x000000008b900000, 0x000000008ba00000, 0x000000008ba00000|100%| E|CS|TAMS 0x000000008b900000, 0x000000008b900000| Complete 
| 186|0x000000008ba00000, 0x000000008ba00000, 0x000000008bb00000|  0%| F|  |TAMS 0x000000008ba00000, 0x000000008ba00000| Untracked 
| 187|0x000000008bb00000, 0x000000008bb00000, 0x000000008bc00000|  0%| F|  |TAMS 0x000000008bb00000, 0x000000008bb00000| Untracked 
| 188|0x000000008bc00000, 0x000000008bc00000, 0x000000008bd00000|  0%| F|  |TAMS 0x000000008bc00000, 0x000000008bc00000| Untracked 
| 189|0x000000008bd00000, 0x000000008bd00000, 0x000000008be00000|  0%| F|  |TAMS 0x000000008bd00000, 0x000000008bd00000| Untracked 
| 190|0x000000008be00000, 0x000000008be00000, 0x000000008bf00000|  0%| F|  |TAMS 0x000000008be00000, 0x000000008be00000| Untracked 
| 191|0x000000008bf00000, 0x000000008bf00000, 0x000000008c000000|  0%| F|  |TAMS 0x000000008bf00000, 0x000000008bf00000| Untracked 
| 192|0x000000008c000000, 0x000000008c000000, 0x000000008c100000|  0%| F|  |TAMS 0x000000008c000000, 0x000000008c000000| Untracked 
| 193|0x000000008c100000, 0x000000008c100000, 0x000000008c200000|  0%| F|  |TAMS 0x000000008c100000, 0x000000008c100000| Untracked 
| 194|0x000000008c200000, 0x000000008c200000, 0x000000008c300000|  0%| F|  |TAMS 0x000000008c200000, 0x000000008c200000| Untracked 
| 195|0x000000008c300000, 0x000000008c300000, 0x000000008c400000|  0%| F|  |TAMS 0x000000008c300000, 0x000000008c300000| Untracked 
| 196|0x000000008c400000, 0x000000008c400000, 0x000000008c500000|  0%| F|  |TAMS 0x000000008c400000, 0x000000008c400000| Untracked 
| 197|0x000000008c500000, 0x000000008c500000, 0x000000008c600000|  0%| F|  |TAMS 0x000000008c500000, 0x000000008c500000| Untracked 
| 198|0x000000008c600000, 0x000000008c600000, 0x000000008c700000|  0%| F|  |TAMS 0x000000008c600000, 0x000000008c600000| Untracked 
| 199|0x000000008c700000, 0x000000008c700000, 0x000000008c800000|  0%| F|  |TAMS 0x000000008c700000, 0x000000008c700000| Untracked 
| 200|0x000000008c800000, 0x000000008c800000, 0x000000008c900000|  0%| F|  |TAMS 0x000000008c800000, 0x000000008c800000| Untracked 
| 201|0x000000008c900000, 0x000000008c900000, 0x000000008ca00000|  0%| F|  |TAMS 0x000000008c900000, 0x000000008c900000| Untracked 
| 202|0x000000008ca00000, 0x000000008ca00000, 0x000000008cb00000|  0%| F|  |TAMS 0x000000008ca00000, 0x000000008ca00000| Untracked 
| 203|0x000000008cb00000, 0x000000008cb00000, 0x000000008cc00000|  0%| F|  |TAMS 0x000000008cb00000, 0x000000008cb00000| Untracked 
| 204|0x000000008cc00000, 0x000000008cc00000, 0x000000008cd00000|  0%| F|  |TAMS 0x000000008cc00000, 0x000000008cc00000| Untracked 
| 205|0x000000008cd00000, 0x000000008cd00000, 0x000000008ce00000|  0%| F|  |TAMS 0x000000008cd00000, 0x000000008cd00000| Untracked 
| 206|0x000000008ce00000, 0x000000008ce00000, 0x000000008cf00000|  0%| F|  |TAMS 0x000000008ce00000, 0x000000008ce00000| Untracked 
| 207|0x000000008cf00000, 0x000000008cf00000, 0x000000008d000000|  0%| F|  |TAMS 0x000000008cf00000, 0x000000008cf00000| Untracked 
| 208|0x000000008d000000, 0x000000008d000000, 0x000000008d100000|  0%| F|  |TAMS 0x000000008d000000, 0x000000008d000000| Untracked 
| 209|0x000000008d100000, 0x000000008d100000, 0x000000008d200000|  0%| F|  |TAMS 0x000000008d100000, 0x000000008d100000| Untracked 
| 210|0x000000008d200000, 0x000000008d200000, 0x000000008d300000|  0%| F|  |TAMS 0x000000008d200000, 0x000000008d200000| Untracked 
| 211|0x000000008d300000, 0x000000008d300000, 0x000000008d400000|  0%| F|  |TAMS 0x000000008d300000, 0x000000008d300000| Untracked 
| 212|0x000000008d400000, 0x000000008d400000, 0x000000008d500000|  0%| F|  |TAMS 0x000000008d400000, 0x000000008d400000| Untracked 
| 213|0x000000008d500000, 0x000000008d500000, 0x000000008d600000|  0%| F|  |TAMS 0x000000008d500000, 0x000000008d500000| Untracked 
| 214|0x000000008d600000, 0x000000008d600000, 0x000000008d700000|  0%| F|  |TAMS 0x000000008d600000, 0x000000008d600000| Untracked 
| 215|0x000000008d700000, 0x000000008d700000, 0x000000008d800000|  0%| F|  |TAMS 0x000000008d700000, 0x000000008d700000| Untracked 
| 216|0x000000008d800000, 0x000000008d800000, 0x000000008d900000|  0%| F|  |TAMS 0x000000008d800000, 0x000000008d800000| Untracked 
| 217|0x000000008d900000, 0x000000008d900000, 0x000000008da00000|  0%| F|  |TAMS 0x000000008d900000, 0x000000008d900000| Untracked 
| 218|0x000000008da00000, 0x000000008da00000, 0x000000008db00000|  0%| F|  |TAMS 0x000000008da00000, 0x000000008da00000| Untracked 
| 219|0x000000008db00000, 0x000000008db00000, 0x000000008dc00000|  0%| F|  |TAMS 0x000000008db00000, 0x000000008db00000| Untracked 
| 220|0x000000008dc00000, 0x000000008dc00000, 0x000000008dd00000|  0%| F|  |TAMS 0x000000008dc00000, 0x000000008dc00000| Untracked 
| 221|0x000000008dd00000, 0x000000008dd00000, 0x000000008de00000|  0%| F|  |TAMS 0x000000008dd00000, 0x000000008dd00000| Untracked 
| 222|0x000000008de00000, 0x000000008de00000, 0x000000008df00000|  0%| F|  |TAMS 0x000000008de00000, 0x000000008de00000| Untracked 
| 223|0x000000008df00000, 0x000000008df00000, 0x000000008e000000|  0%| F|  |TAMS 0x000000008df00000, 0x000000008df00000| Untracked 
| 224|0x000000008e000000, 0x000000008e000000, 0x000000008e100000|  0%| F|  |TAMS 0x000000008e000000, 0x000000008e000000| Untracked 
| 225|0x000000008e100000, 0x000000008e100000, 0x000000008e200000|  0%| F|  |TAMS 0x000000008e100000, 0x000000008e100000| Untracked 
| 226|0x000000008e200000, 0x000000008e200000, 0x000000008e300000|  0%| F|  |TAMS 0x000000008e200000, 0x000000008e200000| Untracked 
| 227|0x000000008e300000, 0x000000008e300000, 0x000000008e400000|  0%| F|  |TAMS 0x000000008e300000, 0x000000008e300000| Untracked 
| 228|0x000000008e400000, 0x000000008e500000, 0x000000008e500000|100%| S|  |TAMS 0x000000008e400000, 0x000000008e400000| Complete 
| 229|0x000000008e500000, 0x000000008e600000, 0x000000008e600000|100%| E|CS|TAMS 0x000000008e500000, 0x000000008e500000| Complete 
| 230|0x000000008e600000, 0x000000008e700000, 0x000000008e700000|100%| E|CS|TAMS 0x000000008e600000, 0x000000008e600000| Complete 
| 231|0x000000008e700000, 0x000000008e800000, 0x000000008e800000|100%| E|CS|TAMS 0x000000008e700000, 0x000000008e700000| Complete 
| 232|0x000000008e800000, 0x000000008e900000, 0x000000008e900000|100%| E|CS|TAMS 0x000000008e800000, 0x000000008e800000| Complete 

Card table byte_map: [0x00000207ef0a0000,0x00000207ef4a0000] _byte_map_base: 0x00000207eeca0000

Marking Bits (Prev, Next): (CMBitMap*) 0x00000207dbd39ed8, (CMBitMap*) 0x00000207dbd39f10
 Prev Bits: [0x00000207ef8a0000, 0x00000207f18a0000)
 Next Bits: [0x00000207f18a0000, 0x00000207f38a0000)

Polling page: 0x00000207da470000

Metaspace:

Usage:
  Non-class:    130.56 MB capacity,   127.75 MB ( 98%) used,     2.35 MB (  2%) free+waste,   472.00 KB ( <1%) overhead. 
      Class:     19.32 MB capacity,    17.81 MB ( 92%) used,     1.31 MB (  7%) free+waste,   210.25 KB (  1%) overhead. 
       Both:    149.88 MB capacity,   145.56 MB ( 97%) used,     3.66 MB (  2%) free+waste,   682.25 KB ( <1%) overhead. 

Virtual space:
  Non-class space:      132.00 MB reserved,     130.70 MB (>99%) committed 
      Class space:        1.00 GB reserved,      19.38 MB (  2%) committed 
             Both:        1.13 GB reserved,     150.08 MB ( 13%) committed 

Chunk freelists:
   Non-Class:  19.00 KB
       Class:  0 bytes
        Both:  19.00 KB

MaxMetaspaceSize: 17179869184.00 GB
CompressedClassSpaceSize: 1.00 GB

CodeHeap 'non-profiled nmethods': size=120064Kb used=16193Kb max_used=16193Kb free=103870Kb
 bounds [0x00000207e7140000, 0x00000207e8120000, 0x00000207ee680000]
CodeHeap 'profiled nmethods': size=120000Kb used=48364Kb max_used=48364Kb free=71635Kb
 bounds [0x00000207dfc10000, 0x00000207e2b70000, 0x00000207e7140000]
CodeHeap 'non-nmethods': size=5696Kb used=2393Kb max_used=2457Kb free=3302Kb
 bounds [0x00000207df680000, 0x00000207df900000, 0x00000207dfc10000]
 total_blobs=22016 nmethods=20972 adapters=953
 compilation: enabled
              stopped_count=0, restarted_count=0
 full_count=0

Compilation events (20 events):
Event: 1585.725 Thread 0x00000207f5ea5000 nmethod 24099 0x00000207e810b910 code [0x00000207e810bac0, 0x00000207e810bb78]
Event: 1585.725 Thread 0x00000207f5ea5000 24100       3       org.gradle.api.internal.artifacts.ivyservice.resolveengine.excludes.simple.DefaultModuleIdSetExclude::excludes (11 bytes)
Event: 1585.725 Thread 0x00000207fdfe9800 24086       4       org.gradle.internal.component.external.model.DefaultConfigurationMetadata::<init> (39 bytes)
Event: 1585.725 Thread 0x00000207f5ea5000 nmethod 24100 0x00000207e2b6cc10 code [0x00000207e2b6cdc0, 0x00000207e2b6cf88]
Event: 1585.733 Thread 0x00000207f5ea1000 nmethod 24085 0x00000207e810bc10 code [0x00000207e810bdc0, 0x00000207e810ca98]
Event: 1585.733 Thread 0x00000207f5ea1000 24098       4       org.gradle.internal.component.model.DefaultSelectedByVariantMatchingConfigurationMetadata::getName (10 bytes)
Event: 1585.734 Thread 0x00000207f5ea1000 nmethod 24098 0x00000207e810ce10 code [0x00000207e810cfa0, 0x00000207e810d038]
Event: 1585.734 Thread 0x00000207f5ea1000 24094       4       org.gradle.api.internal.artifacts.ivyservice.resolveengine.graph.builder.NodeState::createAndLinkEdgeState (64 bytes)
Event: 1585.737 Thread 0x00000207fdfe9800 nmethod 24086 0x00000207e810d110 code [0x00000207e810d2a0, 0x00000207e810dbd8]
Event: 1585.737 Thread 0x00000207fdfe9800 24095       4       java.util.AbstractList$RandomAccessSpliterator::estimateSize (11 bytes)
Event: 1585.738 Thread 0x00000207fdfe9800 nmethod 24095 0x00000207e810dd10 code [0x00000207e810dea0, 0x00000207e810df28]
Event: 1585.738 Thread 0x00000207fdfe9800 24101       4       org.gradle.api.internal.artifacts.ivyservice.resolveengine.graph.builder.ModuleSelectors$$Lambda$270/0x00000001005b1040::apply (13 bytes)
Event: 1585.739 Thread 0x00000207fdfe9800 nmethod 24101 0x00000207e810e010 code [0x00000207e810e1a0, 0x00000207e810e258]
Event: 1585.742 Thread 0x00000207fdfe9800 24102       4       org.gradle.internal.component.external.model.JavaEcosystemVariantDerivationStrategy::platformWithUsageAttribute (88 bytes)
Event: 1585.754 Thread 0x00000207f5ea5000 24106       3       org.gradle.internal.component.external.model.AbstractLazyModuleComponentResolveMetadata::artifact (8 bytes)
Event: 1585.755 Thread 0x00000207f5ea5000 nmethod 24106 0x00000207e2b6d090 code [0x00000207e2b6d2c0, 0x00000207e2b6dac8]
Event: 1585.807 Thread 0x00000207f5ea5000 24107   !   3       java.lang.ref.Reference::processPendingReferences (132 bytes)
Event: 1585.808 Thread 0x00000207f5ea5000 nmethod 24107 0x00000207e2b6de10 code [0x00000207e2b6e0c0, 0x00000207e2b6ee28]
Event: 1585.839 Thread 0x00000207fdfe9800 nmethod 24102 0x00000207e810e310 code [0x00000207e810e5c0, 0x00000207e8110810]
Event: 1585.839 Thread 0x00000207fdfe9800 24108   !   4       com.google.common.cache.LocalCache$Segment::put (439 bytes)

GC Heap History (20 events):
Event: 1546.883 GC heap after
{Heap after GC invocations=105 (full 0):
 garbage-first heap   total 238592K, used 151716K [0x0000000080000000, 0x0000000100000000)
  region size 1024K, 7 young (7168K), 7 survivors (7168K)
 Metaspace       used 138157K, capacity 142217K, committed 142544K, reserved 1173504K
  class space    used 16912K, capacity 18312K, committed 18432K, reserved 1048576K
}
Event: 1547.035 GC heap before
{Heap before GC invocations=105 (full 0):
 garbage-first heap   total 238592K, used 155812K [0x0000000080000000, 0x0000000100000000)
  region size 1024K, 11 young (11264K), 7 survivors (7168K)
 Metaspace       used 138411K, capacity 142537K, committed 142800K, reserved 1173504K
  class space    used 16951K, capacity 18376K, committed 18432K, reserved 1048576K
}
Event: 1547.051 GC heap after
{Heap after GC invocations=106 (full 0):
 garbage-first heap   total 238592K, used 138949K [0x0000000080000000, 0x0000000100000000)
  region size 1024K, 1 young (1024K), 1 survivors (1024K)
 Metaspace       used 138411K, capacity 142537K, committed 142800K, reserved 1173504K
  class space    used 16951K, capacity 18376K, committed 18432K, reserved 1048576K
}
Event: 1548.367 GC heap before
{Heap before GC invocations=106 (full 0):
 garbage-first heap   total 238592K, used 194245K [0x0000000080000000, 0x0000000100000000)
  region size 1024K, 55 young (56320K), 1 survivors (1024K)
 Metaspace       used 141527K, capacity 145695K, committed 145872K, reserved 1175552K
  class space    used 17380K, capacity 18840K, committed 18944K, reserved 1048576K
}
Event: 1548.378 GC heap after
{Heap after GC invocations=107 (full 0):
 garbage-first heap   total 238592K, used 141940K [0x0000000080000000, 0x0000000100000000)
  region size 1024K, 4 young (4096K), 4 survivors (4096K)
 Metaspace       used 141527K, capacity 145695K, committed 145872K, reserved 1175552K
  class space    used 17380K, capacity 18840K, committed 18944K, reserved 1048576K
}
Event: 1549.636 GC heap before
{Heap before GC invocations=108 (full 0):
 garbage-first heap   total 238592K, used 211572K [0x0000000080000000, 0x0000000100000000)
  region size 1024K, 58 young (59392K), 4 survivors (4096K)
 Metaspace       used 142289K, capacity 146468K, committed 146640K, reserved 1177600K
  class space    used 17460K, capacity 18876K, committed 18944K, reserved 1048576K
}
Event: 1549.652 GC heap after
{Heap after GC invocations=109 (full 0):
 garbage-first heap   total 238592K, used 146432K [0x0000000080000000, 0x0000000100000000)
  region size 1024K, 8 young (8192K), 8 survivors (8192K)
 Metaspace       used 142289K, capacity 146468K, committed 146640K, reserved 1177600K
  class space    used 17460K, capacity 18876K, committed 18944K, reserved 1048576K
}
Event: 1549.684 GC heap before
{Heap before GC invocations=109 (full 0):
 garbage-first heap   total 238592K, used 149504K [0x0000000080000000, 0x0000000100000000)
  region size 1024K, 11 young (11264K), 8 survivors (8192K)
 Metaspace       used 142313K, capacity 146539K, committed 146640K, reserved 1177600K
  class space    used 17463K, capacity 18878K, committed 18944K, reserved 1048576K
}
Event: 1549.696 GC heap after
{Heap after GC invocations=110 (full 0):
 garbage-first heap   total 238592K, used 146774K [0x0000000080000000, 0x0000000100000000)
  region size 1024K, 2 young (2048K), 2 survivors (2048K)
 Metaspace       used 142313K, capacity 146539K, committed 146640K, reserved 1177600K
  class space    used 17463K, capacity 18878K, committed 18944K, reserved 1048576K
}
Event: 1550.142 GC heap before
{Heap before GC invocations=110 (full 0):
 garbage-first heap   total 238592K, used 196950K [0x0000000080000000, 0x0000000100000000)
  region size 1024K, 52 young (53248K), 2 survivors (2048K)
 Metaspace       used 142518K, capacity 146647K, committed 146896K, reserved 1177600K
  class space    used 17489K, capacity 18892K, committed 18944K, reserved 1048576K
}
Event: 1550.152 GC heap after
{Heap after GC invocations=111 (full 0):
 garbage-first heap   total 238592K, used 148356K [0x0000000080000000, 0x0000000100000000)
  region size 1024K, 3 young (3072K), 3 survivors (3072K)
 Metaspace       used 142518K, capacity 146647K, committed 146896K, reserved 1177600K
  class space    used 17489K, capacity 18892K, committed 18944K, reserved 1048576K
}
Event: 1550.894 GC heap before
{Heap before GC invocations=112 (full 0):
 garbage-first heap   total 238592K, used 198532K [0x0000000080000000, 0x0000000100000000)
  region size 1024K, 53 young (54272K), 3 survivors (3072K)
 Metaspace       used 146679K, capacity 150872K, committed 151120K, reserved 1181696K
  class space    used 18000K, capacity 19463K, committed 19584K, reserved 1048576K
}
Event: 1550.903 GC heap after
{Heap after GC invocations=113 (full 0):
 garbage-first heap   total 238592K, used 151130K [0x0000000080000000, 0x0000000100000000)
  region size 1024K, 6 young (6144K), 6 survivors (6144K)
 Metaspace       used 146679K, capacity 150872K, committed 151120K, reserved 1181696K
  class space    used 18000K, capacity 19463K, committed 19584K, reserved 1048576K
}
Event: 1550.962 GC heap before
{Heap before GC invocations=113 (full 0):
 garbage-first heap   total 238592K, used 156250K [0x0000000080000000, 0x0000000100000000)
  region size 1024K, 11 young (11264K), 6 survivors (6144K)
 Metaspace       used 146682K, capacity 150936K, committed 151120K, reserved 1181696K
  class space    used 18000K, capacity 19463K, committed 19584K, reserved 1048576K
}
Event: 1550.972 GC heap after
{Heap after GC invocations=114 (full 0):
 garbage-first heap   total 238592K, used 151407K [0x0000000080000000, 0x0000000100000000)
  region size 1024K, 1 young (1024K), 1 survivors (1024K)
 Metaspace       used 146682K, capacity 150936K, committed 151120K, reserved 1181696K
  class space    used 18000K, capacity 19463K, committed 19584K, reserved 1048576K
}
Event: 1551.383 GC heap before
{Heap before GC invocations=114 (full 0):
 garbage-first heap   total 238592K, used 200559K [0x0000000080000000, 0x0000000100000000)
  region size 1024K, 50 young (51200K), 1 survivors (1024K)
 Metaspace       used 147356K, capacity 151728K, committed 152016K, reserved 1181696K
  class space    used 18120K, capacity 19623K, committed 19712K, reserved 1048576K
}
Event: 1551.393 GC heap after
{Heap after GC invocations=115 (full 0):
 garbage-first heap   total 238592K, used 154057K [0x0000000080000000, 0x0000000100000000)
  region size 1024K, 4 young (4096K), 4 survivors (4096K)
 Metaspace       used 147356K, capacity 151728K, committed 152016K, reserved 1181696K
  class space    used 18120K, capacity 19623K, committed 19712K, reserved 1048576K
}
Event: 1585.763 GC heap before
{Heap before GC invocations=116 (full 0):
 garbage-first heap   total 238592K, used 202185K [0x0000000080000000, 0x0000000100000000)
  region size 1024K, 51 young (52224K), 4 survivors (4096K)
 Metaspace       used 149050K, capacity 153478K, committed 153680K, reserved 1183744K
  class space    used 18233K, capacity 19785K, committed 19840K, reserved 1048576K
}
Event: 1585.776 GC heap after
{Heap after GC invocations=117 (full 0):
 garbage-first heap   total 238592K, used 156908K [0x0000000080000000, 0x0000000100000000)
  region size 1024K, 7 young (7168K), 7 survivors (7168K)
 Metaspace       used 149050K, capacity 153478K, committed 153680K, reserved 1183744K
  class space    used 18233K, capacity 19785K, committed 19840K, reserved 1048576K
}
Event: 1585.879 GC heap before
{Heap before GC invocations=117 (full 0):
 garbage-first heap   total 238592K, used 159980K [0x0000000080000000, 0x0000000100000000)
  region size 1024K, 11 young (11264K), 7 survivors (7168K)
 Metaspace       used 149051K, capacity 153478K, committed 153680K, reserved 1183744K
  class space    used 18233K, capacity 19785K, committed 19840K, reserved 1048576K
}

Deoptimization events (20 events):
Event: 1551.898 Thread 0x00000207fdfe6800 Uncommon trap: trap_request=0xffffffde fr.pc=0x00000207e8022870 relative=0x0000000000000b10
Event: 1551.898 Thread 0x00000207fdfe6800 Uncommon trap: reason=class_check action=maybe_recompile pc=0x00000207e8022870 method=org.gradle.internal.classloader.CachingClassLoader.visit(Lorg/gradle/internal/classloader/ClassLoaderVisitor;)V @ 8 c2
Event: 1551.898 Thread 0x00000207fdfe6800 DEOPT PACKING pc=0x00000207e8022870 sp=0x00000009148fa8e0
Event: 1551.898 Thread 0x00000207fdfe6800 DEOPT UNPACKING pc=0x00000207df6a68a9 sp=0x00000009148fa870 mode 2
Event: 1551.898 Thread 0x00000207fdfe6800 Uncommon trap: trap_request=0xffffffc6 fr.pc=0x00000207e802285c relative=0x0000000000000afc
Event: 1551.898 Thread 0x00000207fdfe6800 Uncommon trap: reason=bimorphic_or_optimized_type_check action=maybe_recompile pc=0x00000207e802285c method=org.gradle.internal.classloader.ClassLoaderVisitor.visit(Ljava/lang/ClassLoader;)V @ 28 c2
Event: 1551.898 Thread 0x00000207fdfe6800 DEOPT PACKING pc=0x00000207e802285c sp=0x00000009148fa690
Event: 1551.898 Thread 0x00000207fdfe6800 DEOPT UNPACKING pc=0x00000207df6a68a9 sp=0x00000009148fa688 mode 2
Event: 1551.898 Thread 0x00000207fdfe6800 Uncommon trap: trap_request=0xffffffc6 fr.pc=0x00000207e802285c relative=0x0000000000000afc
Event: 1551.898 Thread 0x00000207fdfe6800 Uncommon trap: reason=bimorphic_or_optimized_type_check action=maybe_recompile pc=0x00000207e802285c method=org.gradle.internal.classloader.ClassLoaderVisitor.visit(Ljava/lang/ClassLoader;)V @ 28 c2
Event: 1551.898 Thread 0x00000207fdfe6800 DEOPT PACKING pc=0x00000207e802285c sp=0x00000009148fa430
Event: 1551.898 Thread 0x00000207fdfe6800 DEOPT UNPACKING pc=0x00000207df6a68a9 sp=0x00000009148fa428 mode 2
Event: 1551.898 Thread 0x00000207fdfe6800 Uncommon trap: trap_request=0xffffffc6 fr.pc=0x00000207e78b8b54 relative=0x0000000000003994
Event: 1551.898 Thread 0x00000207fdfe6800 Uncommon trap: reason=bimorphic_or_optimized_type_check action=maybe_recompile pc=0x00000207e78b8b54 method=com.google.common.cache.LocalCache$Segment.setValue(Lcom/google/common/cache/ReferenceEntry;Ljava/lang/Object;Ljava/lang/Object;J)V @ 51 c2
Event: 1551.898 Thread 0x00000207fdfe6800 DEOPT PACKING pc=0x00000207e78b8b54 sp=0x00000009148fa490
Event: 1551.898 Thread 0x00000207fdfe6800 DEOPT UNPACKING pc=0x00000207df6a68a9 sp=0x00000009148fa388 mode 2
Event: 1551.946 Thread 0x00000207fdfe9800 Uncommon trap: trap_request=0xffffff4d fr.pc=0x00000207e753a8c4 relative=0x0000000000000264
Event: 1551.946 Thread 0x00000207fdfe9800 Uncommon trap: reason=unstable_if action=reinterpret pc=0x00000207e753a8c4 method=org.gradle.internal.remote.internal.inet.SocketConnection$SocketOutputStream.write([BII)V @ 64 c2
Event: 1551.946 Thread 0x00000207fdfe9800 DEOPT PACKING pc=0x00000207e753a8c4 sp=0x0000000914dfb8c0
Event: 1551.946 Thread 0x00000207fdfe9800 DEOPT UNPACKING pc=0x00000207df6a68a9 sp=0x0000000914dfb8a8 mode 2

Classes redefined (0 events):
No events

Internal exceptions (20 events):
Event: 1550.244 Thread 0x00000207fdfe6800 Exception <a 'java/lang/ClassNotFoundException'{0x000000008de14a68}: org/jetbrains/plugins/gradle/tooling/util/JavaPluginUtilBeanInfo> (0x000000008de14a68) thrown at [./src/hotspot/share/classfile/systemDictionary.cpp, line 231]
Event: 1550.244 Thread 0x00000207fdfe6800 Exception <a 'java/lang/ClassNotFoundException'{0x000000008de22520}: org/jetbrains/plugins/gradle/tooling/util/JavaPluginUtilCustomizer> (0x000000008de22520) thrown at [./src/hotspot/share/classfile/systemDictionary.cpp, line 231]
Event: 1550.274 Thread 0x00000207fdfe6800 Exception <a 'java/lang/ClassNotFoundException'{0x000000008da16340}: org/gradle/api/internal/tasks/DefaultTaskContainer_DecoratedBeanInfo> (0x000000008da16340) thrown at [./src/hotspot/share/classfile/systemDictionary.cpp, line 231]
Event: 1550.275 Thread 0x00000207fdfe6800 Exception <a 'java/lang/ClassNotFoundException'{0x000000008da27388}: org/gradle/api/internal/tasks/DefaultTaskContainerBeanInfo> (0x000000008da27388) thrown at [./src/hotspot/share/classfile/systemDictionary.cpp, line 231]
Event: 1550.276 Thread 0x00000207fdfe6800 Exception <a 'java/lang/ClassNotFoundException'{0x000000008da38a28}: org/gradle/api/internal/tasks/DefaultTaskCollectionBeanInfo> (0x000000008da38a28) thrown at [./src/hotspot/share/classfile/systemDictionary.cpp, line 231]
Event: 1550.276 Thread 0x00000207fdfe6800 Exception <a 'java/lang/ClassNotFoundException'{0x000000008da4a098}: org/gradle/api/internal/tasks/DefaultTaskCollectionCustomizer> (0x000000008da4a098) thrown at [./src/hotspot/share/classfile/systemDictionary.cpp, line 231]
Event: 1550.279 Thread 0x00000207fdfe6800 Exception <a 'java/lang/ClassNotFoundException'{0x000000008da852b8}: org/gradle/api/internal/tasks/DefaultTaskContainerCustomizer> (0x000000008da852b8) thrown at [./src/hotspot/share/classfile/systemDictionary.cpp, line 231]
Event: 1550.282 Thread 0x00000207fdfe6800 Exception <a 'java/lang/ClassNotFoundException'{0x000000008dae11e8}: org/gradle/api/internal/tasks/DefaultTaskContainer_DecoratedCustomizer> (0x000000008dae11e8) thrown at [./src/hotspot/share/classfile/systemDictionary.cpp, line 231]
Event: 1550.299 Thread 0x00000207fdfe6800 Exception <a 'java/lang/ClassNotFoundException'{0x000000008d9d2928}: org/gradle/api/tasks/SourceSetBeanInfo> (0x000000008d9d2928) thrown at [./src/hotspot/share/classfile/systemDictionary.cpp, line 231]
Event: 1550.300 Thread 0x00000207fdfe6800 Exception <a 'java/lang/ClassNotFoundException'{0x000000008d9e8af8}: org/gradle/api/tasks/SourceSetCustomizer> (0x000000008d9e8af8) thrown at [./src/hotspot/share/classfile/systemDictionary.cpp, line 231]
Event: 1550.305 Thread 0x00000207fdfe6800 Exception <a 'java/lang/ClassNotFoundException'{0x000000008d864668}: java/util/LinkedHashMapBeanInfo> (0x000000008d864668) thrown at [./src/hotspot/share/classfile/systemDictionary.cpp, line 231]
Event: 1550.305 Thread 0x00000207fdfe6800 Exception <a 'java/lang/ClassNotFoundException'{0x000000008d86b6f8}: java/util/HashMapBeanInfo> (0x000000008d86b6f8) thrown at [./src/hotspot/share/classfile/systemDictionary.cpp, line 231]
Event: 1550.305 Thread 0x00000207fdfe6800 Exception <a 'java/lang/ClassNotFoundException'{0x000000008d873078}: java/util/AbstractMapBeanInfo> (0x000000008d873078) thrown at [./src/hotspot/share/classfile/systemDictionary.cpp, line 231]
Event: 1550.305 Thread 0x00000207fdfe6800 Exception <a 'java/lang/ClassNotFoundException'{0x000000008d87a9d0}: java/util/AbstractMapCustomizer> (0x000000008d87a9d0) thrown at [./src/hotspot/share/classfile/systemDictionary.cpp, line 231]
Event: 1550.306 Thread 0x00000207fdfe6800 Exception <a 'java/lang/ClassNotFoundException'{0x000000008d88c1c0}: java/util/HashMapCustomizer> (0x000000008d88c1c0) thrown at [./src/hotspot/share/classfile/systemDictionary.cpp, line 231]
Event: 1550.307 Thread 0x00000207fdfe6800 Exception <a 'java/lang/ClassNotFoundException'{0x000000008d8aa6e8}: java/util/LinkedHashMapCustomizer> (0x000000008d8aa6e8) thrown at [./src/hotspot/share/classfile/systemDictionary.cpp, line 231]
Event: 1550.797 Thread 0x00000207fdfe6800 Exception <a 'java/lang/reflect/InvocationTargetException'{0x000000008c003678}> (0x000000008c003678) thrown at [./src/hotspot/share/runtime/reflection.cpp, line 1247]
Event: 1551.945 Thread 0x00000207fdfe9800 Exception <a 'java/lang/NoSuchMethodError'{0x000000008c548b70}: <clinit>> (0x000000008c548b70) thrown at [./src/hotspot/share/prims/jni.cpp, line 1362]
Event: 1551.959 Thread 0x00000207fdfe9800 Exception <a 'java/lang/NoSuchMethodError'{0x000000008c566d70}: <clinit>> (0x000000008c566d70) thrown at [./src/hotspot/share/prims/jni.cpp, line 1362]
Event: 1551.960 Thread 0x00000207fdfe9800 Exception <a 'java/lang/NoSuchMethodError'{0x000000008c576be8}: <clinit>> (0x000000008c576be8) thrown at [./src/hotspot/share/prims/jni.cpp, line 1362]

Events (20 events):
Event: 1585.608 Thread 0x00000207802e0000 Thread added: 0x00000207802e0000
Event: 1585.610 Thread 0x00000207802db800 Thread added: 0x00000207802db800
Event: 1585.610 Thread 0x00000207802e2000 Thread added: 0x00000207802e2000
Event: 1585.624 Thread 0x00000207802dd800 Thread added: 0x00000207802dd800
Event: 1585.642 Thread 0x00000207802dc000 Thread added: 0x00000207802dc000
Event: 1585.652 Thread 0x00000207fdfdd800 Thread added: 0x00000207fdfdd800
Event: 1585.656 Thread 0x00000207fdfe2000 Thread added: 0x00000207fdfe2000
Event: 1585.678 Thread 0x00000207fdfe4800 Thread added: 0x00000207fdfe4800
Event: 1585.725 Thread 0x00000207fdfe9800 Thread added: 0x00000207fdfe9800
Event: 1585.755 Thread 0x00000207fdfe4000 Thread added: 0x00000207fdfe4000
Event: 1585.756 Thread 0x00000207fdfe5800 Thread added: 0x00000207fdfe5800
Event: 1585.756 Thread 0x00000207fdff6800 Thread added: 0x00000207fdff6800
Event: 1585.756 Executing VM operation: RevokeBias
Event: 1585.756 Executing VM operation: RevokeBias done
Event: 1585.757 Executing VM operation: RevokeBias
Event: 1585.757 Executing VM operation: RevokeBias done
Event: 1585.758 Thread 0x00000207fdffa800 Thread added: 0x00000207fdffa800
Event: 1585.763 Executing VM operation: G1CollectForAllocation
Event: 1585.776 Executing VM operation: G1CollectForAllocation done
Event: 1585.879 Executing VM operation: G1CollectForAllocation


Dynamic libraries:
0x00007ff66a0a0000 - 0x00007ff66a0aa000 	C:\Program Files\Android\Android Studio\jre\bin\java.exe
0x00007ff9ec8b0000 - 0x00007ff9ecaa5000 	C:\Windows\SYSTEM32\ntdll.dll
0x00007ff9eb5a0000 - 0x00007ff9eb65e000 	C:\Windows\System32\KERNEL32.DLL
0x00007ff9ea340000 - 0x00007ff9ea609000 	C:\Windows\System32\KERNELBASE.dll
0x00007ff9ea780000 - 0x00007ff9ea880000 	C:\Windows\System32\ucrtbase.dll
0x00007ff9e6d90000 - 0x00007ff9e6da9000 	C:\Program Files\Android\Android Studio\jre\bin\jli.dll
0x00007ff9db460000 - 0x00007ff9db477000 	C:\Program Files\Android\Android Studio\jre\bin\VCRUNTIME140.dll
0x00007ff9ec140000 - 0x00007ff9ec2e1000 	C:\Windows\System32\USER32.dll
0x00007ff9ea880000 - 0x00007ff9ea8a2000 	C:\Windows\System32\win32u.dll
0x00007ff9e9460000 - 0x00007ff9e96fa000 	C:\Windows\WinSxS\amd64_microsoft.windows.common-controls_6595b64144ccf1df_6.0.19041.1110_none_60b5254171f9507e\COMCTL32.dll
0x00007ff9eaa70000 - 0x00007ff9eaa9b000 	C:\Windows\System32\GDI32.dll
0x00007ff9ec580000 - 0x00007ff9ec61e000 	C:\Windows\System32\msvcrt.dll
0x00007ff9ea670000 - 0x00007ff9ea77b000 	C:\Windows\System32\gdi32full.dll
0x00007ff9ea2a0000 - 0x00007ff9ea33d000 	C:\Windows\System32\msvcp_win.dll
0x00007ff9eaa40000 - 0x00007ff9eaa70000 	C:\Windows\System32\IMM32.DLL
0x00007ff9d8410000 - 0x00007ff9d84ad000 	C:\Program Files\Android\Android Studio\jre\bin\msvcp140.dll
0x00007ff997640000 - 0x00007ff9980fc000 	C:\Program Files\Android\Android Studio\jre\bin\server\jvm.dll
0x00007ff9ec7c0000 - 0x00007ff9ec86c000 	C:\Windows\System32\ADVAPI32.dll
0x00007ff9ec2f0000 - 0x00007ff9ec38b000 	C:\Windows\System32\sechost.dll
0x00007ff9eaf80000 - 0x00007ff9eb0aa000 	C:\Windows\System32\RPCRT4.dll
0x00007ff9ec690000 - 0x00007ff9ec698000 	C:\Windows\System32\PSAPI.DLL
0x00007ff9c9b00000 - 0x00007ff9c9b09000 	C:\Windows\SYSTEM32\WSOCK32.dll
0x00007ff9eb710000 - 0x00007ff9eb77b000 	C:\Windows\System32\WS2_32.dll
0x00007ff9c1850000 - 0x00007ff9c1877000 	C:\Windows\SYSTEM32\WINMM.dll
0x00007ff9e3590000 - 0x00007ff9e359a000 	C:\Windows\SYSTEM32\VERSION.dll
0x00007ff9e7220000 - 0x00007ff9e7232000 	C:\Windows\SYSTEM32\kernel.appcore.dll
0x00007ff99eb60000 - 0x00007ff99eb71000 	C:\Program Files\Android\Android Studio\jre\bin\verify.dll
0x00007ff9e98f0000 - 0x00007ff9e9ad4000 	C:\Windows\SYSTEM32\DBGHELP.DLL
0x00007ff9e98c0000 - 0x00007ff9e98ec000 	C:\Windows\SYSTEM32\dbgcore.DLL
0x00007ff9e9fd0000 - 0x00007ff9ea053000 	C:\Windows\System32\bcryptPrimitives.dll
0x00007ff99eb30000 - 0x00007ff99eb59000 	C:\Program Files\Android\Android Studio\jre\bin\java.dll
0x00007ff9c9a90000 - 0x00007ff9c9a9b000 	C:\Program Files\Android\Android Studio\jre\bin\jimage.dll
0x00007ff99eac0000 - 0x00007ff99ead8000 	C:\Program Files\Android\Android Studio\jre\bin\zip.dll
0x00007ff9eb930000 - 0x00007ff9ec06f000 	C:\Windows\System32\SHELL32.dll
0x00007ff9e7aa0000 - 0x00007ff9e8230000 	C:\Windows\SYSTEM32\windows.storage.dll
0x00007ff9eb1e0000 - 0x00007ff9eb535000 	C:\Windows\System32\combase.dll
0x00007ff9e91a0000 - 0x00007ff9e91cc000 	C:\Windows\SYSTEM32\Wldp.dll
0x00007ff9eb660000 - 0x00007ff9eb70e000 	C:\Windows\System32\SHCORE.dll
0x00007ff9eaaa0000 - 0x00007ff9eaaf5000 	C:\Windows\System32\shlwapi.dll
0x00007ff9e9f10000 - 0x00007ff9e9f2f000 	C:\Windows\SYSTEM32\profapi.dll
0x00007ff99eaa0000 - 0x00007ff99eaba000 	C:\Program Files\Android\Android Studio\jre\bin\net.dll
0x00007ff9d80e0000 - 0x00007ff9d81e8000 	C:\Windows\SYSTEM32\WINHTTP.dll
0x00007ff9e9010000 - 0x00007ff9e907a000 	C:\Windows\system32\mswsock.dll
0x00007ff99e3d0000 - 0x00007ff99e3e4000 	C:\Program Files\Android\Android Studio\jre\bin\nio.dll
0x00007ff9db620000 - 0x00007ff9db647000 	C:\Users\User\.gradle\native\fdc75f09e3144964f2cf3f50f0aa648679c211496f362492102eb8c894070792\windows-amd64\native-platform.dll
0x00007ff9db480000 - 0x00007ff9db616000 	C:\Users\User\.gradle\native\12488b8bf47d2d4c9fbf2f6322a914ad602e24e48041cd04a747c6da556b65c4\windows-amd64\native-platform-file-events.dll
0x00007ff9c9a00000 - 0x00007ff9c9a0a000 	C:\Program Files\Android\Android Studio\jre\bin\management.dll
0x00007ff9c8260000 - 0x00007ff9c826c000 	C:\Program Files\Android\Android Studio\jre\bin\management_ext.dll
0x00007ff9e9c80000 - 0x00007ff9e9c98000 	C:\Windows\SYSTEM32\CRYPTSP.dll
0x00007ff9e89d0000 - 0x00007ff9e8a04000 	C:\Windows\system32\rsaenh.dll
0x00007ff9ea1c0000 - 0x00007ff9ea1e7000 	C:\Windows\System32\bcrypt.dll
0x00007ff9e9ed0000 - 0x00007ff9e9efe000 	C:\Windows\SYSTEM32\USERENV.dll
0x00007ff9e9250000 - 0x00007ff9e925c000 	C:\Windows\SYSTEM32\CRYPTBASE.dll
0x00007ff9e8d20000 - 0x00007ff9e8d5b000 	C:\Windows\SYSTEM32\IPHLPAPI.DLL
0x00007ff9ec620000 - 0x00007ff9ec628000 	C:\Windows\System32\NSI.dll
0x00007ff9e2990000 - 0x00007ff9e29a7000 	C:\Windows\SYSTEM32\dhcpcsvc6.DLL
0x00007ff9e2710000 - 0x00007ff9e272d000 	C:\Windows\SYSTEM32\dhcpcsvc.DLL
0x00007ff9e8d60000 - 0x00007ff9e8e2c000 	C:\Windows\SYSTEM32\DNSAPI.dll
0x00007ff9e2c70000 - 0x00007ff9e2c7b000 	C:\Windows\SYSTEM32\WINNSI.DLL
0x00007ff9d8720000 - 0x00007ff9d873e000 	C:\Users\User\AppData\Local\Temp\native-platform16097436518468817333dir\native-platform.dll
0x00007ff9e6d70000 - 0x00007ff9e6d78000 	C:\Program Files\Android\Android Studio\jre\bin\rmi.dll
0x00007ff998f60000 - 0x00007ff998f87000 	C:\Program Files\Android\Android Studio\jre\bin\sunec.dll

dbghelp: loaded successfully - version: 4.0.5 - missing functions: none
symbol engine: initialized successfully - sym options: 0x614 - pdb path: .;C:\Program Files\Android\Android Studio\jre\bin;C:\Windows\SYSTEM32;C:\Windows\WinSxS\amd64_microsoft.windows.common-controls_6595b64144ccf1df_6.0.19041.1110_none_60b5254171f9507e;C:\Program Files\Android\Android Studio\jre\bin\server;C:\Users\User\.gradle\native\fdc75f09e3144964f2cf3f50f0aa648679c211496f362492102eb8c894070792\windows-amd64;C:\Users\User\.gradle\native\12488b8bf47d2d4c9fbf2f6322a914ad602e24e48041cd04a747c6da556b65c4\windows-amd64;C:\Users\User\AppData\Local\Temp\native-platform16097436518468817333dir

VM Arguments:
jvm_args: --add-opens=java.base/java.util=ALL-UNNAMED --add-opens=java.base/java.lang=ALL-UNNAMED --add-opens=java.base/java.lang.invoke=ALL-UNNAMED --add-opens=java.prefs/java.util.prefs=ALL-UNNAMED -Xmx2048m -Dfile.encoding=UTF-8 -Duser.country=RU -Duser.language=ru -Duser.variant 
java_command: org.gradle.launcher.daemon.bootstrap.GradleDaemon 6.7.1
java_class_path (initial): C:\Users\User\.gradle\wrapper\dists\gradle-6.7.1-bin\bwlcbys1h7rz3272sye1xwiv6\gradle-6.7.1\lib\gradle-launcher-6.7.1.jar
Launcher Type: SUN_STANDARD

[Global flags]
     intx CICompilerCount                          = 3                                         {product} {ergonomic}
     uint ConcGCThreads                            = 1                                         {product} {ergonomic}
     uint G1ConcRefinementThreads                  = 4                                         {product} {ergonomic}
   size_t G1HeapRegionSize                         = 1048576                                   {product} {ergonomic}
    uintx GCDrainStackTargetSize                   = 64                                        {product} {ergonomic}
   size_t InitialHeapSize                          = 96468992                                  {product} {ergonomic}
   size_t MarkStackSize                            = 4194304                                   {product} {ergonomic}
   size_t MaxHeapSize                              = 2147483648                                {product} {command line}
   size_t MaxNewSize                               = 1287651328                                {product} {ergonomic}
   size_t MinHeapDeltaBytes                        = 1048576                                   {product} {ergonomic}
    uintx NonNMethodCodeHeapSize                   = 5830732                                {pd product} {ergonomic}
    uintx NonProfiledCodeHeapSize                  = 122913754                              {pd product} {ergonomic}
    uintx ProfiledCodeHeapSize                     = 122913754                              {pd product} {ergonomic}
    uintx ReservedCodeCacheSize                    = 251658240                              {pd product} {ergonomic}
     bool SegmentedCodeCache                       = true                                      {product} {ergonomic}
     bool UseCompressedClassPointers               = true                                 {lp64_product} {ergonomic}
     bool UseCompressedOops                        = true                                 {lp64_product} {ergonomic}
     bool UseG1GC                                  = true                                      {product} {ergonomic}
     bool UseLargePagesIndividualAllocation        = false                                  {pd product} {ergonomic}

Logging:
Log output configuration:
 #0: stdout all=warning uptime,level,tags
 #1: stderr all=off uptime,level,tags

Environment Variables:
PATH=C:\Program Files (x86)\Intel\Intel(R) Management Engine Components\iCLS\;C:\Program Files\Intel\Intel(R) Management Engine Components\iCLS\;C:\Windows\system32;C:\Windows;C:\Windows\System32\Wbem;C:\Windows\System32\WindowsPowerShell\v1.0\;C:\Windows\System32\OpenSSH\;C:\Program Files (x86)\Intel\Intel(R) Management Engine Components\DAL;C:\Program Files\Intel\Intel(R) Management Engine Components\DAL;C:\Program Files (x86)\Intel\Intel(R) Management Engine Components\IPT;C:\Program Files\Intel\Intel(R) Management Engine Components\IPT;C:\Program Files\Git\cmd;C:\Users\User\AppData\Local\Microsoft\WindowsApps;
USERNAME=User
OS=Windows_NT
PROCESSOR_IDENTIFIER=Intel64 Family 6 Model 158 Stepping 10, GenuineIntel



---------------  S Y S T E M  ---------------

OS: Windows 10 , 64 bit Build 19041 (10.0.19041.1202)
OS uptime: 0 days 2:57 hours

CPU:total 4 (initial active 4) (2 cores per cpu, 2 threads per core) family 6 model 158 stepping 10, cmov, cx8, fxsr, mmx, sse, sse2, sse3, ssse3, sse4.1, sse4.2, popcnt, aes, clmul, erms, 3dnowpref, lzcnt, ht, tsc, tscinvbit

Memory: 4k page, system-wide physical 5853M (739M free)
TotalPageFile size 8285M (AvailPageFile size 2456M)
current process WorkingSet (physical memory assigned to process): 605M, peak: 632M
current process commit charge ("private bytes"): 644M, peak: 664M

vm_info: OpenJDK 64-Bit Server VM (11.0.8+10-b944.6842174) for windows-amd64 JRE (11.0.8+10-b944.6842174), built on Sep 19 2020 01:11:42 by "builder" with MS VC++ 14.0 (VS2015)

END.
