#
# A fatal error has been detected by the Java Runtime Environment:
#
#  EXCEPTION_ACCESS_VIOLATION (0xc0000005) at pc=0x00007fff0d8c4580, pid=9624, tid=9752
#
# JRE version: OpenJDK Runtime Environment (11.0.8+10) (build 11.0.8+10-b944.6842174)
# Java VM: OpenJDK 64-Bit Server VM (11.0.8+10-b944.6842174, mixed mode, tiered, compressed oops, g1 gc, windows-amd64)
# Problematic frame:
# V  [jvm.dll+0x5b4580]
#
# No core dump will be written. Minidumps are not enabled by default on client versions of Windows
#
# If you would like to submit a bug report, please visit:
#   https://bugreport.java.com/bugreport/crash.jsp
#

---------------  S U M M A R Y ------------

Command Line: --add-opens=java.base/java.util=ALL-UNNAMED --add-opens=java.base/java.lang=ALL-UNNAMED --add-opens=java.base/java.lang.invoke=ALL-UNNAMED --add-opens=java.prefs/java.util.prefs=ALL-UNNAMED -Xmx2048m -Dfile.encoding=UTF-8 -Duser.country=RU -Duser.language=ru -Duser.variant org.gradle.launcher.daemon.bootstrap.GradleDaemon 6.7.1

Host: Intel(R) Pentium(R) Gold G5420 CPU @ 3.80GHz, 4 cores, 5G,  Windows 10 , 64 bit Build 19041 (10.0.19041.1202)
Time: Wed Oct 20 06:15:16 2021 Пакистан (зима) elapsed time: 200 seconds (0d 0h 3m 20s)

---------------  T H R E A D  ---------------

Current thread (0x000001c47f70a000):  JavaThread "Sweeper thread" daemon [_thread_in_vm, id=9752, stack(0x000000b615c00000,0x000000b615d00000)]

Stack: [0x000000b615c00000,0x000000b615d00000],  sp=0x000000b615cff6a8,  free space=1021k
Native frames: (J=compiled Java code, j=interpreted, Vv=VM code, C=native code)
V  [jvm.dll+0x5b4580]


siginfo: EXCEPTION_ACCESS_VIOLATION (0xc0000005), reading address 0x000045c46e5051c0


Register to memory mapping:

RIP=0x00007fff0d8c4580 jvm.dll
RAX=0x00007fff0db61a28 jvm.dll
RBX=0x000001c47ed35980 points into unknown readable memory: a0 59 d3 7e c4 01 00 00
RCX=0x000045c46e5051bf is an unknown value
RDX=0x000000b615cff720 is pointing into the stack for thread: 0x000001c47f70a000
RSP=0x000000b615cff6a8 is pointing into the stack for thread: 0x000001c47f70a000
RBP=0x000001c47ed31420 points into unknown readable memory: 02 00 00 00 00 00 00 00
RSI=0x000001c46e504d10 is at entry_point+-944 in (nmethod*)0x000001c46e504d10
RDI=0x000001c47f70a000 is a thread
R8 =0x0000000000003000 is an unknown value
R9 =0x0000000000000010 is an unknown value
R10=0x000001c46e504e86 is at entry_point+-570 in (nmethod*)0x000001c46e504d10
R11=0x000001c46e5050c0 is at entry_point+0 in (nmethod*)0x000001c46e504d10
R12=0x0 is NULL
R13=0x000001c47ed35970 points into unknown readable memory: 00 00 00 00 00 00 00 00
R14=0x0 is NULL
R15=0x0 is NULL


Registers:
RAX=0x00007fff0db61a28, RBX=0x000001c47ed35980, RCX=0x000045c46e5051bf, RDX=0x000000b615cff720
RSP=0x000000b615cff6a8, RBP=0x000001c47ed31420, RSI=0x000001c46e504d10, RDI=0x000001c47f70a000
R8 =0x0000000000003000, R9 =0x0000000000000010, R10=0x000001c46e504e86, R11=0x000001c46e5050c0
R12=0x0000000000000000, R13=0x000001c47ed35970, R14=0x0000000000000000, R15=0x0000000000000000
RIP=0x00007fff0d8c4580, EFLAGS=0x0000000000010202

Top of Stack: (sp=0x000000b615cff6a8)
0x000000b615cff6a8:   00007fff0d51a661 000000b615cff720
0x000000b615cff6b8:   000001c46e4fd690 0000000000000000
0x000000b615cff6c8:   0000000000000000 000001c47ed35980
0x000000b615cff6d8:   00007fff0d51c0c3 0000000000000000
0x000000b615cff6e8:   000001c46e504d10 000001c46e504d10
0x000000b615cff6f8:   000001c47f70a000 0000000000000000
0x000000b615cff708:   0000000000000000 000001c47ed35980
0x000000b615cff718:   000001c47ed35d58 0000000000000000
0x000000b615cff728:   000001c46e504e94 000051c46e5050c0
0x000000b615cff738:   000001c46e504d10 000045c46e5051bf
0x000000b615cff748:   000000000000000a 000001c46e503fd4
0x000000b615cff758:   00007fff0d010000 000001c46e5050c0
0x000000b615cff768:   000001c46e5050c0 000001c46e506920
0x000000b615cff778:   000001c46e5050c0 000001c46e506920
0x000000b615cff788:   000001c46e506a38 00007fff0da4e440
0x000000b615cff798:   0000000000000000 000001c46e50465d 

Instructions: (pc=0x00007fff0d8c4580)
0x00007fff0d8c4480:   c1 02 00 4c 8d 4c 24 34 41 b8 00 04 00 00 48 8d
0x00007fff0d8c4490:   54 24 40 48 8b ce e8 65 b8 c8 ff 84 c0 74 19 44
0x00007fff0d8c44a0:   8b 4c 24 34 4c 8d 44 24 40 48 8d 15 00 c3 29 00
0x00007fff0d8c44b0:   48 8b cb e8 f8 c0 02 00 48 8b cb e8 d0 b2 02 00
0x00007fff0d8c44c0:   48 ff c5 48 83 fd 04 0f 8c 33 ff ff ff 48 8b ac
0x00007fff0d8c44d0:   24 90 04 00 00 48 8b b4 24 50 04 00 00 48 8b 8c
0x00007fff0d8c44e0:   24 40 04 00 00 48 33 cc e8 43 68 18 00 48 81 c4
0x00007fff0d8c44f0:   58 04 00 00 41 5f 41 5e 5f 5b c3 cc cc cc cc cc
0x00007fff0d8c4500:   40 53 48 83 ec 20 48 8b da f6 c2 07 74 24 4c 8d
0x00007fff0d8c4510:   0d eb c3 29 00 ba 0a 02 00 00 4c 8d 05 0f c4 29
0x00007fff0d8c4520:   00 48 8d 0d 98 c2 29 00 e8 f3 a0 c8 ff e8 8e 9a
0x00007fff0d8c4530:   02 00 48 8d 43 04 48 33 c3 48 a9 c0 ff ff ff 74
0x00007fff0d8c4540:   29 4c 8d 0d 30 c4 29 00 ba 0e 02 00 00 4c 8d 05
0x00007fff0d8c4550:   4c c4 29 00 48 8d 0d 65 c2 29 00 e8 c0 a0 c8 ff
0x00007fff0d8c4560:   48 83 c4 20 5b e9 56 9a 02 00 48 83 c4 20 5b c3
0x00007fff0d8c4570:   48 63 41 03 48 8b 44 08 07 c3 cc cc cc cc cc cc
0x00007fff0d8c4580:   48 63 41 01 48 83 c0 05 48 03 c1 c3 cc cc cc cc
0x00007fff0d8c4590:   48 63 41 02 48 8b 44 08 06 c3 cc cc cc cc cc cc
0x00007fff0d8c45a0:   48 63 41 01 48 8d 51 05 48 03 d0 80 3a ff 48 8d
0x00007fff0d8c45b0:   4a 07 48 0f 45 d1 48 63 42 02 48 8b 44 10 06 c3
0x00007fff0d8c45c0:   48 89 5c 24 08 57 48 83 ec 20 48 8b da 48 8b f9
0x00007fff0d8c45d0:   48 2b d9 48 83 eb 05 48 63 c3 48 3b d8 74 24 4c
0x00007fff0d8c45e0:   8d 0d 02 d4 27 00 ba 6d 02 00 00 4c 8d 05 d6 c2
0x00007fff0d8c45f0:   29 00 48 8d 0d c7 c1 29 00 e8 22 a0 c8 ff e8 bd
0x00007fff0d8c4600:   99 02 00 ba 05 00 00 00 c6 07 e9 48 8b cf 89 5f
0x00007fff0d8c4610:   01 48 8b 5c 24 30 48 83 c4 20 5f e9 60 7d d9 ff
0x00007fff0d8c4620:   0f b6 11 45 33 c0 80 fa c5 75 05 41 8d 40 02 c3
0x00007fff0d8c4630:   80 fa c4 75 06 b8 03 00 00 00 c3 80 fa 62 75 06
0x00007fff0d8c4640:   b8 04 00 00 00 c3 8d 42 c0 3c 0f 77 0a 0f b6 51
0x00007fff0d8c4650:   01 41 b8 01 00 00 00 80 fa 33 75 09 41 83 c0 02
0x00007fff0d8c4660:   41 0f b6 14 08 80 fa 66 75 08 41 ff c0 41 0f b6
0x00007fff0d8c4670:   14 08 8d 42 0e 3c 01 77 08 41 ff c0 41 0f b6 14 


Stack slot to memory mapping:
stack at sp + 0 slots: 0x00007fff0d51a661 jvm.dll
stack at sp + 1 slots: 0x000000b615cff720 is pointing into the stack for thread: 0x000001c47f70a000
stack at sp + 2 slots: 0x000001c46e4fd690 is at entry_point+-1424 in (nmethod*)0x000001c46e4fd690
stack at sp + 3 slots: 0x0 is NULL
stack at sp + 4 slots: 0x0 is NULL
stack at sp + 5 slots: 0x000001c47ed35980 points into unknown readable memory: a0 59 d3 7e c4 01 00 00
stack at sp + 6 slots: 0x00007fff0d51c0c3 jvm.dll
stack at sp + 7 slots: 0x0 is NULL


---------------  P R O C E S S  ---------------

Threads class SMR info:
_java_thread_list=0x000001c406698130, length=54, elements={
0x000001c4692cf000, 0x000001c47ed10000, 0x000001c47ed11800, 0x000001c47ed2e000,
0x000001c47ed30000, 0x000001c47ed32000, 0x000001c47ed7c000, 0x000001c47f70a000,
0x000001c47f7e2800, 0x000001c47f7fd000, 0x000001c405d3a800, 0x000001c404939800,
0x000001c40493a000, 0x000001c4058d7000, 0x000001c4058dc800, 0x000001c4058da000,
0x000001c4058d8800, 0x000001c405ef6800, 0x000001c407b22000, 0x000001c408019000,
0x000001c408019800, 0x000001c40801b800, 0x000001c40801c000, 0x000001c40801a800,
0x000001c408026000, 0x000001c407b16800, 0x000001c407b1b000, 0x000001c407b19000,
0x000001c407b1b800, 0x000001c407b1a000, 0x000001c407b16000, 0x000001c407b1c800,
0x000001c407b1d000, 0x000001c407b17800, 0x000001c407b1e000, 0x000001c407b18800,
0x000001c407b23000, 0x000001c407b1f800, 0x000001c407b23800, 0x000001c407b24800,
0x000001c407b21800, 0x000001c407b1f000, 0x000001c407b20800, 0x000001c405ef7000,
0x000001c405ef8000, 0x000001c405ef9000, 0x000001c405efa800, 0x000001c405efb800,
0x000001c405ef5800, 0x000001c405efd800, 0x000001c405f02000, 0x000001c405f00000,
0x000001c405f01000, 0x000001c405efc000
}

Java Threads: ( => current thread )
  0x000001c4692cf000 JavaThread "main" [_thread_blocked, id=9812, stack(0x000000b614f00000,0x000000b615000000)]
  0x000001c47ed10000 JavaThread "Reference Handler" daemon [_thread_blocked, id=9820, stack(0x000000b615600000,0x000000b615700000)]
  0x000001c47ed11800 JavaThread "Finalizer" daemon [_thread_blocked, id=9772, stack(0x000000b615700000,0x000000b615800000)]
  0x000001c47ed2e000 JavaThread "Signal Dispatcher" daemon [_thread_blocked, id=9808, stack(0x000000b615800000,0x000000b615900000)]
  0x000001c47ed30000 JavaThread "Attach Listener" daemon [_thread_blocked, id=9780, stack(0x000000b615900000,0x000000b615a00000)]
  0x000001c47ed32000 JavaThread "C2 CompilerThread0" daemon [_thread_blocked, id=9784, stack(0x000000b615a00000,0x000000b615b00000)]
  0x000001c47ed7c000 JavaThread "C1 CompilerThread0" daemon [_thread_blocked, id=9776, stack(0x000000b615b00000,0x000000b615c00000)]
=>0x000001c47f70a000 JavaThread "Sweeper thread" daemon [_thread_in_vm, id=9752, stack(0x000000b615c00000,0x000000b615d00000)]
  0x000001c47f7e2800 JavaThread "Common-Cleaner" daemon [_thread_blocked, id=9960, stack(0x000000b615d00000,0x000000b615e00000)]
  0x000001c47f7fd000 JavaThread "Service Thread" daemon [_thread_blocked, id=9972, stack(0x000000b615e00000,0x000000b615f00000)]
  0x000001c405d3a800 JavaThread "Daemon health stats" [_thread_blocked, id=8124, stack(0x000000b616000000,0x000000b616100000)]
  0x000001c404939800 JavaThread "Incoming local TCP Connector on port 49717" [_thread_in_native, id=5628, stack(0x000000b616400000,0x000000b616500000)]
  0x000001c40493a000 JavaThread "Daemon periodic checks" [_thread_blocked, id=6196, stack(0x000000b616500000,0x000000b616600000)]
  0x000001c4058d7000 JavaThread "Cache worker for file hash cache (C:\Users\User\.gradle\caches\6.7.1\fileHashes)" [_thread_blocked, id=10196, stack(0x000000b616f00000,0x000000b617000000)]
  0x000001c4058dc800 JavaThread "File lock request listener" [_thread_in_native, id=5996, stack(0x000000b617000000,0x000000b617100000)]
  0x000001c4058da000 JavaThread "Cache worker for journal cache (C:\Users\User\.gradle\caches\journal-1)" [_thread_blocked, id=2732, stack(0x000000b617100000,0x000000b617200000)]
  0x000001c4058d8800 JavaThread "Cache worker for execution history cache (C:\Users\User\.gradle\caches\6.7.1\executionHistory)" [_thread_blocked, id=9344, stack(0x000000b617600000,0x000000b617700000)]
  0x000001c405ef6800 JavaThread "Cache worker for file content cache (C:\Users\User\.gradle\caches\6.7.1\fileContent)" [_thread_blocked, id=9360, stack(0x000000b617800000,0x000000b617900000)]
  0x000001c407b22000 JavaThread "Memory manager" [_thread_blocked, id=1932, stack(0x000000b61f700000,0x000000b61f800000)]
  0x000001c408019000 JavaThread "RMI Scheduler(0)" daemon [_thread_blocked, id=9980, stack(0x000000b614d00000,0x000000b614e00000)]
  0x000001c408019800 JavaThread "RMI GC Daemon" daemon [_thread_blocked, id=5104, stack(0x000000b61fe00000,0x000000b61ff00000)]
  0x000001c40801b800 JavaThread "RMI TCP Accept-0" daemon [_thread_in_native, id=9848, stack(0x000000b61ff00000,0x000000b620000000)]
  0x000001c40801c000 JavaThread "RMI Reaper" [_thread_blocked, id=4488, stack(0x000000b620000000,0x000000b620100000)]
  0x000001c40801a800 JavaThread "Cache worker for Java compile cache (C:\Users\User\.gradle\caches\6.7.1\javaCompile)" [_thread_blocked, id=5268, stack(0x000000b61f600000,0x000000b61f700000)]
  0x000001c408026000 JavaThread "ForkJoinPool.commonPool-worker-7" daemon [_thread_blocked, id=8384, stack(0x000000b620900000,0x000000b620a00000)]
  0x000001c407b16800 JavaThread "Daemon Thread 2" [_thread_blocked, id=8896, stack(0x000000b614c00000,0x000000b614d00000)]
  0x000001c407b1b000 JavaThread "Handler for socket connection from /127.0.0.1:49717 to /127.0.0.1:49877" [_thread_in_native, id=5708, stack(0x000000b614e00000,0x000000b614f00000)]
  0x000001c407b19000 JavaThread "Cancel handler" [_thread_blocked, id=5752, stack(0x000000b616200000,0x000000b616300000)]
  0x000001c407b1b800 JavaThread "Daemon worker Thread 2" [_thread_blocked, id=6960, stack(0x000000b616300000,0x000000b616400000)]
  0x000001c407b1a000 JavaThread "Asynchronous log dispatcher for DefaultDaemonConnection: socket connection from /127.0.0.1:49717 to /127.0.0.1:49877" [_thread_blocked, id=6104, stack(0x000000b616600000,0x000000b616700000)]
  0x000001c407b16000 JavaThread "Stdin handler" [_thread_blocked, id=8932, stack(0x000000b616800000,0x000000b616900000)]
  0x000001c407b1c800 JavaThread "Thread-164" [_thread_blocked, id=8868, stack(0x000000b616900000,0x000000b616a00000)]
  0x000001c407b1d000 JavaThread "Cache worker for file hash cache (C:\Users\User\AndroidStudioProjects\ApiRetrofit\.gradle\6.7.1\fileHashes)" [_thread_blocked, id=9188, stack(0x000000b616a00000,0x000000b616b00000)]
  0x000001c407b17800 JavaThread "jar transforms Thread 122" [_thread_blocked, id=3596, stack(0x000000b616b00000,0x000000b616c00000)]
  0x000001c407b1e000 JavaThread "jar transforms Thread 123" [_thread_blocked, id=4616, stack(0x000000b616c00000,0x000000b616d00000)]
  0x000001c407b18800 JavaThread "jar transforms Thread 124" [_thread_blocked, id=9604, stack(0x000000b617200000,0x000000b617300000)]
  0x000001c407b23000 JavaThread "jar transforms Thread 125" [_thread_blocked, id=7096, stack(0x000000b617300000,0x000000b617400000)]
  0x000001c407b1f800 JavaThread "jar transforms Thread 126" [_thread_blocked, id=6828, stack(0x000000b617400000,0x000000b617500000)]
  0x000001c407b23800 JavaThread "jar transforms Thread 127" [_thread_blocked, id=6860, stack(0x000000b617500000,0x000000b617600000)]
  0x000001c407b24800 JavaThread "jar transforms Thread 128" [_thread_blocked, id=6780, stack(0x000000b617700000,0x000000b617800000)]
  0x000001c407b21800 JavaThread "jar transforms Thread 129" [_thread_blocked, id=6920, stack(0x000000b617900000,0x000000b617a00000)]
  0x000001c407b1f000 JavaThread "jar transforms Thread 130" [_thread_blocked, id=3376, stack(0x000000b617a00000,0x000000b617b00000)]
  0x000001c407b20800 JavaThread "jar transforms Thread 131" [_thread_blocked, id=7656, stack(0x000000b617b00000,0x000000b617c00000)]
  0x000001c405ef7000 JavaThread "jar transforms Thread 132" [_thread_blocked, id=5376, stack(0x000000b617c00000,0x000000b617d00000)]
  0x000001c405ef8000 JavaThread "jar transforms Thread 133" [_thread_blocked, id=8088, stack(0x000000b617d00000,0x000000b617e00000)]
  0x000001c405ef9000 JavaThread "jar transforms Thread 134" [_thread_blocked, id=9056, stack(0x000000b617e00000,0x000000b617f00000)]
  0x000001c405efa800 JavaThread "jar transforms Thread 135" [_thread_blocked, id=7840, stack(0x000000b617f00000,0x000000b618000000)]
  0x000001c405efb800 JavaThread "jar transforms Thread 136" [_thread_blocked, id=1176, stack(0x000000b618000000,0x000000b618100000)]
  0x000001c405ef5800 JavaThread "jar transforms Thread 137" [_thread_blocked, id=10088, stack(0x000000b618100000,0x000000b618200000)]
  0x000001c405efd800 JavaThread "jar transforms Thread 138" [_thread_blocked, id=7700, stack(0x000000b618200000,0x000000b618300000)]
  0x000001c405f02000 JavaThread "jar transforms Thread 139" [_thread_blocked, id=9516, stack(0x000000b618300000,0x000000b618400000)]
  0x000001c405f00000 JavaThread "jar transforms Thread 140" [_thread_blocked, id=9500, stack(0x000000b618400000,0x000000b618500000)]
  0x000001c405f01000 JavaThread "jar transforms Thread 141" [_thread_blocked, id=9860, stack(0x000000b618500000,0x000000b618600000)]
  0x000001c405efc000 JavaThread "jar transforms Thread 142" [_thread_blocked, id=8728, stack(0x000000b618600000,0x000000b618700000)]

Other Threads:
  0x000001c47ed09800 VMThread "VM Thread" [stack: 0x000000b615500000,0x000000b615600000] [id=9788]
  0x000001c47f7ff800 WatcherThread [stack: 0x000000b615f00000,0x000000b616000000] [id=9944]
  0x000001c4692e2800 GCTaskThread "GC Thread#0" [stack: 0x000000b615000000,0x000000b615100000] [id=9800]
  0x000001c404547000 GCTaskThread "GC Thread#1" [stack: 0x000000b616100000,0x000000b616200000] [id=10036]
  0x000001c4058e9000 GCTaskThread "GC Thread#2" [stack: 0x000000b616d00000,0x000000b616e00000] [id=10032]
  0x000001c404666000 GCTaskThread "GC Thread#3" [stack: 0x000000b616e00000,0x000000b616f00000] [id=10052]
  0x000001c469313000 ConcurrentGCThread "G1 Main Marker" [stack: 0x000000b615100000,0x000000b615200000] [id=9796]
  0x000001c469315800 ConcurrentGCThread "G1 Conc#0" [stack: 0x000000b615200000,0x000000b615300000] [id=9748]
  0x000001c469377000 ConcurrentGCThread "G1 Refine#0" [stack: 0x000000b615300000,0x000000b615400000] [id=9804]
  0x000001c404598800 ConcurrentGCThread "G1 Refine#1" [stack: 0x000000b616700000,0x000000b616800000] [id=8212]
  0x000001c469378000 ConcurrentGCThread "G1 Young RemSet Sampling" [stack: 0x000000b615400000,0x000000b615500000] [id=9792]

Threads with active compile tasks:

VM state:not at safepoint (normal execution)

VM Mutex/Monitor currently owned by a thread:  ([mutex/lock_event])
[0x000001c4692caaa0] CompiledIC_lock - owner thread: 0x000001c47f70a000

Heap address: 0x0000000080000000, size: 2048 MB, Compressed Oops mode: 32-bit
Narrow klass base: 0x0000000000000000, Narrow klass shift: 3
Compressed class space size: 1073741824 Address: 0x0000000100000000

Heap:
 garbage-first heap   total 238592K, used 210238K [0x0000000080000000, 0x0000000100000000)
  region size 1024K, 29 young (29696K), 5 survivors (5120K)
 Metaspace       used 118660K, capacity 121630K, committed 121936K, reserved 1155072K
  class space    used 15005K, capacity 16128K, committed 16256K, reserved 1048576K
Heap Regions: E=young(eden), S=young(survivor), O=old, HS=humongous(starts), HC=humongous(continues), CS=collection set, F=free, A=archive, TAMS=top-at-mark-start (previous, next)
|   0|0x0000000080000000, 0x0000000080100000, 0x0000000080100000|100%| O|  |TAMS 0x0000000080100000, 0x0000000080000000| Untracked 
|   1|0x0000000080100000, 0x0000000080200000, 0x0000000080200000|100%| O|  |TAMS 0x0000000080200000, 0x0000000080100000| Complete 
|   2|0x0000000080200000, 0x0000000080300000, 0x0000000080300000|100%| O|  |TAMS 0x0000000080300000, 0x0000000080200000| Untracked 
|   3|0x0000000080300000, 0x0000000080400000, 0x0000000080400000|100%|HS|  |TAMS 0x0000000080400000, 0x0000000080300000| Complete 
|   4|0x0000000080400000, 0x0000000080500000, 0x0000000080500000|100%|HC|  |TAMS 0x0000000080500000, 0x0000000080400000| Complete 
|   5|0x0000000080500000, 0x0000000080600000, 0x0000000080600000|100%|HC|  |TAMS 0x0000000080600000, 0x0000000080500000| Complete 
|   6|0x0000000080600000, 0x0000000080700000, 0x0000000080700000|100%| O|  |TAMS 0x0000000080700000, 0x0000000080600000| Untracked 
|   7|0x0000000080700000, 0x0000000080800000, 0x0000000080800000|100%| O|  |TAMS 0x0000000080800000, 0x0000000080700000| Untracked 
|   8|0x0000000080800000, 0x0000000080900000, 0x0000000080900000|100%| O|  |TAMS 0x0000000080900000, 0x0000000080800000| Untracked 
|   9|0x0000000080900000, 0x0000000080a00000, 0x0000000080a00000|100%| O|  |TAMS 0x0000000080a00000, 0x0000000080900000| Untracked 
|  10|0x0000000080a00000, 0x0000000080b00000, 0x0000000080b00000|100%| O|  |TAMS 0x0000000080b00000, 0x0000000080a00000| Untracked 
|  11|0x0000000080b00000, 0x0000000080c00000, 0x0000000080c00000|100%| O|  |TAMS 0x0000000080c00000, 0x0000000080b00000| Untracked 
|  12|0x0000000080c00000, 0x0000000080d00000, 0x0000000080d00000|100%| O|  |TAMS 0x0000000080d00000, 0x0000000080c00000| Untracked 
|  13|0x0000000080d00000, 0x0000000080e00000, 0x0000000080e00000|100%| O|  |TAMS 0x0000000080e00000, 0x0000000080d00000| Untracked 
|  14|0x0000000080e00000, 0x0000000080f00000, 0x0000000080f00000|100%| O|  |TAMS 0x0000000080f00000, 0x0000000080e00000| Untracked 
|  15|0x0000000080f00000, 0x0000000081000000, 0x0000000081000000|100%| O|  |TAMS 0x0000000081000000, 0x0000000080f00000| Complete 
|  16|0x0000000081000000, 0x0000000081100000, 0x0000000081100000|100%| O|  |TAMS 0x0000000081100000, 0x0000000081000000| Untracked 
|  17|0x0000000081100000, 0x0000000081200000, 0x0000000081200000|100%| O|  |TAMS 0x0000000081200000, 0x0000000081100000| Untracked 
|  18|0x0000000081200000, 0x0000000081300000, 0x0000000081300000|100%| O|  |TAMS 0x0000000081300000, 0x0000000081200000| Complete 
|  19|0x0000000081300000, 0x0000000081400000, 0x0000000081400000|100%| O|  |TAMS 0x0000000081400000, 0x0000000081300000| Untracked 
|  20|0x0000000081400000, 0x0000000081500000, 0x0000000081500000|100%| O|  |TAMS 0x0000000081500000, 0x0000000081400000| Untracked 
|  21|0x0000000081500000, 0x0000000081600000, 0x0000000081600000|100%| O|  |TAMS 0x0000000081600000, 0x0000000081500000| Untracked 
|  22|0x0000000081600000, 0x0000000081700000, 0x0000000081700000|100%| O|  |TAMS 0x0000000081700000, 0x0000000081600000| Complete 
|  23|0x0000000081700000, 0x0000000081800000, 0x0000000081800000|100%| O|  |TAMS 0x0000000081800000, 0x0000000081700000| Complete 
|  24|0x0000000081800000, 0x0000000081900000, 0x0000000081900000|100%| O|  |TAMS 0x0000000081900000, 0x0000000081800000| Complete 
|  25|0x0000000081900000, 0x0000000081a00000, 0x0000000081a00000|100%|HS|  |TAMS 0x0000000081a00000, 0x0000000081900000| Complete 
|  26|0x0000000081a00000, 0x0000000081b00000, 0x0000000081b00000|100%|HS|  |TAMS 0x0000000081b00000, 0x0000000081a00000| Complete 
|  27|0x0000000081b00000, 0x0000000081c00000, 0x0000000081c00000|100%|HC|  |TAMS 0x0000000081c00000, 0x0000000081b00000| Complete 
|  28|0x0000000081c00000, 0x0000000081d00000, 0x0000000081d00000|100%|HC|  |TAMS 0x0000000081d00000, 0x0000000081c00000| Complete 
|  29|0x0000000081d00000, 0x0000000081e00000, 0x0000000081e00000|100%|HS|  |TAMS 0x0000000081e00000, 0x0000000081d00000| Complete 
|  30|0x0000000081e00000, 0x0000000081f00000, 0x0000000081f00000|100%|HC|  |TAMS 0x0000000081f00000, 0x0000000081e00000| Complete 
|  31|0x0000000081f00000, 0x0000000082000000, 0x0000000082000000|100%| O|  |TAMS 0x0000000082000000, 0x0000000081f00000| Untracked 
|  32|0x0000000082000000, 0x0000000082100000, 0x0000000082100000|100%| O|  |TAMS 0x0000000082100000, 0x0000000082000000| Untracked 
|  33|0x0000000082100000, 0x0000000082200000, 0x0000000082200000|100%| O|  |TAMS 0x0000000082200000, 0x0000000082100000| Untracked 
|  34|0x0000000082200000, 0x0000000082300000, 0x0000000082300000|100%| O|  |TAMS 0x0000000082300000, 0x0000000082200000| Complete 
|  35|0x0000000082300000, 0x0000000082400000, 0x0000000082400000|100%| O|  |TAMS 0x0000000082400000, 0x0000000082300000| Complete 
|  36|0x0000000082400000, 0x0000000082500000, 0x0000000082500000|100%| O|  |TAMS 0x0000000082500000, 0x0000000082400000| Untracked 
|  37|0x0000000082500000, 0x0000000082600000, 0x0000000082600000|100%| O|  |TAMS 0x0000000082600000, 0x0000000082500000| Complete 
|  38|0x0000000082600000, 0x0000000082700000, 0x0000000082700000|100%| O|  |TAMS 0x0000000082700000, 0x0000000082600000| Complete 
|  39|0x0000000082700000, 0x0000000082800000, 0x0000000082800000|100%| O|  |TAMS 0x0000000082800000, 0x0000000082700000| Complete 
|  40|0x0000000082800000, 0x0000000082900000, 0x0000000082900000|100%| O|  |TAMS 0x0000000082900000, 0x0000000082800000| Untracked 
|  41|0x0000000082900000, 0x0000000082a00000, 0x0000000082a00000|100%| O|  |TAMS 0x0000000082a00000, 0x0000000082900000| Complete 
|  42|0x0000000082a00000, 0x0000000082b00000, 0x0000000082b00000|100%| O|  |TAMS 0x0000000082b00000, 0x0000000082a00000| Complete 
|  43|0x0000000082b00000, 0x0000000082c00000, 0x0000000082c00000|100%| O|  |TAMS 0x0000000082c00000, 0x0000000082b00000| Untracked 
|  44|0x0000000082c00000, 0x0000000082d00000, 0x0000000082d00000|100%| O|  |TAMS 0x0000000082d00000, 0x0000000082c00000| Complete 
|  45|0x0000000082d00000, 0x0000000082e00000, 0x0000000082e00000|100%| O|  |TAMS 0x0000000082e00000, 0x0000000082d00000| Complete 
|  46|0x0000000082e00000, 0x0000000082f00000, 0x0000000082f00000|100%| O|  |TAMS 0x0000000082f00000, 0x0000000082e00000| Untracked 
|  47|0x0000000082f00000, 0x0000000083000000, 0x0000000083000000|100%| O|  |TAMS 0x0000000083000000, 0x0000000082f00000| Untracked 
|  48|0x0000000083000000, 0x0000000083100000, 0x0000000083100000|100%| O|  |TAMS 0x0000000083100000, 0x0000000083000000| Untracked 
|  49|0x0000000083100000, 0x0000000083200000, 0x0000000083200000|100%| O|  |TAMS 0x0000000083200000, 0x0000000083100000| Untracked 
|  50|0x0000000083200000, 0x0000000083300000, 0x0000000083300000|100%| O|  |TAMS 0x0000000083300000, 0x0000000083200000| Untracked 
|  51|0x0000000083300000, 0x0000000083400000, 0x0000000083400000|100%| O|  |TAMS 0x0000000083400000, 0x0000000083300000| Untracked 
|  52|0x0000000083400000, 0x0000000083500000, 0x0000000083500000|100%| O|  |TAMS 0x0000000083500000, 0x0000000083400000| Untracked 
|  53|0x0000000083500000, 0x0000000083600000, 0x0000000083600000|100%| O|  |TAMS 0x0000000083600000, 0x0000000083500000| Untracked 
|  54|0x0000000083600000, 0x0000000083700000, 0x0000000083700000|100%| O|  |TAMS 0x0000000083700000, 0x0000000083600000| Untracked 
|  55|0x0000000083700000, 0x0000000083800000, 0x0000000083800000|100%| O|  |TAMS 0x0000000083800000, 0x0000000083700000| Complete 
|  56|0x0000000083800000, 0x0000000083900000, 0x0000000083900000|100%| O|  |TAMS 0x0000000083900000, 0x0000000083800000| Untracked 
|  57|0x0000000083900000, 0x0000000083a00000, 0x0000000083a00000|100%| O|  |TAMS 0x0000000083a00000, 0x0000000083900000| Complete 
|  58|0x0000000083a00000, 0x0000000083b00000, 0x0000000083b00000|100%| O|  |TAMS 0x0000000083b00000, 0x0000000083a00000| Untracked 
|  59|0x0000000083b00000, 0x0000000083c00000, 0x0000000083c00000|100%| O|  |TAMS 0x0000000083c00000, 0x0000000083b00000| Untracked 
|  60|0x0000000083c00000, 0x0000000083d00000, 0x0000000083d00000|100%| O|  |TAMS 0x0000000083d00000, 0x0000000083c00000| Untracked 
|  61|0x0000000083d00000, 0x0000000083e00000, 0x0000000083e00000|100%| O|  |TAMS 0x0000000083e00000, 0x0000000083d00000| Untracked 
|  62|0x0000000083e00000, 0x0000000083f00000, 0x0000000083f00000|100%| O|  |TAMS 0x0000000083f00000, 0x0000000083e00000| Untracked 
|  63|0x0000000083f00000, 0x0000000084000000, 0x0000000084000000|100%| O|  |TAMS 0x0000000084000000, 0x0000000083f00000| Complete 
|  64|0x0000000084000000, 0x0000000084100000, 0x0000000084100000|100%| O|  |TAMS 0x0000000084100000, 0x0000000084000000| Complete 
|  65|0x0000000084100000, 0x0000000084200000, 0x0000000084200000|100%| O|  |TAMS 0x0000000084200000, 0x0000000084100000| Untracked 
|  66|0x0000000084200000, 0x0000000084300000, 0x0000000084300000|100%| O|  |TAMS 0x0000000084300000, 0x0000000084200000| Untracked 
|  67|0x0000000084300000, 0x0000000084400000, 0x0000000084400000|100%| O|  |TAMS 0x0000000084400000, 0x0000000084300000| Untracked 
|  68|0x0000000084400000, 0x0000000084500000, 0x0000000084500000|100%| O|  |TAMS 0x0000000084500000, 0x0000000084400000| Complete 
|  69|0x0000000084500000, 0x0000000084600000, 0x0000000084600000|100%| O|  |TAMS 0x0000000084600000, 0x0000000084500000| Complete 
|  70|0x0000000084600000, 0x0000000084700000, 0x0000000084700000|100%| O|  |TAMS 0x0000000084700000, 0x0000000084600000| Complete 
|  71|0x0000000084700000, 0x0000000084800000, 0x0000000084800000|100%| O|  |TAMS 0x0000000084800000, 0x0000000084700000| Untracked 
|  72|0x0000000084800000, 0x0000000084900000, 0x0000000084900000|100%| O|  |TAMS 0x0000000084900000, 0x0000000084800000| Complete 
|  73|0x0000000084900000, 0x0000000084a00000, 0x0000000084a00000|100%| O|  |TAMS 0x0000000084a00000, 0x0000000084900000| Complete 
|  74|0x0000000084a00000, 0x0000000084b00000, 0x0000000084b00000|100%| O|  |TAMS 0x0000000084b00000, 0x0000000084a00000| Complete 
|  75|0x0000000084b00000, 0x0000000084c00000, 0x0000000084c00000|100%| O|  |TAMS 0x0000000084c00000, 0x0000000084b00000| Untracked 
|  76|0x0000000084c00000, 0x0000000084d00000, 0x0000000084d00000|100%| O|  |TAMS 0x0000000084d00000, 0x0000000084c00000| Untracked 
|  77|0x0000000084d00000, 0x0000000084e00000, 0x0000000084e00000|100%| O|  |TAMS 0x0000000084e00000, 0x0000000084d00000| Complete 
|  78|0x0000000084e00000, 0x0000000084f00000, 0x0000000084f00000|100%| O|  |TAMS 0x0000000084f00000, 0x0000000084e00000| Complete 
|  79|0x0000000084f00000, 0x0000000085000000, 0x0000000085000000|100%| O|  |TAMS 0x0000000085000000, 0x0000000084f00000| Complete 
|  80|0x0000000085000000, 0x0000000085100000, 0x0000000085100000|100%| O|  |TAMS 0x0000000085100000, 0x0000000085000000| Complete 
|  81|0x0000000085100000, 0x0000000085200000, 0x0000000085200000|100%| O|  |TAMS 0x0000000085200000, 0x0000000085100000| Complete 
|  82|0x0000000085200000, 0x0000000085300000, 0x0000000085300000|100%| O|  |TAMS 0x0000000085300000, 0x0000000085200000| Complete 
|  83|0x0000000085300000, 0x0000000085400000, 0x0000000085400000|100%| O|  |TAMS 0x0000000085400000, 0x0000000085300000| Untracked 
|  84|0x0000000085400000, 0x0000000085500000, 0x0000000085500000|100%| O|  |TAMS 0x0000000085500000, 0x0000000085400000| Complete 
|  85|0x0000000085500000, 0x0000000085600000, 0x0000000085600000|100%| O|  |TAMS 0x0000000085600000, 0x0000000085500000| Complete 
|  86|0x0000000085600000, 0x0000000085700000, 0x0000000085700000|100%| O|  |TAMS 0x0000000085700000, 0x0000000085600000| Complete 
|  87|0x0000000085700000, 0x0000000085800000, 0x0000000085800000|100%| O|  |TAMS 0x0000000085800000, 0x0000000085700000| Complete 
|  88|0x0000000085800000, 0x0000000085900000, 0x0000000085900000|100%| O|  |TAMS 0x0000000085900000, 0x0000000085800000| Complete 
|  89|0x0000000085900000, 0x0000000085a00000, 0x0000000085a00000|100%| O|  |TAMS 0x0000000085a00000, 0x0000000085900000| Complete 
|  90|0x0000000085a00000, 0x0000000085b00000, 0x0000000085b00000|100%| O|  |TAMS 0x0000000085b00000, 0x0000000085a00000| Untracked 
|  91|0x0000000085b00000, 0x0000000085c00000, 0x0000000085c00000|100%| O|  |TAMS 0x0000000085c00000, 0x0000000085b00000| Complete 
|  92|0x0000000085c00000, 0x0000000085d00000, 0x0000000085d00000|100%| O|  |TAMS 0x0000000085d00000, 0x0000000085c00000| Untracked 
|  93|0x0000000085d00000, 0x0000000085e00000, 0x0000000085e00000|100%| O|  |TAMS 0x0000000085e00000, 0x0000000085d00000| Complete 
|  94|0x0000000085e00000, 0x0000000085f00000, 0x0000000085f00000|100%| O|  |TAMS 0x0000000085f00000, 0x0000000085e00000| Complete 
|  95|0x0000000085f00000, 0x0000000086000000, 0x0000000086000000|100%| O|  |TAMS 0x0000000086000000, 0x0000000085f00000| Complete 
|  96|0x0000000086000000, 0x0000000086100000, 0x0000000086100000|100%| O|  |TAMS 0x0000000086100000, 0x0000000086000000| Complete 
|  97|0x0000000086100000, 0x0000000086200000, 0x0000000086200000|100%| O|  |TAMS 0x0000000086200000, 0x0000000086100000| Complete 
|  98|0x0000000086200000, 0x0000000086300000, 0x0000000086300000|100%| O|  |TAMS 0x0000000086300000, 0x0000000086200000| Complete 
|  99|0x0000000086300000, 0x0000000086400000, 0x0000000086400000|100%| O|  |TAMS 0x0000000086400000, 0x0000000086300000| Complete 
| 100|0x0000000086400000, 0x0000000086500000, 0x0000000086500000|100%| O|  |TAMS 0x0000000086500000, 0x0000000086400000| Complete 
| 101|0x0000000086500000, 0x0000000086600000, 0x0000000086600000|100%| O|  |TAMS 0x0000000086600000, 0x0000000086500000| Untracked 
| 102|0x0000000086600000, 0x0000000086700000, 0x0000000086700000|100%| O|  |TAMS 0x0000000086700000, 0x0000000086600000| Untracked 
| 103|0x0000000086700000, 0x0000000086800000, 0x0000000086800000|100%| O|  |TAMS 0x0000000086800000, 0x0000000086700000| Untracked 
| 104|0x0000000086800000, 0x0000000086900000, 0x0000000086900000|100%| O|  |TAMS 0x0000000086900000, 0x0000000086800000| Untracked 
| 105|0x0000000086900000, 0x0000000086a00000, 0x0000000086a00000|100%| O|  |TAMS 0x0000000086a00000, 0x0000000086900000| Complete 
| 106|0x0000000086a00000, 0x0000000086b00000, 0x0000000086b00000|100%| O|  |TAMS 0x0000000086b00000, 0x0000000086a00000| Complete 
| 107|0x0000000086b00000, 0x0000000086c00000, 0x0000000086c00000|100%| O|  |TAMS 0x0000000086c00000, 0x0000000086b00000| Complete 
| 108|0x0000000086c00000, 0x0000000086d00000, 0x0000000086d00000|100%| O|  |TAMS 0x0000000086d00000, 0x0000000086c00000| Complete 
| 109|0x0000000086d00000, 0x0000000086e00000, 0x0000000086e00000|100%| O|  |TAMS 0x0000000086e00000, 0x0000000086d00000| Complete 
| 110|0x0000000086e00000, 0x0000000086f00000, 0x0000000086f00000|100%| O|  |TAMS 0x0000000086f00000, 0x0000000086e00000| Untracked 
| 111|0x0000000086f00000, 0x0000000087000000, 0x0000000087000000|100%| O|  |TAMS 0x0000000087000000, 0x0000000086f00000| Complete 
| 112|0x0000000087000000, 0x0000000087100000, 0x0000000087100000|100%| O|  |TAMS 0x0000000087100000, 0x0000000087000000| Complete 
| 113|0x0000000087100000, 0x0000000087200000, 0x0000000087200000|100%| O|  |TAMS 0x0000000087200000, 0x0000000087100000| Complete 
| 114|0x0000000087200000, 0x0000000087300000, 0x0000000087300000|100%| O|  |TAMS 0x0000000087300000, 0x0000000087200000| Complete 
| 115|0x0000000087300000, 0x0000000087400000, 0x0000000087400000|100%| O|  |TAMS 0x0000000087400000, 0x0000000087300000| Complete 
| 116|0x0000000087400000, 0x0000000087500000, 0x0000000087500000|100%| O|  |TAMS 0x0000000087500000, 0x0000000087400000| Complete 
| 117|0x0000000087500000, 0x0000000087600000, 0x0000000087600000|100%| O|  |TAMS 0x0000000087600000, 0x0000000087500000| Complete 
| 118|0x0000000087600000, 0x0000000087700000, 0x0000000087700000|100%| O|  |TAMS 0x0000000087700000, 0x0000000087600000| Complete 
| 119|0x0000000087700000, 0x0000000087800000, 0x0000000087800000|100%| O|  |TAMS 0x0000000087800000, 0x0000000087700000| Complete 
| 120|0x0000000087800000, 0x0000000087900000, 0x0000000087900000|100%| O|  |TAMS 0x0000000087900000, 0x0000000087800000| Complete 
| 121|0x0000000087900000, 0x0000000087a00000, 0x0000000087a00000|100%| O|  |TAMS 0x0000000087a00000, 0x0000000087900000| Complete 
| 122|0x0000000087a00000, 0x0000000087b00000, 0x0000000087b00000|100%| O|  |TAMS 0x0000000087b00000, 0x0000000087a00000| Complete 
| 123|0x0000000087b00000, 0x0000000087c00000, 0x0000000087c00000|100%| O|  |TAMS 0x0000000087c00000, 0x0000000087b00000| Complete 
| 124|0x0000000087c00000, 0x0000000087c00000, 0x0000000087d00000|  0%| F|  |TAMS 0x0000000087c00000, 0x0000000087c00000| Untracked 
| 125|0x0000000087d00000, 0x0000000087e00000, 0x0000000087e00000|100%| O|  |TAMS 0x0000000087e00000, 0x0000000087d00000| Complete 
| 126|0x0000000087e00000, 0x0000000087f00000, 0x0000000087f00000|100%| O|  |TAMS 0x0000000087f00000, 0x0000000087e00000| Complete 
| 127|0x0000000087f00000, 0x0000000088000000, 0x0000000088000000|100%|HS|  |TAMS 0x0000000087f00000, 0x0000000087f00000| Complete 
| 128|0x0000000088000000, 0x0000000088100000, 0x0000000088100000|100%|HC|  |TAMS 0x0000000088000000, 0x0000000088000000| Complete 
| 129|0x0000000088100000, 0x0000000088200000, 0x0000000088200000|100%|HS|  |TAMS 0x0000000088200000, 0x0000000088100000| Complete 
| 130|0x0000000088200000, 0x0000000088300000, 0x0000000088300000|100%|HC|  |TAMS 0x0000000088300000, 0x0000000088200000| Complete 
| 131|0x0000000088300000, 0x0000000088400000, 0x0000000088400000|100%|HC|  |TAMS 0x0000000088400000, 0x0000000088300000| Complete 
| 132|0x0000000088400000, 0x0000000088500000, 0x0000000088500000|100%|HC|  |TAMS 0x0000000088500000, 0x0000000088400000| Complete 
| 133|0x0000000088500000, 0x0000000088600000, 0x0000000088600000|100%|HC|  |TAMS 0x0000000088600000, 0x0000000088500000| Complete 
| 134|0x0000000088600000, 0x0000000088700000, 0x0000000088700000|100%|HC|  |TAMS 0x0000000088700000, 0x0000000088600000| Complete 
| 135|0x0000000088700000, 0x0000000088800000, 0x0000000088800000|100%|HC|  |TAMS 0x0000000088800000, 0x0000000088700000| Complete 
| 136|0x0000000088800000, 0x0000000088900000, 0x0000000088900000|100%|HC|  |TAMS 0x0000000088900000, 0x0000000088800000| Complete 
| 137|0x0000000088900000, 0x0000000088a00000, 0x0000000088a00000|100%|HS|  |TAMS 0x0000000088a00000, 0x0000000088900000| Complete 
| 138|0x0000000088a00000, 0x0000000088b00000, 0x0000000088b00000|100%|HC|  |TAMS 0x0000000088b00000, 0x0000000088a00000| Complete 
| 139|0x0000000088b00000, 0x0000000088c00000, 0x0000000088c00000|100%|HC|  |TAMS 0x0000000088c00000, 0x0000000088b00000| Complete 
| 140|0x0000000088c00000, 0x0000000088d00000, 0x0000000088d00000|100%|HC|  |TAMS 0x0000000088d00000, 0x0000000088c00000| Complete 
| 141|0x0000000088d00000, 0x0000000088e00000, 0x0000000088e00000|100%|HC|  |TAMS 0x0000000088e00000, 0x0000000088d00000| Complete 
| 142|0x0000000088e00000, 0x0000000088f00000, 0x0000000088f00000|100%|HC|  |TAMS 0x0000000088f00000, 0x0000000088e00000| Complete 
| 143|0x0000000088f00000, 0x0000000089000000, 0x0000000089000000|100%|HC|  |TAMS 0x0000000089000000, 0x0000000088f00000| Complete 
| 144|0x0000000089000000, 0x0000000089100000, 0x0000000089100000|100%|HC|  |TAMS 0x0000000089100000, 0x0000000089000000| Complete 
| 145|0x0000000089100000, 0x0000000089167a00, 0x0000000089200000| 40%| O|  |TAMS 0x0000000089167a00, 0x0000000089100000| Untracked 
| 146|0x0000000089200000, 0x0000000089300000, 0x0000000089300000|100%|HS|  |TAMS 0x0000000089200000, 0x0000000089200000| Complete 
| 147|0x0000000089300000, 0x0000000089400000, 0x0000000089400000|100%|HC|  |TAMS 0x0000000089300000, 0x0000000089300000| Complete 
| 148|0x0000000089400000, 0x0000000089500000, 0x0000000089500000|100%|HC|  |TAMS 0x0000000089400000, 0x0000000089400000| Complete 
| 149|0x0000000089500000, 0x0000000089600000, 0x0000000089600000|100%|HC|  |TAMS 0x0000000089500000, 0x0000000089500000| Complete 
| 150|0x0000000089600000, 0x0000000089700000, 0x0000000089700000|100%|HC|  |TAMS 0x0000000089600000, 0x0000000089600000| Complete 
| 151|0x0000000089700000, 0x0000000089800000, 0x0000000089800000|100%|HC|  |TAMS 0x0000000089700000, 0x0000000089700000| Complete 
| 152|0x0000000089800000, 0x0000000089900000, 0x0000000089900000|100%|HC|  |TAMS 0x0000000089800000, 0x0000000089800000| Complete 
| 153|0x0000000089900000, 0x0000000089a00000, 0x0000000089a00000|100%|HC|  |TAMS 0x0000000089900000, 0x0000000089900000| Complete 
| 154|0x0000000089a00000, 0x0000000089b00000, 0x0000000089b00000|100%|HC|  |TAMS 0x0000000089a00000, 0x0000000089a00000| Complete 
| 155|0x0000000089b00000, 0x0000000089c00000, 0x0000000089c00000|100%|HS|  |TAMS 0x0000000089b00000, 0x0000000089b00000| Complete 
| 156|0x0000000089c00000, 0x0000000089d00000, 0x0000000089d00000|100%|HC|  |TAMS 0x0000000089c00000, 0x0000000089c00000| Complete 
| 157|0x0000000089d00000, 0x0000000089e00000, 0x0000000089e00000|100%|HC|  |TAMS 0x0000000089d00000, 0x0000000089d00000| Complete 
| 158|0x0000000089e00000, 0x0000000089f00000, 0x0000000089f00000|100%|HC|  |TAMS 0x0000000089e00000, 0x0000000089e00000| Complete 
| 159|0x0000000089f00000, 0x000000008a000000, 0x000000008a000000|100%|HC|  |TAMS 0x0000000089f00000, 0x0000000089f00000| Complete 
| 160|0x000000008a000000, 0x000000008a100000, 0x000000008a100000|100%|HC|  |TAMS 0x000000008a000000, 0x000000008a000000| Complete 
| 161|0x000000008a100000, 0x000000008a200000, 0x000000008a200000|100%|HC|  |TAMS 0x000000008a100000, 0x000000008a100000| Complete 
| 162|0x000000008a200000, 0x000000008a300000, 0x000000008a300000|100%|HC|  |TAMS 0x000000008a200000, 0x000000008a200000| Complete 
| 163|0x000000008a300000, 0x000000008a400000, 0x000000008a400000|100%|HC|  |TAMS 0x000000008a300000, 0x000000008a300000| Complete 
| 164|0x000000008a400000, 0x000000008a500000, 0x000000008a500000|100%|HS|  |TAMS 0x000000008a400000, 0x000000008a400000| Complete 
| 165|0x000000008a500000, 0x000000008a600000, 0x000000008a600000|100%|HC|  |TAMS 0x000000008a500000, 0x000000008a500000| Complete 
| 166|0x000000008a600000, 0x000000008a700000, 0x000000008a700000|100%|HS|  |TAMS 0x000000008a600000, 0x000000008a600000| Complete 
| 167|0x000000008a700000, 0x000000008a800000, 0x000000008a800000|100%|HC|  |TAMS 0x000000008a700000, 0x000000008a700000| Complete 
| 168|0x000000008a800000, 0x000000008a900000, 0x000000008a900000|100%|HS|  |TAMS 0x000000008a800000, 0x000000008a800000| Complete 
| 169|0x000000008a900000, 0x000000008aa00000, 0x000000008aa00000|100%|HC|  |TAMS 0x000000008a900000, 0x000000008a900000| Complete 
| 170|0x000000008aa00000, 0x000000008ab00000, 0x000000008ab00000|100%|HS|  |TAMS 0x000000008aa00000, 0x000000008aa00000| Complete 
| 171|0x000000008ab00000, 0x000000008ac00000, 0x000000008ac00000|100%|HC|  |TAMS 0x000000008ab00000, 0x000000008ab00000| Complete 
| 172|0x000000008ac00000, 0x000000008ad00000, 0x000000008ad00000|100%|HS|  |TAMS 0x000000008ac00000, 0x000000008ac00000| Complete 
| 173|0x000000008ad00000, 0x000000008ae00000, 0x000000008ae00000|100%|HC|  |TAMS 0x000000008ad00000, 0x000000008ad00000| Complete 
| 174|0x000000008ae00000, 0x000000008af00000, 0x000000008af00000|100%|HS|  |TAMS 0x000000008ae00000, 0x000000008ae00000| Complete 
| 175|0x000000008af00000, 0x000000008b000000, 0x000000008b000000|100%|HC|  |TAMS 0x000000008af00000, 0x000000008af00000| Complete 
| 176|0x000000008b000000, 0x000000008b100000, 0x000000008b100000|100%|HS|  |TAMS 0x000000008b000000, 0x000000008b000000| Complete 
| 177|0x000000008b100000, 0x000000008b200000, 0x000000008b200000|100%|HC|  |TAMS 0x000000008b100000, 0x000000008b100000| Complete 
| 178|0x000000008b200000, 0x000000008b300000, 0x000000008b300000|100%|HS|  |TAMS 0x000000008b200000, 0x000000008b200000| Complete 
| 179|0x000000008b300000, 0x000000008b400000, 0x000000008b400000|100%|HC|  |TAMS 0x000000008b300000, 0x000000008b300000| Complete 
| 180|0x000000008b400000, 0x000000008b400000, 0x000000008b500000|  0%| F|  |TAMS 0x000000008b400000, 0x000000008b400000| Untracked 
| 181|0x000000008b500000, 0x000000008b500000, 0x000000008b600000|  0%| F|  |TAMS 0x000000008b500000, 0x000000008b500000| Untracked 
| 182|0x000000008b600000, 0x000000008b600000, 0x000000008b700000|  0%| F|  |TAMS 0x000000008b600000, 0x000000008b600000| Untracked 
| 183|0x000000008b700000, 0x000000008b700000, 0x000000008b800000|  0%| F|  |TAMS 0x000000008b700000, 0x000000008b700000| Untracked 
| 184|0x000000008b800000, 0x000000008b800000, 0x000000008b900000|  0%| F|  |TAMS 0x000000008b800000, 0x000000008b800000| Untracked 
| 185|0x000000008b900000, 0x000000008b900000, 0x000000008ba00000|  0%| F|  |TAMS 0x000000008b900000, 0x000000008b900000| Untracked 
| 186|0x000000008ba00000, 0x000000008ba00000, 0x000000008bb00000|  0%| F|  |TAMS 0x000000008ba00000, 0x000000008ba00000| Untracked 
| 187|0x000000008bb00000, 0x000000008bb00000, 0x000000008bc00000|  0%| F|  |TAMS 0x000000008bb00000, 0x000000008bb00000| Untracked 
| 188|0x000000008bc00000, 0x000000008bc00000, 0x000000008bd00000|  0%| F|  |TAMS 0x000000008bc00000, 0x000000008bc00000| Untracked 
| 189|0x000000008bd00000, 0x000000008bd00000, 0x000000008be00000|  0%| F|  |TAMS 0x000000008bd00000, 0x000000008bd00000| Untracked 
| 190|0x000000008be00000, 0x000000008be00000, 0x000000008bf00000|  0%| F|  |TAMS 0x000000008be00000, 0x000000008be00000| Untracked 
| 191|0x000000008bf00000, 0x000000008bf00000, 0x000000008c000000|  0%| F|  |TAMS 0x000000008bf00000, 0x000000008bf00000| Untracked 
| 192|0x000000008c000000, 0x000000008c000000, 0x000000008c100000|  0%| F|  |TAMS 0x000000008c000000, 0x000000008c000000| Untracked 
| 193|0x000000008c100000, 0x000000008c100000, 0x000000008c200000|  0%| F|  |TAMS 0x000000008c100000, 0x000000008c100000| Untracked 
| 194|0x000000008c200000, 0x000000008c200000, 0x000000008c300000|  0%| F|  |TAMS 0x000000008c200000, 0x000000008c200000| Untracked 
| 195|0x000000008c300000, 0x000000008c300000, 0x000000008c400000|  0%| F|  |TAMS 0x000000008c300000, 0x000000008c300000| Untracked 
| 196|0x000000008c400000, 0x000000008c400000, 0x000000008c500000|  0%| F|  |TAMS 0x000000008c400000, 0x000000008c400000| Untracked 
| 197|0x000000008c500000, 0x000000008c500000, 0x000000008c600000|  0%| F|  |TAMS 0x000000008c500000, 0x000000008c500000| Untracked 
| 198|0x000000008c600000, 0x000000008c600000, 0x000000008c700000|  0%| F|  |TAMS 0x000000008c600000, 0x000000008c600000| Untracked 
| 199|0x000000008c700000, 0x000000008c700000, 0x000000008c800000|  0%| F|  |TAMS 0x000000008c700000, 0x000000008c700000| Untracked 
| 200|0x000000008c800000, 0x000000008c800000, 0x000000008c900000|  0%| F|  |TAMS 0x000000008c800000, 0x000000008c800000| Untracked 
| 201|0x000000008c900000, 0x000000008c900000, 0x000000008ca00000|  0%| F|  |TAMS 0x000000008c900000, 0x000000008c900000| Untracked 
| 202|0x000000008ca00000, 0x000000008ca00000, 0x000000008cb00000|  0%| F|  |TAMS 0x000000008ca00000, 0x000000008ca00000| Untracked 
| 203|0x000000008cb00000, 0x000000008cb00000, 0x000000008cc00000|  0%| F|  |TAMS 0x000000008cb00000, 0x000000008cb00000| Untracked 
| 204|0x000000008cc00000, 0x000000008ccf6410, 0x000000008cd00000| 96%| E|  |TAMS 0x000000008cc00000, 0x000000008cc00000| Complete 
| 205|0x000000008cd00000, 0x000000008ce00000, 0x000000008ce00000|100%| E|CS|TAMS 0x000000008cd00000, 0x000000008cd00000| Complete 
| 206|0x000000008ce00000, 0x000000008cf00000, 0x000000008cf00000|100%| E|CS|TAMS 0x000000008ce00000, 0x000000008ce00000| Complete 
| 207|0x000000008cf00000, 0x000000008d000000, 0x000000008d000000|100%| E|CS|TAMS 0x000000008cf00000, 0x000000008cf00000| Complete 
| 208|0x000000008d000000, 0x000000008d100000, 0x000000008d100000|100%| E|CS|TAMS 0x000000008d000000, 0x000000008d000000| Complete 
| 209|0x000000008d100000, 0x000000008d200000, 0x000000008d200000|100%| E|CS|TAMS 0x000000008d100000, 0x000000008d100000| Complete 
| 210|0x000000008d200000, 0x000000008d300000, 0x000000008d300000|100%| E|CS|TAMS 0x000000008d200000, 0x000000008d200000| Complete 
| 211|0x000000008d300000, 0x000000008d400000, 0x000000008d400000|100%| E|CS|TAMS 0x000000008d300000, 0x000000008d300000| Complete 
| 212|0x000000008d400000, 0x000000008d500000, 0x000000008d500000|100%| E|CS|TAMS 0x000000008d400000, 0x000000008d400000| Complete 
| 213|0x000000008d500000, 0x000000008d600000, 0x000000008d600000|100%| E|CS|TAMS 0x000000008d500000, 0x000000008d500000| Complete 
| 214|0x000000008d600000, 0x000000008d700000, 0x000000008d700000|100%| E|CS|TAMS 0x000000008d600000, 0x000000008d600000| Complete 
| 215|0x000000008d700000, 0x000000008d800000, 0x000000008d800000|100%| E|  |TAMS 0x000000008d700000, 0x000000008d700000| Complete 
| 216|0x000000008d800000, 0x000000008d900000, 0x000000008d900000|100%| E|CS|TAMS 0x000000008d800000, 0x000000008d800000| Complete 
| 217|0x000000008d900000, 0x000000008d9e8190, 0x000000008da00000| 90%| S|CS|TAMS 0x000000008d900000, 0x000000008d900000| Complete 
| 218|0x000000008da00000, 0x000000008db00000, 0x000000008db00000|100%| S|CS|TAMS 0x000000008da00000, 0x000000008da00000| Complete 
| 219|0x000000008db00000, 0x000000008dc00000, 0x000000008dc00000|100%| S|CS|TAMS 0x000000008db00000, 0x000000008db00000| Complete 
| 220|0x000000008dc00000, 0x000000008dd00000, 0x000000008dd00000|100%| S|CS|TAMS 0x000000008dc00000, 0x000000008dc00000| Complete 
| 221|0x000000008dd00000, 0x000000008de00000, 0x000000008de00000|100%| S|CS|TAMS 0x000000008dd00000, 0x000000008dd00000| Complete 
| 222|0x000000008de00000, 0x000000008df00000, 0x000000008df00000|100%| E|CS|TAMS 0x000000008de00000, 0x000000008de00000| Complete 
| 223|0x000000008df00000, 0x000000008e000000, 0x000000008e000000|100%| E|CS|TAMS 0x000000008df00000, 0x000000008df00000| Complete 
| 224|0x000000008e000000, 0x000000008e100000, 0x000000008e100000|100%| E|CS|TAMS 0x000000008e000000, 0x000000008e000000| Complete 
| 225|0x000000008e100000, 0x000000008e200000, 0x000000008e200000|100%| E|CS|TAMS 0x000000008e100000, 0x000000008e100000| Complete 
| 226|0x000000008e200000, 0x000000008e300000, 0x000000008e300000|100%| E|CS|TAMS 0x000000008e200000, 0x000000008e200000| Complete 
| 227|0x000000008e300000, 0x000000008e400000, 0x000000008e400000|100%| E|CS|TAMS 0x000000008e300000, 0x000000008e300000| Complete 
| 228|0x000000008e400000, 0x000000008e500000, 0x000000008e500000|100%| E|CS|TAMS 0x000000008e400000, 0x000000008e400000| Complete 
| 229|0x000000008e500000, 0x000000008e600000, 0x000000008e600000|100%| E|CS|TAMS 0x000000008e500000, 0x000000008e500000| Complete 
| 230|0x000000008e600000, 0x000000008e700000, 0x000000008e700000|100%| E|CS|TAMS 0x000000008e600000, 0x000000008e600000| Complete 
| 231|0x000000008e700000, 0x000000008e800000, 0x000000008e800000|100%| E|CS|TAMS 0x000000008e700000, 0x000000008e700000| Complete 
| 232|0x000000008e800000, 0x000000008e900000, 0x000000008e900000|100%| E|CS|TAMS 0x000000008e800000, 0x000000008e800000| Complete 

Card table byte_map: [0x000001c47c050000,0x000001c47c450000] _byte_map_base: 0x000001c47bc50000

Marking Bits (Prev, Next): (CMBitMap*) 0x000001c46930a1c8, (CMBitMap*) 0x000001c46930a200
 Prev Bits: [0x000001c47c850000, 0x000001c47e850000)
 Next Bits: [0x000001c400000000, 0x000001c402000000)

Polling page: 0x000001c467460000

Metaspace:

Usage:
  Non-class:    103.03 MB capacity,   101.22 MB ( 98%) used,     1.45 MB (  1%) free+waste,   360.06 KB ( <1%) overhead. 
      Class:     15.75 MB capacity,    14.65 MB ( 93%) used,   962.70 KB (  6%) free+waste,   159.56 KB ( <1%) overhead. 
       Both:    118.78 MB capacity,   115.88 MB ( 98%) used,     2.39 MB (  2%) free+waste,   519.63 KB ( <1%) overhead. 

Virtual space:
  Non-class space:      104.00 MB reserved,     103.20 MB (>99%) committed 
      Class space:        1.00 GB reserved,      15.88 MB (  2%) committed 
             Both:        1.10 GB reserved,     119.08 MB ( 11%) committed 

Chunk freelists:
   Non-Class:  142.00 KB
       Class:  128.00 KB
        Both:  270.00 KB

MaxMetaspaceSize: 17179869184.00 GB
CompressedClassSpaceSize: 1.00 GB

CodeHeap 'non-profiled nmethods': size=120064Kb used=8822Kb max_used=10514Kb free=111241Kb
 bounds [0x000001c474710000, 0x000001c475160000, 0x000001c47bc50000]
CodeHeap 'profiled nmethods': size=120000Kb used=32519Kb max_used=37297Kb free=87480Kb
 bounds [0x000001c46d1e0000, 0x000001c46f660000, 0x000001c474710000]
CodeHeap 'non-nmethods': size=5696Kb used=2323Kb max_used=2382Kb free=3372Kb
 bounds [0x000001c46cc50000, 0x000001c46cec0000, 0x000001c46d1e0000]
 total_blobs=16084 nmethods=15123 adapters=872
 compilation: enabled
              stopped_count=0, restarted_count=0
 full_count=0

Compilation events (20 events):
Event: 200.171 Thread 0x000001c47ed7c000 17550       3       java.net.URI::decode (379 bytes)
Event: 200.172 Thread 0x000001c47ed32000 nmethod 17547 0x000001c4747e3210 code [0x000001c4747e33e0, 0x000001c4747e36a8]
Event: 200.172 Thread 0x000001c47ed32000 17548       4       java.nio.charset.CharsetDecoder::reset (11 bytes)
Event: 200.172 Thread 0x000001c47ed32000 nmethod 17548 0x000001c4747e2f10 code [0x000001c4747e30a0, 0x000001c4747e3138]
Event: 200.172 Thread 0x000001c47ed32000 17551  s    4       java.io.BufferedInputStream::read (113 bytes)
Event: 200.176 Thread 0x000001c47ed7c000 nmethod 17550 0x000001c46d6f6890 code [0x000001c46d6f6fa0, 0x000001c46d6fb2d8]
Event: 200.176 Thread 0x000001c47ed7c000 17552       1       org.gradle.internal.classpath.DefaultCachedClasspathTransformer::access$100 (5 bytes)
Event: 200.176 Thread 0x000001c47ed7c000 nmethod 17552 0x000001c4747e2c10 code [0x000001c4747e2dc0, 0x000001c4747e2e58]
Event: 200.183 Thread 0x000001c47ed7c000 17553       3       java.net.URL::equals (24 bytes)
Event: 200.184 Thread 0x000001c47ed7c000 nmethod 17553 0x000001c46d32d990 code [0x000001c46d32db60, 0x000001c46d32df48]
Event: 200.184 Thread 0x000001c47ed7c000 17554       3       java.net.URLStreamHandler::equals (45 bytes)
Event: 200.184 Thread 0x000001c47ed7c000 nmethod 17554 0x000001c46d332610 code [0x000001c46d3327e0, 0x000001c46d332b38]
Event: 200.184 Thread 0x000001c47ed7c000 17555       3       java.net.URLStreamHandler::sameFile (136 bytes)
Event: 200.185 Thread 0x000001c47ed7c000 nmethod 17555 0x000001c46d37a410 code [0x000001c46d37a640, 0x000001c46d37ae48]
Event: 200.185 Thread 0x000001c47ed32000 nmethod 17551 0x000001c4747c1c10 code [0x000001c4747c1e00, 0x000001c4747c2970]
Event: 200.185 Thread 0x000001c47ed32000 17545       4       org.gradle.internal.io.StreamByteBuffer$StreamByteBufferChunk::read (25 bytes)
Event: 200.187 Thread 0x000001c47ed32000 nmethod 17545 0x000001c47475ff90 code [0x000001c474760120, 0x000001c474760238]
Event: 200.187 Thread 0x000001c47ed32000 17549       4       java.nio.charset.CharsetDecoder::implReset (1 bytes)
Event: 200.187 Thread 0x000001c47ed32000 nmethod 17549 0x000001c4747c1990 code [0x000001c4747c1b20, 0x000001c4747c1b78]
Event: 200.197 Thread 0x000001c47ed32000 17556       4       jdk.internal.reflect.ClassFileAssembler::emitConstantPoolMethodref (28 bytes)

GC Heap History (20 events):
Event: 59.703 GC heap before
{Heap before GC invocations=68 (full 0):
 garbage-first heap   total 164864K, used 137898K [0x0000000080000000, 0x0000000100000000)
  region size 1024K, 22 young (22528K), 4 survivors (4096K)
 Metaspace       used 105072K, capacity 107526K, committed 107856K, reserved 1142784K
  class space    used 13482K, capacity 14387K, committed 14464K, reserved 1048576K
}
Event: 59.715 GC heap after
{Heap after GC invocations=69 (full 0):
 garbage-first heap   total 198656K, used 124066K [0x0000000080000000, 0x0000000100000000)
  region size 1024K, 3 young (3072K), 3 survivors (3072K)
 Metaspace       used 105072K, capacity 107526K, committed 107856K, reserved 1142784K
  class space    used 13482K, capacity 14387K, committed 14464K, reserved 1048576K
}
Event: 59.926 GC heap before
{Heap before GC invocations=69 (full 0):
 garbage-first heap   total 198656K, used 153762K [0x0000000080000000, 0x0000000100000000)
  region size 1024K, 32 young (32768K), 3 survivors (3072K)
 Metaspace       used 107529K, capacity 110214K, committed 110416K, reserved 1144832K
  class space    used 13905K, capacity 14897K, committed 14976K, reserved 1048576K
}
Event: 59.936 GC heap after
{Heap after GC invocations=70 (full 0):
 garbage-first heap   total 198656K, used 126498K [0x0000000080000000, 0x0000000100000000)
  region size 1024K, 3 young (3072K), 3 survivors (3072K)
 Metaspace       used 107529K, capacity 110214K, committed 110416K, reserved 1144832K
  class space    used 13905K, capacity 14897K, committed 14976K, reserved 1048576K
}
Event: 60.036 GC heap before
{Heap before GC invocations=70 (full 0):
 garbage-first heap   total 198656K, used 156194K [0x0000000080000000, 0x0000000100000000)
  region size 1024K, 32 young (32768K), 3 survivors (3072K)
 Metaspace       used 107988K, capacity 110627K, committed 110672K, reserved 1144832K
  class space    used 13975K, capacity 14971K, committed 14976K, reserved 1048576K
}
Event: 60.041 GC heap after
{Heap after GC invocations=71 (full 0):
 garbage-first heap   total 198656K, used 126676K [0x0000000080000000, 0x0000000100000000)
  region size 1024K, 3 young (3072K), 3 survivors (3072K)
 Metaspace       used 107988K, capacity 110627K, committed 110672K, reserved 1144832K
  class space    used 13975K, capacity 14971K, committed 14976K, reserved 1048576K
}
Event: 60.234 GC heap before
{Heap before GC invocations=71 (full 0):
 garbage-first heap   total 198656K, used 158420K [0x0000000080000000, 0x0000000100000000)
  region size 1024K, 34 young (34816K), 3 survivors (3072K)
 Metaspace       used 108680K, capacity 111360K, committed 111568K, reserved 1146880K
  class space    used 14072K, capacity 15065K, committed 15104K, reserved 1048576K
}
Event: 60.241 GC heap after
{Heap after GC invocations=72 (full 0):
 garbage-first heap   total 198656K, used 127371K [0x0000000080000000, 0x0000000100000000)
  region size 1024K, 3 young (3072K), 3 survivors (3072K)
 Metaspace       used 108680K, capacity 111360K, committed 111568K, reserved 1146880K
  class space    used 14072K, capacity 15065K, committed 15104K, reserved 1048576K
}
Event: 60.544 GC heap before
{Heap before GC invocations=72 (full 0):
 garbage-first heap   total 198656K, used 160139K [0x0000000080000000, 0x0000000100000000)
  region size 1024K, 35 young (35840K), 3 survivors (3072K)
 Metaspace       used 109336K, capacity 112000K, committed 112208K, reserved 1146880K
  class space    used 14146K, capacity 15147K, committed 15232K, reserved 1048576K
}
Event: 60.551 GC heap after
{Heap after GC invocations=73 (full 0):
 garbage-first heap   total 238592K, used 127724K [0x0000000080000000, 0x0000000100000000)
  region size 1024K, 2 young (2048K), 2 survivors (2048K)
 Metaspace       used 109336K, capacity 112000K, committed 112208K, reserved 1146880K
  class space    used 14146K, capacity 15147K, committed 15232K, reserved 1048576K
}
Event: 61.490 GC heap before
{Heap before GC invocations=73 (full 0):
 garbage-first heap   total 238592K, used 178924K [0x0000000080000000, 0x0000000100000000)
  region size 1024K, 52 young (53248K), 2 survivors (2048K)
 Metaspace       used 111145K, capacity 113918K, committed 114128K, reserved 1148928K
  class space    used 14286K, capacity 15327K, committed 15360K, reserved 1048576K
}
Event: 61.495 GC heap after
{Heap after GC invocations=74 (full 0):
 garbage-first heap   total 238592K, used 128735K [0x0000000080000000, 0x0000000100000000)
  region size 1024K, 3 young (3072K), 3 survivors (3072K)
 Metaspace       used 111145K, capacity 113918K, committed 114128K, reserved 1148928K
  class space    used 14286K, capacity 15327K, committed 15360K, reserved 1048576K
}
Event: 62.191 GC heap before
{Heap before GC invocations=74 (full 0):
 garbage-first heap   total 238592K, used 192223K [0x0000000080000000, 0x0000000100000000)
  region size 1024K, 63 young (64512K), 3 survivors (3072K)
 Metaspace       used 112316K, capacity 115200K, committed 115408K, reserved 1148928K
  class space    used 14399K, capacity 15489K, committed 15616K, reserved 1048576K
}
Event: 62.201 GC heap after
{Heap after GC invocations=75 (full 0):
 garbage-first heap   total 238592K, used 134515K [0x0000000080000000, 0x0000000100000000)
  region size 1024K, 8 young (8192K), 8 survivors (8192K)
 Metaspace       used 112316K, capacity 115200K, committed 115408K, reserved 1148928K
  class space    used 14399K, capacity 15489K, committed 15616K, reserved 1048576K
}
Event: 63.591 GC heap before
{Heap before GC invocations=75 (full 0):
 garbage-first heap   total 238592K, used 192883K [0x0000000080000000, 0x0000000100000000)
  region size 1024K, 65 young (66560K), 8 survivors (8192K)
 Metaspace       used 112673K, capacity 115622K, committed 115920K, reserved 1148928K
  class space    used 14419K, capacity 15491K, committed 15616K, reserved 1048576K
}
Event: 63.598 GC heap after
{Heap after GC invocations=76 (full 0):
 garbage-first heap   total 238592K, used 130867K [0x0000000080000000, 0x0000000100000000)
  region size 1024K, 3 young (3072K), 3 survivors (3072K)
 Metaspace       used 112673K, capacity 115622K, committed 115920K, reserved 1148928K
  class space    used 14419K, capacity 15491K, committed 15616K, reserved 1048576K
}
Event: 64.575 GC heap before
{Heap before GC invocations=76 (full 0):
 garbage-first heap   total 238592K, used 195379K [0x0000000080000000, 0x0000000100000000)
  region size 1024K, 64 young (65536K), 3 survivors (3072K)
 Metaspace       used 114776K, capacity 117767K, committed 117968K, reserved 1150976K
  class space    used 14697K, capacity 15846K, committed 15872K, reserved 1048576K
}
Event: 64.586 GC heap after
{Heap after GC invocations=77 (full 0):
 garbage-first heap   total 238592K, used 134737K [0x0000000080000000, 0x0000000100000000)
  region size 1024K, 6 young (6144K), 6 survivors (6144K)
 Metaspace       used 114776K, capacity 117767K, committed 117968K, reserved 1150976K
  class space    used 14697K, capacity 15846K, committed 15872K, reserved 1048576K
}
Event: 64.975 GC heap before
{Heap before GC invocations=77 (full 0):
 garbage-first heap   total 238592K, used 163409K [0x0000000080000000, 0x0000000100000000)
  region size 1024K, 17 young (17408K), 6 survivors (6144K)
 Metaspace       used 115477K, capacity 118505K, committed 118608K, reserved 1153024K
  class space    used 14789K, capacity 15942K, committed 16000K, reserved 1048576K
}
Event: 64.983 GC heap after
{Heap after GC invocations=78 (full 0):
 garbage-first heap   total 238592K, used 151870K [0x0000000080000000, 0x0000000100000000)
  region size 1024K, 5 young (5120K), 5 survivors (5120K)
 Metaspace       used 115477K, capacity 118505K, committed 118608K, reserved 1153024K
  class space    used 14789K, capacity 15942K, committed 16000K, reserved 1048576K
}

Deoptimization events (20 events):
Event: 200.163 Thread 0x000001c407b1b800 Uncommon trap: trap_request=0xffffffde fr.pc=0x000001c474ca4874 relative=0x00000000000005d4
Event: 200.163 Thread 0x000001c407b1b800 Uncommon trap: reason=class_check action=maybe_recompile pc=0x000001c474ca4874 method=org.gradle.internal.snapshot.SnapshotHierarchy.getSnapshot(Ljava/lang/String;)Ljava/util/Optional; @ 2 c2
Event: 200.163 Thread 0x000001c407b1b800 DEOPT PACKING pc=0x000001c474ca4874 sp=0x000000b6163fbd70
Event: 200.163 Thread 0x000001c407b1b800 DEOPT UNPACKING pc=0x000001c46cc768a9 sp=0x000000b6163fbd28 mode 2
Event: 200.163 Thread 0x000001c407b1b800 Uncommon trap: trap_request=0xffffffde fr.pc=0x000001c474ca4874 relative=0x00000000000005d4
Event: 200.163 Thread 0x000001c407b1b800 Uncommon trap: reason=class_check action=maybe_recompile pc=0x000001c474ca4874 method=org.gradle.internal.snapshot.SnapshotHierarchy.getSnapshot(Ljava/lang/String;)Ljava/util/Optional; @ 2 c2
Event: 200.163 Thread 0x000001c407b1b800 DEOPT PACKING pc=0x000001c474ca4874 sp=0x000000b6163fbc20
Event: 200.163 Thread 0x000001c407b1b800 DEOPT UNPACKING pc=0x000001c46cc768a9 sp=0x000000b6163fbbd8 mode 2
Event: 200.163 Thread 0x000001c407b1b800 Uncommon trap: trap_request=0xffffffde fr.pc=0x000001c474ca4880 relative=0x00000000000005e0
Event: 200.163 Thread 0x000001c407b1b800 Uncommon trap: reason=class_check action=maybe_recompile pc=0x000001c474ca4880 method=org.gradle.internal.vfs.impl.DefaultSnapshotHierarchy.getMetadata(Ljava/lang/String;)Ljava/util/Optional; @ 9 c2
Event: 200.163 Thread 0x000001c407b1b800 DEOPT PACKING pc=0x000001c474ca4880 sp=0x000000b6163fbd70
Event: 200.163 Thread 0x000001c407b1b800 DEOPT UNPACKING pc=0x000001c46cc768a9 sp=0x000000b6163fbcb8 mode 2
Event: 200.163 Thread 0x000001c407b1b800 Uncommon trap: trap_request=0xffffffde fr.pc=0x000001c474ca4880 relative=0x00000000000005e0
Event: 200.163 Thread 0x000001c407b1b800 Uncommon trap: reason=class_check action=maybe_recompile pc=0x000001c474ca4880 method=org.gradle.internal.vfs.impl.DefaultSnapshotHierarchy.getMetadata(Ljava/lang/String;)Ljava/util/Optional; @ 9 c2
Event: 200.163 Thread 0x000001c407b1b800 DEOPT PACKING pc=0x000001c474ca4880 sp=0x000000b6163fbc20
Event: 200.163 Thread 0x000001c407b1b800 DEOPT UNPACKING pc=0x000001c46cc768a9 sp=0x000000b6163fbb68 mode 2
Event: 200.181 Thread 0x000001c407b1b800 Uncommon trap: trap_request=0xffffffd6 fr.pc=0x000001c474e6511c relative=0x0000000000000b7c
Event: 200.181 Thread 0x000001c407b1b800 Uncommon trap: reason=array_check action=maybe_recompile pc=0x000001c474e6511c method=com.google.common.collect.ImmutableSet.construct(I[Ljava/lang/Object;)Lcom/google/common/collect/ImmutableSet; @ 122 c2
Event: 200.181 Thread 0x000001c407b1b800 DEOPT PACKING pc=0x000001c474e6511c sp=0x000000b6163fc400
Event: 200.182 Thread 0x000001c407b1b800 DEOPT UNPACKING pc=0x000001c46cc768a9 sp=0x000000b6163fc398 mode 2

Classes redefined (0 events):
No events

Internal exceptions (20 events):
Event: 64.595 Thread 0x000001c408023800 Exception <a 'java/lang/NoSuchMethodError'{0x000000008e85c038}: 'java.lang.Object java.lang.invoke.DirectMethodHandle$Holder.invokeSpecial(java.lang.Object, java.lang.Object, java.lang.Object, java.lang.Object, java.lang.Object, java.lang.Object, java.lang.Object, java.lang.Object, int)'> (0x000000008e85c038) thrown at [./src/hotspot/share/interpreter/linkResolver.cpp, line 773]
Event: 64.595 Thread 0x000001c408023800 Exception <a 'java/lang/NoSuchMethodError'{0x000000008e85f6d0}: 'java.lang.Object java.lang.invoke.Invokers$Holder.linkToTargetMethod(java.lang.Object, java.lang.Object, java.lang.Object, java.lang.Object, java.lang.Object, java.lang.Object, int, java.lang.Object)'> (0x000000008e85f6d0) thrown at [./src/hotspot/share/interpreter/linkResolver.cpp, line 773]
Event: 64.706 Thread 0x000001c408023800 Exception <a 'sun/nio/fs/WindowsException'{0x000000008e1cf4f0}> (0x000000008e1cf4f0) thrown at [./src/hotspot/share/prims/jni.cpp, line 615]
Event: 64.706 Thread 0x000001c408023800 Exception <a 'sun/nio/fs/WindowsException'{0x000000008e1cf570}> (0x000000008e1cf570) thrown at [./src/hotspot/share/prims/jni.cpp, line 615]
Event: 65.466 Thread 0x000001c40489f800 Exception <a 'java/lang/NoSuchMethodError'{0x000000008e3430e8}: 'java.lang.Object java.lang.invoke.DirectMethodHandle$Holder.invokeSpecial(java.lang.Object, java.lang.Object, java.lang.Object, int, int, java.lang.Object, java.lang.Object)'> (0x000000008e3430e8) thrown at [./src/hotspot/share/interpreter/linkResolver.cpp, line 773]
Event: 65.467 Thread 0x000001c40489f800 Exception <a 'java/lang/NoSuchMethodError'{0x000000008e35d9f0}: 'java.lang.Object java.lang.invoke.DirectMethodHandle$Holder.invokeStatic(java.lang.Object, java.lang.Object, java.lang.Object, int, int, java.lang.Object)'> (0x000000008e35d9f0) thrown at [./src/hotspot/share/interpreter/linkResolver.cpp, line 773]
Event: 65.467 Thread 0x000001c40489f800 Exception <a 'java/lang/NoSuchMethodError'{0x000000008e361710}: 'java.lang.Object java.lang.invoke.DirectMethodHandle$Holder.invokeSpecial(java.lang.Object, java.lang.Object, java.lang.Object, java.lang.Object, int, int, java.lang.Object)'> (0x000000008e361710) thrown at [./src/hotspot/share/interpreter/linkResolver.cpp, line 773]
Event: 65.467 Thread 0x000001c40489f800 Exception <a 'java/lang/NoSuchMethodError'{0x000000008e3764e8}: 'java.lang.Object java.lang.invoke.Invokers$Holder.linkToTargetMethod(java.lang.Object, java.lang.Object, int, int, java.lang.Object, java.lang.Object)'> (0x000000008e3764e8) thrown at [./src/hotspot/share/interpreter/linkResolver.cpp, line 773]
Event: 65.469 Thread 0x000001c40489f800 Implicit null exception at 0x000001c474ecc21a to 0x000001c474ecd008
Event: 65.611 Thread 0x000001c40489f800 Implicit null exception at 0x000001c474c297e7 to 0x000001c474c29b9c
Event: 200.131 Thread 0x000001c407b1b000 Exception <a 'java/lang/NoSuchMethodError'{0x000000008cf1d5f8}: <clinit>> (0x000000008cf1d5f8) thrown at [./src/hotspot/share/prims/jni.cpp, line 1362]
Event: 200.131 Thread 0x000001c407b1b000 Exception <a 'java/lang/NoSuchMethodError'{0x000000008cf28de0}: <clinit>> (0x000000008cf28de0) thrown at [./src/hotspot/share/prims/jni.cpp, line 1362]
Event: 200.132 Thread 0x000001c407b1b000 Exception <a 'java/lang/NoSuchMethodError'{0x000000008cf3ba50}: <clinit>> (0x000000008cf3ba50) thrown at [./src/hotspot/share/prims/jni.cpp, line 1362]
Event: 200.132 Thread 0x000001c407b1b000 Exception <a 'java/lang/NoSuchMethodError'{0x000000008cf444b8}: <clinit>> (0x000000008cf444b8) thrown at [./src/hotspot/share/prims/jni.cpp, line 1362]
Event: 200.133 Thread 0x000001c407b1b000 Exception <a 'java/lang/NoSuchMethodError'{0x000000008cf4e130}: <clinit>> (0x000000008cf4e130) thrown at [./src/hotspot/share/prims/jni.cpp, line 1362]
Event: 200.134 Thread 0x000001c407b1b000 Exception <a 'java/lang/NoSuchMethodError'{0x000000008cf63548}: <clinit>> (0x000000008cf63548) thrown at [./src/hotspot/share/prims/jni.cpp, line 1362]
Event: 200.160 Thread 0x000001c407b1b800 Implicit null exception at 0x000001c474c3af2f to 0x000001c474c3af7c
Event: 200.160 Thread 0x000001c407b1b800 Implicit null exception at 0x000001c474cbdd29 to 0x000001c474cbdfc0
Event: 200.160 Thread 0x000001c407b1b800 Implicit null exception at 0x000001c474bfae3f to 0x000001c474bfb7dc
Event: 200.160 Thread 0x000001c407b1b800 Implicit null exception at 0x000001c474f61e52 to 0x000001c474f6570c

Events (20 events):
Event: 200.196 Thread 0x000001c47f70a000 flushing nmethod 0x000001c46e340810
Event: 200.197 Thread 0x000001c47f70a000 flushing nmethod 0x000001c46e345390
Event: 200.197 Thread 0x000001c47f70a000 flushing nmethod 0x000001c46e352190
Event: 200.197 Thread 0x000001c47f70a000 flushing nmethod 0x000001c46e353310
Event: 200.197 Thread 0x000001c47f70a000 flushing nmethod 0x000001c46e35b090
Event: 200.197 Thread 0x000001c47f70a000 flushing nmethod 0x000001c46e35d110
Event: 200.197 Thread 0x000001c47f70a000 flushing nmethod 0x000001c46e361590
Event: 200.197 Thread 0x000001c47f70a000 flushing nmethod 0x000001c46e367b90
Event: 200.197 loading class org/gradle/tooling/internal/protocol/InternalBuildActionVersion2
Event: 200.197 loading class org/gradle/tooling/internal/protocol/InternalBuildActionVersion2 done
Event: 200.197 Thread 0x000001c47f70a000 flushing nmethod 0x000001c46e37f990
Event: 200.197 loading class org/gradle/tooling/internal/protocol/InternalBuildActionVersion2
Event: 200.197 loading class org/gradle/tooling/internal/protocol/InternalBuildActionVersion2 done
Event: 200.197 Thread 0x000001c47f70a000 flushing nmethod 0x000001c46e3a4410
Event: 200.197 Thread 0x000001c47f70a000 flushing nmethod 0x000001c46e3bc310
Event: 200.197 Thread 0x000001c47f70a000 flushing nmethod 0x000001c46e3c9c10
Event: 200.197 Thread 0x000001c47f70a000 flushing nmethod 0x000001c46e412190
Event: 200.197 Thread 0x000001c47f70a000 flushing nmethod 0x000001c46e468e10
Event: 200.197 Thread 0x000001c47f70a000 flushing nmethod 0x000001c46e46e090
Event: 200.197 Thread 0x000001c47f70a000 flushing nmethod 0x000001c46e4a8b10


Dynamic libraries:
0x00007ff6371a0000 - 0x00007ff6371aa000 	C:\Program Files\Android\Android Studio\jre\bin\java.exe
0x00007fff5aab0000 - 0x00007fff5aca5000 	C:\Windows\SYSTEM32\ntdll.dll
0x00007fff59ba0000 - 0x00007fff59c5e000 	C:\Windows\System32\KERNEL32.DLL
0x00007fff58800000 - 0x00007fff58ac9000 	C:\Windows\System32\KERNELBASE.dll
0x00007fff583b0000 - 0x00007fff584b0000 	C:\Windows\System32\ucrtbase.dll
0x00007fff398d0000 - 0x00007fff398e9000 	C:\Program Files\Android\Android Studio\jre\bin\jli.dll
0x00007fff5a790000 - 0x00007fff5a931000 	C:\Windows\System32\USER32.dll
0x00007fff398b0000 - 0x00007fff398c7000 	C:\Program Files\Android\Android Studio\jre\bin\VCRUNTIME140.dll
0x00007fff58ad0000 - 0x00007fff58af2000 	C:\Windows\System32\win32u.dll
0x00007fff57660000 - 0x00007fff578fa000 	C:\Windows\WinSxS\amd64_microsoft.windows.common-controls_6595b64144ccf1df_6.0.19041.1110_none_60b5254171f9507e\COMCTL32.dll
0x00007fff59430000 - 0x00007fff5945b000 	C:\Windows\System32\GDI32.dll
0x00007fff591e0000 - 0x00007fff5927e000 	C:\Windows\System32\msvcrt.dll
0x00007fff584b0000 - 0x00007fff585bb000 	C:\Windows\System32\gdi32full.dll
0x00007fff58280000 - 0x00007fff5831d000 	C:\Windows\System32\msvcp_win.dll
0x00007fff5a510000 - 0x00007fff5a540000 	C:\Windows\System32\IMM32.DLL
0x00007fff382e0000 - 0x00007fff3837d000 	C:\Program Files\Android\Android Studio\jre\bin\msvcp140.dll
0x00007fff0d310000 - 0x00007fff0ddcc000 	C:\Program Files\Android\Android Studio\jre\bin\server\jvm.dll
0x00007fff59370000 - 0x00007fff5941c000 	C:\Windows\System32\ADVAPI32.dll
0x00007fff59f60000 - 0x00007fff59ffb000 	C:\Windows\System32\sechost.dll
0x00007fff5a540000 - 0x00007fff5a66a000 	C:\Windows\System32\RPCRT4.dll
0x00007fff58b80000 - 0x00007fff58b88000 	C:\Windows\System32\PSAPI.DLL
0x00007fff2f090000 - 0x00007fff2f0b7000 	C:\Windows\SYSTEM32\WINMM.dll
0x00007fff362f0000 - 0x00007fff362f9000 	C:\Windows\SYSTEM32\WSOCK32.dll
0x00007fff59c60000 - 0x00007fff59ccb000 	C:\Windows\System32\WS2_32.dll
0x00007fff51700000 - 0x00007fff5170a000 	C:\Windows\SYSTEM32\VERSION.dll
0x00007fff55420000 - 0x00007fff55432000 	C:\Windows\SYSTEM32\kernel.appcore.dll
0x00007fff10ec0000 - 0x00007fff10ed1000 	C:\Program Files\Android\Android Studio\jre\bin\verify.dll
0x00007fff57af0000 - 0x00007fff57cd4000 	C:\Windows\SYSTEM32\DBGHELP.DLL
0x00007fff57ac0000 - 0x00007fff57aec000 	C:\Windows\SYSTEM32\dbgcore.DLL
0x00007fff58720000 - 0x00007fff587a3000 	C:\Windows\System32\bcryptPrimitives.dll
0x00007fff10e90000 - 0x00007fff10eb9000 	C:\Program Files\Android\Android Studio\jre\bin\java.dll
0x00007fff2b600000 - 0x00007fff2b60b000 	C:\Program Files\Android\Android Studio\jre\bin\jimage.dll
0x00007fff10e70000 - 0x00007fff10e88000 	C:\Program Files\Android\Android Studio\jre\bin\zip.dll
0x00007fff59460000 - 0x00007fff59b9f000 	C:\Windows\System32\SHELL32.dll
0x00007fff55ca0000 - 0x00007fff56430000 	C:\Windows\SYSTEM32\windows.storage.dll
0x00007fff5a0e0000 - 0x00007fff5a435000 	C:\Windows\System32\combase.dll
0x00007fff573a0000 - 0x00007fff573cc000 	C:\Windows\SYSTEM32\Wldp.dll
0x00007fff58c50000 - 0x00007fff58cfe000 	C:\Windows\System32\SHCORE.dll
0x00007fff58bf0000 - 0x00007fff58c45000 	C:\Windows\System32\shlwapi.dll
0x00007fff58110000 - 0x00007fff5812f000 	C:\Windows\SYSTEM32\profapi.dll
0x00007fff10e50000 - 0x00007fff10e6a000 	C:\Program Files\Android\Android Studio\jre\bin\net.dll
0x00007fff46560000 - 0x00007fff46668000 	C:\Windows\SYSTEM32\WINHTTP.dll
0x00007fff57210000 - 0x00007fff5727a000 	C:\Windows\system32\mswsock.dll
0x00007fff10e30000 - 0x00007fff10e44000 	C:\Program Files\Android\Android Studio\jre\bin\nio.dll
0x00007fff398f0000 - 0x00007fff39917000 	C:\Users\User\.gradle\native\fdc75f09e3144964f2cf3f50f0aa648679c211496f362492102eb8c894070792\windows-amd64\native-platform.dll
0x00007fff36320000 - 0x00007fff364b6000 	C:\Users\User\.gradle\native\12488b8bf47d2d4c9fbf2f6322a914ad602e24e48041cd04a747c6da556b65c4\windows-amd64\native-platform-file-events.dll
0x00007fff1f260000 - 0x00007fff1f26a000 	C:\Program Files\Android\Android Studio\jre\bin\management.dll
0x00007fff10ff0000 - 0x00007fff10ffc000 	C:\Program Files\Android\Android Studio\jre\bin\management_ext.dll
0x00007fff57e80000 - 0x00007fff57e98000 	C:\Windows\SYSTEM32\CRYPTSP.dll
0x00007fff56bd0000 - 0x00007fff56c04000 	C:\Windows\system32\rsaenh.dll
0x00007fff58320000 - 0x00007fff58347000 	C:\Windows\System32\bcrypt.dll
0x00007fff580d0000 - 0x00007fff580fe000 	C:\Windows\SYSTEM32\USERENV.dll
0x00007fff57450000 - 0x00007fff5745c000 	C:\Windows\SYSTEM32\CRYPTBASE.dll
0x00007fff56f20000 - 0x00007fff56f5b000 	C:\Windows\SYSTEM32\IPHLPAPI.DLL
0x00007fff59420000 - 0x00007fff59428000 	C:\Windows\System32\NSI.dll
0x00007fff50b70000 - 0x00007fff50b87000 	C:\Windows\SYSTEM32\dhcpcsvc6.DLL
0x00007fff51170000 - 0x00007fff5118d000 	C:\Windows\SYSTEM32\dhcpcsvc.DLL
0x00007fff56f60000 - 0x00007fff5702c000 	C:\Windows\SYSTEM32\DNSAPI.dll
0x00007fff51350000 - 0x00007fff5135b000 	C:\Windows\SYSTEM32\WINNSI.DLL
0x00007fff39890000 - 0x00007fff398ae000 	C:\Users\User\AppData\Local\Temp\native-platform17228603167316662754dir\native-platform.dll
0x00007fff54f00000 - 0x00007fff54f08000 	C:\Program Files\Android\Android Studio\jre\bin\rmi.dll
0x00007fff0cee0000 - 0x00007fff0cf07000 	C:\Program Files\Android\Android Studio\jre\bin\sunec.dll

dbghelp: loaded successfully - version: 4.0.5 - missing functions: none
symbol engine: initialized successfully - sym options: 0x614 - pdb path: .;C:\Program Files\Android\Android Studio\jre\bin;C:\Windows\SYSTEM32;C:\Windows\WinSxS\amd64_microsoft.windows.common-controls_6595b64144ccf1df_6.0.19041.1110_none_60b5254171f9507e;C:\Program Files\Android\Android Studio\jre\bin\server;C:\Users\User\.gradle\native\fdc75f09e3144964f2cf3f50f0aa648679c211496f362492102eb8c894070792\windows-amd64;C:\Users\User\.gradle\native\12488b8bf47d2d4c9fbf2f6322a914ad602e24e48041cd04a747c6da556b65c4\windows-amd64;C:\Users\User\AppData\Local\Temp\native-platform17228603167316662754dir

VM Arguments:
jvm_args: --add-opens=java.base/java.util=ALL-UNNAMED --add-opens=java.base/java.lang=ALL-UNNAMED --add-opens=java.base/java.lang.invoke=ALL-UNNAMED --add-opens=java.prefs/java.util.prefs=ALL-UNNAMED -Xmx2048m -Dfile.encoding=UTF-8 -Duser.country=RU -Duser.language=ru -Duser.variant 
java_command: org.gradle.launcher.daemon.bootstrap.GradleDaemon 6.7.1
java_class_path (initial): C:\Users\User\.gradle\wrapper\dists\gradle-6.7.1-bin\bwlcbys1h7rz3272sye1xwiv6\gradle-6.7.1\lib\gradle-launcher-6.7.1.jar
Launcher Type: SUN_STANDARD

[Global flags]
     intx CICompilerCount                          = 3                                         {product} {ergonomic}
     uint ConcGCThreads                            = 1                                         {product} {ergonomic}
     uint G1ConcRefinementThreads                  = 4                                         {product} {ergonomic}
   size_t G1HeapRegionSize                         = 1048576                                   {product} {ergonomic}
    uintx GCDrainStackTargetSize                   = 64                                        {product} {ergonomic}
   size_t InitialHeapSize                          = 96468992                                  {product} {ergonomic}
   size_t MarkStackSize                            = 4194304                                   {product} {ergonomic}
   size_t MaxHeapSize                              = 2147483648                                {product} {command line}
   size_t MaxNewSize                               = 1287651328                                {product} {ergonomic}
   size_t MinHeapDeltaBytes                        = 1048576                                   {product} {ergonomic}
    uintx NonNMethodCodeHeapSize                   = 5830732                                {pd product} {ergonomic}
    uintx NonProfiledCodeHeapSize                  = 122913754                              {pd product} {ergonomic}
    uintx ProfiledCodeHeapSize                     = 122913754                              {pd product} {ergonomic}
    uintx ReservedCodeCacheSize                    = 251658240                              {pd product} {ergonomic}
     bool SegmentedCodeCache                       = true                                      {product} {ergonomic}
     bool UseCompressedClassPointers               = true                                 {lp64_product} {ergonomic}
     bool UseCompressedOops                        = true                                 {lp64_product} {ergonomic}
     bool UseG1GC                                  = true                                      {product} {ergonomic}
     bool UseLargePagesIndividualAllocation        = false                                  {pd product} {ergonomic}

Logging:
Log output configuration:
 #0: stdout all=warning uptime,level,tags
 #1: stderr all=off uptime,level,tags

Environment Variables:
PATH=C:\Program Files (x86)\Intel\Intel(R) Management Engine Components\iCLS\;C:\Program Files\Intel\Intel(R) Management Engine Components\iCLS\;C:\Windows\system32;C:\Windows;C:\Windows\System32\Wbem;C:\Windows\System32\WindowsPowerShell\v1.0\;C:\Windows\System32\OpenSSH\;C:\Program Files (x86)\Intel\Intel(R) Management Engine Components\DAL;C:\Program Files\Intel\Intel(R) Management Engine Components\DAL;C:\Program Files (x86)\Intel\Intel(R) Management Engine Components\IPT;C:\Program Files\Intel\Intel(R) Management Engine Components\IPT;C:\Program Files\Git\cmd;C:\Users\User\AppData\Local\Microsoft\WindowsApps;
USERNAME=User
OS=Windows_NT
PROCESSOR_IDENTIFIER=Intel64 Family 6 Model 158 Stepping 10, GenuineIntel



---------------  S Y S T E M  ---------------

OS: Windows 10 , 64 bit Build 19041 (10.0.19041.1202)
OS uptime: 0 days 0:04 hours

CPU:total 4 (initial active 4) (2 cores per cpu, 2 threads per core) family 6 model 158 stepping 10, cmov, cx8, fxsr, mmx, sse, sse2, sse3, ssse3, sse4.1, sse4.2, popcnt, aes, clmul, erms, 3dnowpref, lzcnt, ht, tsc, tscinvbit

Memory: 4k page, system-wide physical 5853M (1051M free)
TotalPageFile size 8285M (AvailPageFile size 3157M)
current process WorkingSet (physical memory assigned to process): 518M, peak: 591M
current process commit charge ("private bytes"): 547M, peak: 624M

vm_info: OpenJDK 64-Bit Server VM (11.0.8+10-b944.6842174) for windows-amd64 JRE (11.0.8+10-b944.6842174), built on Sep 19 2020 01:11:42 by "builder" with MS VC++ 14.0 (VS2015)

END.
